[BM][Start Stack Trace][org.apache.hadoop.hdfs.server.blockmanagement.BlockManager$ReplicationMonitor@72bc6553]
[BM][Start Stack Trace][org.apache.hadoop.hdfs.server.blockmanagement.BlockManager$ReplicationMonitor@72bc6553]
org.apache.hadoop.hdfs.server.blockmanagement.BlockPlacementPolicyDefault.chooseTarget(BlockPlacementPolicyDefault.java)
org.apache.hadoop.hdfs.server.blockmanagement.BlockPlacementPolicyDefault.chooseTarget(BlockPlacementPolicyDefault.java:217)
org.apache.hadoop.hdfs.server.blockmanagement.BlockPlacementPolicyDefault.chooseTarget(BlockPlacementPolicyDefault.java:122)
org.apache.hadoop.hdfs.server.blockmanagement.BlockManager$ReplicationWork.chooseTargets(BlockManager.java:3540)
org.apache.hadoop.hdfs.server.blockmanagement.BlockManager$ReplicationWork.access$200(BlockManager.java:3508)
org.apache.hadoop.hdfs.server.blockmanagement.BlockManager.computeReplicationWorkForBlocks(BlockManager.java:1370)
org.apache.hadoop.hdfs.server.blockmanagement.BlockManager.computeReplicationWork(BlockManager.java:1265)
org.apache.hadoop.hdfs.server.blockmanagement.BlockManager.computeDatanodeWork(BlockManager.java:3481)
org.apache.hadoop.hdfs.server.blockmanagement.BlockManager$ReplicationMonitor.run(BlockManager.java:3435)
java.lang.Thread.run(Thread.java:748)
[BM][End Stack Trace][org.apache.hadoop.hdfs.server.blockmanagement.BlockManager$ReplicationMonitor@72bc6553]
[BM][End Stack Trace][org.apache.hadoop.hdfs.server.blockmanagement.BlockManager$ReplicationMonitor@72bc6553]
[BM][org.apache.hadoop.hdfs.server.blockmanagement.BlockManager$ReplicationMonitor@72bc6553]ID=3,100000000
[BM][org.apache.hadoop.hdfs.server.blockmanagement.BlockManager$ReplicationMonitor@72bc6553]ID=2,100000000
[BM][org.apache.hadoop.hdfs.server.blockmanagement.BlockManager$ReplicationMonitor@72bc6553]ID=1,100000000
[BM][org.apache.hadoop.hdfs.server.blockmanagement.BlockManager$ReplicationMonitor@72bc6553]ID=100,0
[BM][Start Stack Trace][org.apache.hadoop.hdfs.server.blockmanagement.BlockManager$ReplicationMonitor@72bc6553]
[BM][Start Stack Trace][org.apache.hadoop.hdfs.server.blockmanagement.BlockManager$ReplicationMonitor@72bc6553]
org.apache.hadoop.hdfs.server.blockmanagement.BlockPlacementPolicyDefault.chooseTarget(BlockPlacementPolicyDefault.java)
org.apache.hadoop.hdfs.server.blockmanagement.BlockPlacementPolicyDefault.chooseTarget(BlockPlacementPolicyDefault.java:217)
org.apache.hadoop.hdfs.server.blockmanagement.BlockPlacementPolicyDefault.chooseTarget(BlockPlacementPolicyDefault.java:122)
org.apache.hadoop.hdfs.server.blockmanagement.BlockManager$ReplicationWork.chooseTargets(BlockManager.java:3540)
org.apache.hadoop.hdfs.server.blockmanagement.BlockManager$ReplicationWork.access$200(BlockManager.java:3508)
org.apache.hadoop.hdfs.server.blockmanagement.BlockManager.computeReplicationWorkForBlocks(BlockManager.java:1370)
org.apache.hadoop.hdfs.server.blockmanagement.BlockManager.computeReplicationWork(BlockManager.java:1265)
org.apache.hadoop.hdfs.server.blockmanagement.BlockManager.computeDatanodeWork(BlockManager.java:3481)
org.apache.hadoop.hdfs.server.blockmanagement.BlockManager$ReplicationMonitor.run(BlockManager.java:3435)
java.lang.Thread.run(Thread.java:748)
[BM][End Stack Trace][org.apache.hadoop.hdfs.server.blockmanagement.BlockManager$ReplicationMonitor@72bc6553]
[BM][End Stack Trace][org.apache.hadoop.hdfs.server.blockmanagement.BlockManager$ReplicationMonitor@72bc6553]
[BM][org.apache.hadoop.hdfs.server.blockmanagement.BlockManager$ReplicationMonitor@72bc6553]ID=3,100000000
[BM][org.apache.hadoop.hdfs.server.blockmanagement.BlockManager$ReplicationMonitor@72bc6553]ID=2,100000000
[BM][org.apache.hadoop.hdfs.server.blockmanagement.BlockManager$ReplicationMonitor@72bc6553]ID=1,100000000
[BM][org.apache.hadoop.hdfs.server.blockmanagement.BlockManager$ReplicationMonitor@72bc6553]ID=100,0
[BM][Start Stack Trace][org.apache.hadoop.hdfs.server.blockmanagement.BlockManager$ReplicationMonitor@72bc6553]
[BM][Start Stack Trace][org.apache.hadoop.hdfs.server.blockmanagement.BlockManager$ReplicationMonitor@72bc6553]
org.apache.hadoop.hdfs.server.blockmanagement.BlockPlacementPolicyDefault.chooseTarget(BlockPlacementPolicyDefault.java)
org.apache.hadoop.hdfs.server.blockmanagement.BlockPlacementPolicyDefault.chooseTarget(BlockPlacementPolicyDefault.java:217)
org.apache.hadoop.hdfs.server.blockmanagement.BlockPlacementPolicyDefault.chooseTarget(BlockPlacementPolicyDefault.java:122)
org.apache.hadoop.hdfs.server.blockmanagement.BlockManager$ReplicationWork.chooseTargets(BlockManager.java:3540)
org.apache.hadoop.hdfs.server.blockmanagement.BlockManager$ReplicationWork.access$200(BlockManager.java:3508)
org.apache.hadoop.hdfs.server.blockmanagement.BlockManager.computeReplicationWorkForBlocks(BlockManager.java:1370)
org.apache.hadoop.hdfs.server.blockmanagement.BlockManager.computeReplicationWork(BlockManager.java:1265)
org.apache.hadoop.hdfs.server.blockmanagement.BlockManager.computeDatanodeWork(BlockManager.java:3481)
org.apache.hadoop.hdfs.server.blockmanagement.BlockManager$ReplicationMonitor.run(BlockManager.java:3435)
java.lang.Thread.run(Thread.java:748)
[BM][End Stack Trace][org.apache.hadoop.hdfs.server.blockmanagement.BlockManager$ReplicationMonitor@72bc6553]
[BM][End Stack Trace][org.apache.hadoop.hdfs.server.blockmanagement.BlockManager$ReplicationMonitor@72bc6553]
[BM][org.apache.hadoop.hdfs.server.blockmanagement.BlockManager$ReplicationMonitor@72bc6553]ID=3,100000000
[BM][org.apache.hadoop.hdfs.server.blockmanagement.BlockManager$ReplicationMonitor@72bc6553]ID=2,100000000
[BM][org.apache.hadoop.hdfs.server.blockmanagement.BlockManager$ReplicationMonitor@72bc6553]ID=1,100000000
[BM][org.apache.hadoop.hdfs.server.blockmanagement.BlockManager$ReplicationMonitor@72bc6553]ID=100,0
[BM][Start Stack Trace][IPC Server handler 39 on 9000]
[BM][Start Stack Trace][IPC Server handler 39 on 9000]
org.apache.hadoop.hdfs.server.blockmanagement.BlockPlacementPolicyDefault.chooseTarget(BlockPlacementPolicyDefault.java)
org.apache.hadoop.hdfs.server.blockmanagement.BlockPlacementPolicyDefault.chooseTarget(BlockPlacementPolicyDefault.java:217)
org.apache.hadoop.hdfs.server.blockmanagement.BlockPlacementPolicyDefault.chooseTarget(BlockPlacementPolicyDefault.java:122)
org.apache.hadoop.hdfs.server.blockmanagement.BlockPlacementPolicyDefault.chooseTarget(BlockPlacementPolicyDefault.java:137)
org.apache.hadoop.hdfs.server.blockmanagement.BlockManager.chooseTarget(BlockManager.java:1488)
org.apache.hadoop.hdfs.server.namenode.FSNamesystem.getAdditionalBlock(FSNamesystem.java:2799)
org.apache.hadoop.hdfs.server.namenode.NameNodeRpcServer.addBlock(NameNodeRpcServer.java:606)
org.apache.hadoop.hdfs.protocolPB.ClientNamenodeProtocolServerSideTranslatorPB.addBlock(ClientNamenodeProtocolServerSideTranslatorPB.java:455)
org.apache.hadoop.hdfs.protocol.proto.ClientNamenodeProtocolProtos$ClientNamenodeProtocol$2.callBlockingMethod(ClientNamenodeProtocolProtos.java)
org.apache.hadoop.ipc.ProtobufRpcEngine$Server$ProtoBufRpcInvoker.call(ProtobufRpcEngine.java:585)
org.apache.hadoop.ipc.RPC$Server.call(RPC.java:928)
org.apache.hadoop.ipc.Server$Handler$1.run(Server.java:2013)
org.apache.hadoop.ipc.Server$Handler$1.run(Server.java:2009)
java.security.AccessController.doPrivileged(Native Method)
javax.security.auth.Subject.doAs(Subject.java:422)
org.apache.hadoop.security.UserGroupInformation.doAs(UserGroupInformation.java:1614)
org.apache.hadoop.ipc.Server$Handler.run(Server.java:2009)
[BM][End Stack Trace][IPC Server handler 39 on 9000]
[BM][End Stack Trace][IPC Server handler 39 on 9000]
[BM][IPC Server handler 39 on 9000]ID=3,134217728
[BM][IPC Server handler 39 on 9000]ID=2,134217728
[BM][IPC Server handler 39 on 9000]ID=1,134217728
[BM][IPC Server handler 39 on 9000]ID=100,0
[BM][IPC Server handler 39 on 9000]ID=100,0
[BM][IPC Server handler 39 on 9000]ID=100,0
[BM][Start Stack Trace][IPC Server handler 18 on 9000]
[BM][Start Stack Trace][IPC Server handler 18 on 9000]
org.apache.hadoop.hdfs.server.blockmanagement.BlockPlacementPolicyDefault.chooseTarget(BlockPlacementPolicyDefault.java)
org.apache.hadoop.hdfs.server.blockmanagement.BlockPlacementPolicyDefault.chooseTarget(BlockPlacementPolicyDefault.java:217)
org.apache.hadoop.hdfs.server.blockmanagement.BlockPlacementPolicyDefault.chooseTarget(BlockPlacementPolicyDefault.java:122)
org.apache.hadoop.hdfs.server.blockmanagement.BlockPlacementPolicyDefault.chooseTarget(BlockPlacementPolicyDefault.java:137)
org.apache.hadoop.hdfs.server.blockmanagement.BlockManager.chooseTarget(BlockManager.java:1488)
org.apache.hadoop.hdfs.server.namenode.FSNamesystem.getAdditionalBlock(FSNamesystem.java:2799)
org.apache.hadoop.hdfs.server.namenode.NameNodeRpcServer.addBlock(NameNodeRpcServer.java:606)
org.apache.hadoop.hdfs.protocolPB.ClientNamenodeProtocolServerSideTranslatorPB.addBlock(ClientNamenodeProtocolServerSideTranslatorPB.java:455)
org.apache.hadoop.hdfs.protocol.proto.ClientNamenodeProtocolProtos$ClientNamenodeProtocol$2.callBlockingMethod(ClientNamenodeProtocolProtos.java)
org.apache.hadoop.ipc.ProtobufRpcEngine$Server$ProtoBufRpcInvoker.call(ProtobufRpcEngine.java:585)
org.apache.hadoop.ipc.RPC$Server.call(RPC.java:928)
org.apache.hadoop.ipc.Server$Handler$1.run(Server.java:2013)
org.apache.hadoop.ipc.Server$Handler$1.run(Server.java:2009)
java.security.AccessController.doPrivileged(Native Method)
javax.security.auth.Subject.doAs(Subject.java:422)
org.apache.hadoop.security.UserGroupInformation.doAs(UserGroupInformation.java:1614)
org.apache.hadoop.ipc.Server$Handler.run(Server.java:2009)
[BM][End Stack Trace][IPC Server handler 18 on 9000]
[BM][End Stack Trace][IPC Server handler 18 on 9000]
[BM][IPC Server handler 18 on 9000]ID=3,134217728
[BM][IPC Server handler 18 on 9000]ID=2,134217728
[BM][IPC Server handler 18 on 9000]ID=1,134217728
[BM][IPC Server handler 18 on 9000]ID=100,0
[BM][IPC Server handler 18 on 9000]ID=100,0
[BM][IPC Server handler 18 on 9000]ID=100,0
[BM][Start Stack Trace][IPC Server handler 49 on 9000]
[BM][Start Stack Trace][IPC Server handler 49 on 9000]
org.apache.hadoop.hdfs.server.blockmanagement.BlockPlacementPolicyDefault.chooseTarget(BlockPlacementPolicyDefault.java)
org.apache.hadoop.hdfs.server.blockmanagement.BlockPlacementPolicyDefault.chooseTarget(BlockPlacementPolicyDefault.java:217)
org.apache.hadoop.hdfs.server.blockmanagement.BlockPlacementPolicyDefault.chooseTarget(BlockPlacementPolicyDefault.java:122)
org.apache.hadoop.hdfs.server.blockmanagement.BlockPlacementPolicyDefault.chooseTarget(BlockPlacementPolicyDefault.java:137)
org.apache.hadoop.hdfs.server.blockmanagement.BlockManager.chooseTarget(BlockManager.java:1488)
org.apache.hadoop.hdfs.server.namenode.FSNamesystem.getAdditionalBlock(FSNamesystem.java:2799)
org.apache.hadoop.hdfs.server.namenode.NameNodeRpcServer.addBlock(NameNodeRpcServer.java:606)
org.apache.hadoop.hdfs.protocolPB.ClientNamenodeProtocolServerSideTranslatorPB.addBlock(ClientNamenodeProtocolServerSideTranslatorPB.java:455)
org.apache.hadoop.hdfs.protocol.proto.ClientNamenodeProtocolProtos$ClientNamenodeProtocol$2.callBlockingMethod(ClientNamenodeProtocolProtos.java)
org.apache.hadoop.ipc.ProtobufRpcEngine$Server$ProtoBufRpcInvoker.call(ProtobufRpcEngine.java:585)
org.apache.hadoop.ipc.RPC$Server.call(RPC.java:928)
org.apache.hadoop.ipc.Server$Handler$1.run(Server.java:2013)
org.apache.hadoop.ipc.Server$Handler$1.run(Server.java:2009)
java.security.AccessController.doPrivileged(Native Method)
javax.security.auth.Subject.doAs(Subject.java:422)
org.apache.hadoop.security.UserGroupInformation.doAs(UserGroupInformation.java:1614)
org.apache.hadoop.ipc.Server$Handler.run(Server.java:2009)
[BM][End Stack Trace][IPC Server handler 49 on 9000]
[BM][End Stack Trace][IPC Server handler 49 on 9000]
[BM][IPC Server handler 49 on 9000]ID=3,134217728
[BM][IPC Server handler 49 on 9000]ID=2,134217728
[BM][IPC Server handler 49 on 9000]ID=1,134217728
[BM][IPC Server handler 49 on 9000]ID=100,0
[BM][IPC Server handler 49 on 9000]ID=100,0
[BM][IPC Server handler 49 on 9000]ID=100,0
[BM][Start Stack Trace][org.apache.hadoop.hdfs.server.blockmanagement.BlockManager$ReplicationMonitor@72bc6553]
[BM][Start Stack Trace][org.apache.hadoop.hdfs.server.blockmanagement.BlockManager$ReplicationMonitor@72bc6553]
org.apache.hadoop.hdfs.server.blockmanagement.BlockPlacementPolicyDefault.chooseTarget(BlockPlacementPolicyDefault.java)
org.apache.hadoop.hdfs.server.blockmanagement.BlockPlacementPolicyDefault.chooseTarget(BlockPlacementPolicyDefault.java:217)
org.apache.hadoop.hdfs.server.blockmanagement.BlockPlacementPolicyDefault.chooseTarget(BlockPlacementPolicyDefault.java:122)
org.apache.hadoop.hdfs.server.blockmanagement.BlockManager$ReplicationWork.chooseTargets(BlockManager.java:3540)
org.apache.hadoop.hdfs.server.blockmanagement.BlockManager$ReplicationWork.access$200(BlockManager.java:3508)
org.apache.hadoop.hdfs.server.blockmanagement.BlockManager.computeReplicationWorkForBlocks(BlockManager.java:1370)
org.apache.hadoop.hdfs.server.blockmanagement.BlockManager.computeReplicationWork(BlockManager.java:1265)
org.apache.hadoop.hdfs.server.blockmanagement.BlockManager.computeDatanodeWork(BlockManager.java:3481)
org.apache.hadoop.hdfs.server.blockmanagement.BlockManager$ReplicationMonitor.run(BlockManager.java:3435)
java.lang.Thread.run(Thread.java:748)
[BM][End Stack Trace][org.apache.hadoop.hdfs.server.blockmanagement.BlockManager$ReplicationMonitor@72bc6553]
[BM][End Stack Trace][org.apache.hadoop.hdfs.server.blockmanagement.BlockManager$ReplicationMonitor@72bc6553]
[BM][org.apache.hadoop.hdfs.server.blockmanagement.BlockManager$ReplicationMonitor@72bc6553]ID=3,100000000
[BM][org.apache.hadoop.hdfs.server.blockmanagement.BlockManager$ReplicationMonitor@72bc6553]ID=2,100000000
[BM][org.apache.hadoop.hdfs.server.blockmanagement.BlockManager$ReplicationMonitor@72bc6553]ID=1,100000000
[BM][org.apache.hadoop.hdfs.server.blockmanagement.BlockManager$ReplicationMonitor@72bc6553]ID=100,0
[BM][Start Stack Trace][IPC Server handler 14 on 9000]
[BM][Start Stack Trace][IPC Server handler 14 on 9000]
org.apache.hadoop.hdfs.server.blockmanagement.BlockPlacementPolicyDefault.chooseTarget(BlockPlacementPolicyDefault.java)
org.apache.hadoop.hdfs.server.blockmanagement.BlockPlacementPolicyDefault.chooseTarget(BlockPlacementPolicyDefault.java:217)
org.apache.hadoop.hdfs.server.blockmanagement.BlockPlacementPolicyDefault.chooseTarget(BlockPlacementPolicyDefault.java:122)
org.apache.hadoop.hdfs.server.blockmanagement.BlockPlacementPolicyDefault.chooseTarget(BlockPlacementPolicyDefault.java:137)
org.apache.hadoop.hdfs.server.blockmanagement.BlockManager.chooseTarget(BlockManager.java:1488)
org.apache.hadoop.hdfs.server.namenode.FSNamesystem.getAdditionalBlock(FSNamesystem.java:2799)
org.apache.hadoop.hdfs.server.namenode.NameNodeRpcServer.addBlock(NameNodeRpcServer.java:606)
org.apache.hadoop.hdfs.protocolPB.ClientNamenodeProtocolServerSideTranslatorPB.addBlock(ClientNamenodeProtocolServerSideTranslatorPB.java:455)
org.apache.hadoop.hdfs.protocol.proto.ClientNamenodeProtocolProtos$ClientNamenodeProtocol$2.callBlockingMethod(ClientNamenodeProtocolProtos.java)
org.apache.hadoop.ipc.ProtobufRpcEngine$Server$ProtoBufRpcInvoker.call(ProtobufRpcEngine.java:585)
org.apache.hadoop.ipc.RPC$Server.call(RPC.java:928)
org.apache.hadoop.ipc.Server$Handler$1.run(Server.java:2013)
org.apache.hadoop.ipc.Server$Handler$1.run(Server.java:2009)
java.security.AccessController.doPrivileged(Native Method)
javax.security.auth.Subject.doAs(Subject.java:422)
org.apache.hadoop.security.UserGroupInformation.doAs(UserGroupInformation.java:1614)
org.apache.hadoop.ipc.Server$Handler.run(Server.java:2009)
[BM][End Stack Trace][IPC Server handler 14 on 9000]
[BM][End Stack Trace][IPC Server handler 14 on 9000]
[BM][IPC Server handler 14 on 9000]ID=3,134217728
[BM][IPC Server handler 14 on 9000]ID=2,134217728
[BM][IPC Server handler 14 on 9000]ID=1,134217728
[BM][IPC Server handler 14 on 9000]ID=100,0
[BM][IPC Server handler 14 on 9000]ID=100,0
[BM][IPC Server handler 14 on 9000]ID=100,0
[BM][Start Stack Trace][IPC Server handler 58 on 9000]
[BM][Start Stack Trace][IPC Server handler 58 on 9000]
org.apache.hadoop.hdfs.server.blockmanagement.BlockPlacementPolicyDefault.chooseTarget(BlockPlacementPolicyDefault.java)
org.apache.hadoop.hdfs.server.blockmanagement.BlockPlacementPolicyDefault.chooseTarget(BlockPlacementPolicyDefault.java:217)
org.apache.hadoop.hdfs.server.blockmanagement.BlockPlacementPolicyDefault.chooseTarget(BlockPlacementPolicyDefault.java:122)
org.apache.hadoop.hdfs.server.blockmanagement.BlockPlacementPolicyDefault.chooseTarget(BlockPlacementPolicyDefault.java:137)
org.apache.hadoop.hdfs.server.blockmanagement.BlockManager.chooseTarget(BlockManager.java:1488)
org.apache.hadoop.hdfs.server.namenode.FSNamesystem.getAdditionalBlock(FSNamesystem.java:2799)
org.apache.hadoop.hdfs.server.namenode.NameNodeRpcServer.addBlock(NameNodeRpcServer.java:606)
org.apache.hadoop.hdfs.protocolPB.ClientNamenodeProtocolServerSideTranslatorPB.addBlock(ClientNamenodeProtocolServerSideTranslatorPB.java:455)
org.apache.hadoop.hdfs.protocol.proto.ClientNamenodeProtocolProtos$ClientNamenodeProtocol$2.callBlockingMethod(ClientNamenodeProtocolProtos.java)
org.apache.hadoop.ipc.ProtobufRpcEngine$Server$ProtoBufRpcInvoker.call(ProtobufRpcEngine.java:585)
org.apache.hadoop.ipc.RPC$Server.call(RPC.java:928)
org.apache.hadoop.ipc.Server$Handler$1.run(Server.java:2013)
org.apache.hadoop.ipc.Server$Handler$1.run(Server.java:2009)
java.security.AccessController.doPrivileged(Native Method)
javax.security.auth.Subject.doAs(Subject.java:422)
org.apache.hadoop.security.UserGroupInformation.doAs(UserGroupInformation.java:1614)
org.apache.hadoop.ipc.Server$Handler.run(Server.java:2009)
[BM][End Stack Trace][IPC Server handler 58 on 9000]
[BM][End Stack Trace][IPC Server handler 58 on 9000]
[BM][IPC Server handler 58 on 9000]ID=3,134217728
[BM][IPC Server handler 58 on 9000]ID=2,134217728
[BM][IPC Server handler 58 on 9000]ID=1,134217728
[BM][IPC Server handler 58 on 9000]ID=100,0
[BM][IPC Server handler 58 on 9000]ID=100,0
[BM][IPC Server handler 58 on 9000]ID=100,0
[BM][Start Stack Trace][IPC Server handler 11 on 9000]
[BM][Start Stack Trace][IPC Server handler 11 on 9000]
org.apache.hadoop.hdfs.server.blockmanagement.BlockPlacementPolicyDefault.chooseTarget(BlockPlacementPolicyDefault.java)
org.apache.hadoop.hdfs.server.blockmanagement.BlockPlacementPolicyDefault.chooseTarget(BlockPlacementPolicyDefault.java:217)
org.apache.hadoop.hdfs.server.blockmanagement.BlockPlacementPolicyDefault.chooseTarget(BlockPlacementPolicyDefault.java:122)
org.apache.hadoop.hdfs.server.blockmanagement.BlockPlacementPolicyDefault.chooseTarget(BlockPlacementPolicyDefault.java:137)
org.apache.hadoop.hdfs.server.blockmanagement.BlockManager.chooseTarget(BlockManager.java:1488)
org.apache.hadoop.hdfs.server.namenode.FSNamesystem.getAdditionalBlock(FSNamesystem.java:2799)
org.apache.hadoop.hdfs.server.namenode.NameNodeRpcServer.addBlock(NameNodeRpcServer.java:606)
org.apache.hadoop.hdfs.protocolPB.ClientNamenodeProtocolServerSideTranslatorPB.addBlock(ClientNamenodeProtocolServerSideTranslatorPB.java:455)
org.apache.hadoop.hdfs.protocol.proto.ClientNamenodeProtocolProtos$ClientNamenodeProtocol$2.callBlockingMethod(ClientNamenodeProtocolProtos.java)
org.apache.hadoop.ipc.ProtobufRpcEngine$Server$ProtoBufRpcInvoker.call(ProtobufRpcEngine.java:585)
org.apache.hadoop.ipc.RPC$Server.call(RPC.java:928)
org.apache.hadoop.ipc.Server$Handler$1.run(Server.java:2013)
org.apache.hadoop.ipc.Server$Handler$1.run(Server.java:2009)
java.security.AccessController.doPrivileged(Native Method)
javax.security.auth.Subject.doAs(Subject.java:422)
org.apache.hadoop.security.UserGroupInformation.doAs(UserGroupInformation.java:1614)
org.apache.hadoop.ipc.Server$Handler.run(Server.java:2009)
[BM][End Stack Trace][IPC Server handler 11 on 9000]
[BM][End Stack Trace][IPC Server handler 11 on 9000]
[BM][IPC Server handler 11 on 9000]ID=3,134217728
[BM][IPC Server handler 11 on 9000]ID=2,134217728
[BM][IPC Server handler 11 on 9000]ID=1,134217728
[BM][IPC Server handler 11 on 9000]ID=100,0
[BM][IPC Server handler 11 on 9000]ID=100,0
[BM][IPC Server handler 11 on 9000]ID=100,0
[BM][Start Stack Trace][org.apache.hadoop.hdfs.server.blockmanagement.BlockManager$ReplicationMonitor@72bc6553]
[BM][Start Stack Trace][org.apache.hadoop.hdfs.server.blockmanagement.BlockManager$ReplicationMonitor@72bc6553]
org.apache.hadoop.hdfs.server.blockmanagement.BlockPlacementPolicyDefault.chooseTarget(BlockPlacementPolicyDefault.java)
org.apache.hadoop.hdfs.server.blockmanagement.BlockPlacementPolicyDefault.chooseTarget(BlockPlacementPolicyDefault.java:217)
org.apache.hadoop.hdfs.server.blockmanagement.BlockPlacementPolicyDefault.chooseTarget(BlockPlacementPolicyDefault.java:122)
org.apache.hadoop.hdfs.server.blockmanagement.BlockManager$ReplicationWork.chooseTargets(BlockManager.java:3540)
org.apache.hadoop.hdfs.server.blockmanagement.BlockManager$ReplicationWork.access$200(BlockManager.java:3508)
org.apache.hadoop.hdfs.server.blockmanagement.BlockManager.computeReplicationWorkForBlocks(BlockManager.java:1370)
org.apache.hadoop.hdfs.server.blockmanagement.BlockManager.computeReplicationWork(BlockManager.java:1265)
org.apache.hadoop.hdfs.server.blockmanagement.BlockManager.computeDatanodeWork(BlockManager.java:3481)
org.apache.hadoop.hdfs.server.blockmanagement.BlockManager$ReplicationMonitor.run(BlockManager.java:3435)
java.lang.Thread.run(Thread.java:748)
[BM][End Stack Trace][org.apache.hadoop.hdfs.server.blockmanagement.BlockManager$ReplicationMonitor@72bc6553]
[BM][End Stack Trace][org.apache.hadoop.hdfs.server.blockmanagement.BlockManager$ReplicationMonitor@72bc6553]
[BM][org.apache.hadoop.hdfs.server.blockmanagement.BlockManager$ReplicationMonitor@72bc6553]ID=3,9223372036854775807
[BM][org.apache.hadoop.hdfs.server.blockmanagement.BlockManager$ReplicationMonitor@72bc6553]ID=2,9223372036854775807
[BM][org.apache.hadoop.hdfs.server.blockmanagement.BlockManager$ReplicationMonitor@72bc6553]ID=1,9223372036854775807
[BM][org.apache.hadoop.hdfs.server.blockmanagement.BlockManager$ReplicationMonitor@72bc6553]ID=99
[BM][Start Stack Trace][org.apache.hadoop.hdfs.server.blockmanagement.BlockManager$ReplicationMonitor@72bc6553]
[BM][Start Stack Trace][org.apache.hadoop.hdfs.server.blockmanagement.BlockManager$ReplicationMonitor@72bc6553]
org.apache.hadoop.hdfs.server.blockmanagement.BlockPlacementPolicyDefault.chooseTarget(BlockPlacementPolicyDefault.java)
org.apache.hadoop.hdfs.server.blockmanagement.BlockPlacementPolicyDefault.chooseTarget(BlockPlacementPolicyDefault.java:217)
org.apache.hadoop.hdfs.server.blockmanagement.BlockPlacementPolicyDefault.chooseTarget(BlockPlacementPolicyDefault.java:122)
org.apache.hadoop.hdfs.server.blockmanagement.BlockManager$ReplicationWork.chooseTargets(BlockManager.java:3540)
org.apache.hadoop.hdfs.server.blockmanagement.BlockManager$ReplicationWork.access$200(BlockManager.java:3508)
org.apache.hadoop.hdfs.server.blockmanagement.BlockManager.computeReplicationWorkForBlocks(BlockManager.java:1370)
org.apache.hadoop.hdfs.server.blockmanagement.BlockManager.computeReplicationWork(BlockManager.java:1265)
org.apache.hadoop.hdfs.server.blockmanagement.BlockManager.computeDatanodeWork(BlockManager.java:3481)
org.apache.hadoop.hdfs.server.blockmanagement.BlockManager$ReplicationMonitor.run(BlockManager.java:3435)
java.lang.Thread.run(Thread.java:748)
[BM][End Stack Trace][org.apache.hadoop.hdfs.server.blockmanagement.BlockManager$ReplicationMonitor@72bc6553]
[BM][End Stack Trace][org.apache.hadoop.hdfs.server.blockmanagement.BlockManager$ReplicationMonitor@72bc6553]
[BM][org.apache.hadoop.hdfs.server.blockmanagement.BlockManager$ReplicationMonitor@72bc6553]ID=3,9223372036854775807
[BM][org.apache.hadoop.hdfs.server.blockmanagement.BlockManager$ReplicationMonitor@72bc6553]ID=2,9223372036854775807
[BM][org.apache.hadoop.hdfs.server.blockmanagement.BlockManager$ReplicationMonitor@72bc6553]ID=1,9223372036854775807
[BM][org.apache.hadoop.hdfs.server.blockmanagement.BlockManager$ReplicationMonitor@72bc6553]ID=99
[BM][Start Stack Trace][org.apache.hadoop.hdfs.server.blockmanagement.BlockManager$ReplicationMonitor@72bc6553]
[BM][Start Stack Trace][org.apache.hadoop.hdfs.server.blockmanagement.BlockManager$ReplicationMonitor@72bc6553]
org.apache.hadoop.hdfs.server.blockmanagement.BlockPlacementPolicyDefault.chooseTarget(BlockPlacementPolicyDefault.java)
org.apache.hadoop.hdfs.server.blockmanagement.BlockPlacementPolicyDefault.chooseTarget(BlockPlacementPolicyDefault.java:217)
org.apache.hadoop.hdfs.server.blockmanagement.BlockPlacementPolicyDefault.chooseTarget(BlockPlacementPolicyDefault.java:122)
org.apache.hadoop.hdfs.server.blockmanagement.BlockManager$ReplicationWork.chooseTargets(BlockManager.java:3540)
org.apache.hadoop.hdfs.server.blockmanagement.BlockManager$ReplicationWork.access$200(BlockManager.java:3508)
org.apache.hadoop.hdfs.server.blockmanagement.BlockManager.computeReplicationWorkForBlocks(BlockManager.java:1370)
org.apache.hadoop.hdfs.server.blockmanagement.BlockManager.computeReplicationWork(BlockManager.java:1265)
org.apache.hadoop.hdfs.server.blockmanagement.BlockManager.computeDatanodeWork(BlockManager.java:3481)
org.apache.hadoop.hdfs.server.blockmanagement.BlockManager$ReplicationMonitor.run(BlockManager.java:3435)
java.lang.Thread.run(Thread.java:748)
[BM][End Stack Trace][org.apache.hadoop.hdfs.server.blockmanagement.BlockManager$ReplicationMonitor@72bc6553]
[BM][End Stack Trace][org.apache.hadoop.hdfs.server.blockmanagement.BlockManager$ReplicationMonitor@72bc6553]
[BM][org.apache.hadoop.hdfs.server.blockmanagement.BlockManager$ReplicationMonitor@72bc6553]ID=3,9223372036854775807
[BM][org.apache.hadoop.hdfs.server.blockmanagement.BlockManager$ReplicationMonitor@72bc6553]ID=2,9223372036854775807
[BM][org.apache.hadoop.hdfs.server.blockmanagement.BlockManager$ReplicationMonitor@72bc6553]ID=1,9223372036854775807
[BM][Start Stack Trace][IPC Server handler 47 on 9000]
[BM][Start Stack Trace][IPC Server handler 47 on 9000]
org.apache.hadoop.hdfs.server.blockmanagement.BlockPlacementPolicyDefault.chooseTarget(BlockPlacementPolicyDefault.java)
org.apache.hadoop.hdfs.server.blockmanagement.BlockPlacementPolicyDefault.chooseTarget(BlockPlacementPolicyDefault.java:217)
org.apache.hadoop.hdfs.server.blockmanagement.BlockPlacementPolicyDefault.chooseTarget(BlockPlacementPolicyDefault.java:122)
org.apache.hadoop.hdfs.server.blockmanagement.BlockPlacementPolicyDefault.chooseTarget(BlockPlacementPolicyDefault.java:137)
org.apache.hadoop.hdfs.server.blockmanagement.BlockManager.chooseTarget(BlockManager.java:1488)
org.apache.hadoop.hdfs.server.namenode.FSNamesystem.getAdditionalBlock(FSNamesystem.java:2799)
org.apache.hadoop.hdfs.server.namenode.NameNodeRpcServer.addBlock(NameNodeRpcServer.java:606)
org.apache.hadoop.hdfs.protocolPB.ClientNamenodeProtocolServerSideTranslatorPB.addBlock(ClientNamenodeProtocolServerSideTranslatorPB.java:455)
org.apache.hadoop.hdfs.protocol.proto.ClientNamenodeProtocolProtos$ClientNamenodeProtocol$2.callBlockingMethod(ClientNamenodeProtocolProtos.java)
org.apache.hadoop.ipc.ProtobufRpcEngine$Server$ProtoBufRpcInvoker.call(ProtobufRpcEngine.java:585)
org.apache.hadoop.ipc.RPC$Server.call(RPC.java:928)
org.apache.hadoop.ipc.Server$Handler$1.run(Server.java:2013)
org.apache.hadoop.ipc.Server$Handler$1.run(Server.java:2009)
java.security.AccessController.doPrivileged(Native Method)
javax.security.auth.Subject.doAs(Subject.java:422)
org.apache.hadoop.security.UserGroupInformation.doAs(UserGroupInformation.java:1614)
org.apache.hadoop.ipc.Server$Handler.run(Server.java:2009)
[BM][End Stack Trace][IPC Server handler 47 on 9000]
[BM][End Stack Trace][IPC Server handler 47 on 9000]
[BM][IPC Server handler 47 on 9000]ID=3,134217728
[BM][IPC Server handler 47 on 9000]ID=2,134217728
[BM][IPC Server handler 47 on 9000]ID=1,134217728
[BM][IPC Server handler 47 on 9000]ID=100,0
[BM][IPC Server handler 47 on 9000]ID=100,0
[BM][IPC Server handler 47 on 9000]ID=100,0
[BM][Start Stack Trace][IPC Server handler 58 on 9000]
[BM][Start Stack Trace][IPC Server handler 58 on 9000]
org.apache.hadoop.hdfs.server.blockmanagement.BlockPlacementPolicyDefault.chooseTarget(BlockPlacementPolicyDefault.java)
org.apache.hadoop.hdfs.server.blockmanagement.BlockPlacementPolicyDefault.chooseTarget(BlockPlacementPolicyDefault.java:217)
org.apache.hadoop.hdfs.server.blockmanagement.BlockPlacementPolicyDefault.chooseTarget(BlockPlacementPolicyDefault.java:122)
org.apache.hadoop.hdfs.server.blockmanagement.BlockPlacementPolicyDefault.chooseTarget(BlockPlacementPolicyDefault.java:137)
org.apache.hadoop.hdfs.server.blockmanagement.BlockManager.chooseTarget(BlockManager.java:1488)
org.apache.hadoop.hdfs.server.namenode.FSNamesystem.getAdditionalBlock(FSNamesystem.java:2799)
org.apache.hadoop.hdfs.server.namenode.NameNodeRpcServer.addBlock(NameNodeRpcServer.java:606)
org.apache.hadoop.hdfs.protocolPB.ClientNamenodeProtocolServerSideTranslatorPB.addBlock(ClientNamenodeProtocolServerSideTranslatorPB.java:455)
org.apache.hadoop.hdfs.protocol.proto.ClientNamenodeProtocolProtos$ClientNamenodeProtocol$2.callBlockingMethod(ClientNamenodeProtocolProtos.java)
org.apache.hadoop.ipc.ProtobufRpcEngine$Server$ProtoBufRpcInvoker.call(ProtobufRpcEngine.java:585)
org.apache.hadoop.ipc.RPC$Server.call(RPC.java:928)
org.apache.hadoop.ipc.Server$Handler$1.run(Server.java:2013)
org.apache.hadoop.ipc.Server$Handler$1.run(Server.java:2009)
java.security.AccessController.doPrivileged(Native Method)
javax.security.auth.Subject.doAs(Subject.java:422)
org.apache.hadoop.security.UserGroupInformation.doAs(UserGroupInformation.java:1614)
org.apache.hadoop.ipc.Server$Handler.run(Server.java:2009)
[BM][End Stack Trace][IPC Server handler 58 on 9000]
[BM][End Stack Trace][IPC Server handler 58 on 9000]
[BM][IPC Server handler 58 on 9000]ID=3,134217728
[BM][IPC Server handler 58 on 9000]ID=2,134217728
[BM][IPC Server handler 58 on 9000]ID=1,134217728
[BM][IPC Server handler 58 on 9000]ID=100,0
[BM][IPC Server handler 58 on 9000]ID=100,0
[BM][IPC Server handler 58 on 9000]ID=100,0
[BM][Start Stack Trace][IPC Server handler 45 on 9000]
[BM][Start Stack Trace][IPC Server handler 45 on 9000]
org.apache.hadoop.hdfs.server.blockmanagement.BlockPlacementPolicyDefault.chooseTarget(BlockPlacementPolicyDefault.java)
org.apache.hadoop.hdfs.server.blockmanagement.BlockPlacementPolicyDefault.chooseTarget(BlockPlacementPolicyDefault.java:217)
org.apache.hadoop.hdfs.server.blockmanagement.BlockPlacementPolicyDefault.chooseTarget(BlockPlacementPolicyDefault.java:122)
org.apache.hadoop.hdfs.server.blockmanagement.BlockPlacementPolicyDefault.chooseTarget(BlockPlacementPolicyDefault.java:137)
org.apache.hadoop.hdfs.server.blockmanagement.BlockManager.chooseTarget(BlockManager.java:1488)
org.apache.hadoop.hdfs.server.namenode.FSNamesystem.getAdditionalBlock(FSNamesystem.java:2799)
org.apache.hadoop.hdfs.server.namenode.NameNodeRpcServer.addBlock(NameNodeRpcServer.java:606)
org.apache.hadoop.hdfs.protocolPB.ClientNamenodeProtocolServerSideTranslatorPB.addBlock(ClientNamenodeProtocolServerSideTranslatorPB.java:455)
org.apache.hadoop.hdfs.protocol.proto.ClientNamenodeProtocolProtos$ClientNamenodeProtocol$2.callBlockingMethod(ClientNamenodeProtocolProtos.java)
org.apache.hadoop.ipc.ProtobufRpcEngine$Server$ProtoBufRpcInvoker.call(ProtobufRpcEngine.java:585)
org.apache.hadoop.ipc.RPC$Server.call(RPC.java:928)
org.apache.hadoop.ipc.Server$Handler$1.run(Server.java:2013)
org.apache.hadoop.ipc.Server$Handler$1.run(Server.java:2009)
java.security.AccessController.doPrivileged(Native Method)
javax.security.auth.Subject.doAs(Subject.java:422)
org.apache.hadoop.security.UserGroupInformation.doAs(UserGroupInformation.java:1614)
org.apache.hadoop.ipc.Server$Handler.run(Server.java:2009)
[BM][End Stack Trace][IPC Server handler 45 on 9000]
[BM][End Stack Trace][IPC Server handler 45 on 9000]
[BM][IPC Server handler 45 on 9000]ID=3,134217728
[BM][IPC Server handler 45 on 9000]ID=2,134217728
[BM][IPC Server handler 45 on 9000]ID=1,134217728
[BM][IPC Server handler 45 on 9000]ID=100,0
[BM][IPC Server handler 45 on 9000]ID=100,0
[BM][IPC Server handler 45 on 9000]ID=100,0
[BM][org.apache.hadoop.hdfs.server.blockmanagement.BlockManager$ReplicationMonitor@72bc6553]ID=99
[BM][Start Stack Trace][org.apache.hadoop.hdfs.server.blockmanagement.BlockManager$ReplicationMonitor@72bc6553]
[BM][Start Stack Trace][org.apache.hadoop.hdfs.server.blockmanagement.BlockManager$ReplicationMonitor@72bc6553]
org.apache.hadoop.hdfs.server.blockmanagement.BlockPlacementPolicyDefault.chooseTarget(BlockPlacementPolicyDefault.java)
org.apache.hadoop.hdfs.server.blockmanagement.BlockPlacementPolicyDefault.chooseTarget(BlockPlacementPolicyDefault.java:217)
org.apache.hadoop.hdfs.server.blockmanagement.BlockPlacementPolicyDefault.chooseTarget(BlockPlacementPolicyDefault.java:122)
org.apache.hadoop.hdfs.server.blockmanagement.BlockManager$ReplicationWork.chooseTargets(BlockManager.java:3540)
org.apache.hadoop.hdfs.server.blockmanagement.BlockManager$ReplicationWork.access$200(BlockManager.java:3508)
org.apache.hadoop.hdfs.server.blockmanagement.BlockManager.computeReplicationWorkForBlocks(BlockManager.java:1370)
org.apache.hadoop.hdfs.server.blockmanagement.BlockManager.computeReplicationWork(BlockManager.java:1265)
org.apache.hadoop.hdfs.server.blockmanagement.BlockManager.computeDatanodeWork(BlockManager.java:3481)
org.apache.hadoop.hdfs.server.blockmanagement.BlockManager$ReplicationMonitor.run(BlockManager.java:3435)
java.lang.Thread.run(Thread.java:748)
[BM][End Stack Trace][org.apache.hadoop.hdfs.server.blockmanagement.BlockManager$ReplicationMonitor@72bc6553]
[BM][End Stack Trace][org.apache.hadoop.hdfs.server.blockmanagement.BlockManager$ReplicationMonitor@72bc6553]
[BM][org.apache.hadoop.hdfs.server.blockmanagement.BlockManager$ReplicationMonitor@72bc6553]ID=3,100000000
[BM][org.apache.hadoop.hdfs.server.blockmanagement.BlockManager$ReplicationMonitor@72bc6553]ID=2,100000000
[BM][org.apache.hadoop.hdfs.server.blockmanagement.BlockManager$ReplicationMonitor@72bc6553]ID=1,100000000
[BM][org.apache.hadoop.hdfs.server.blockmanagement.BlockManager$ReplicationMonitor@72bc6553]ID=100,0
[BM][Start Stack Trace][org.apache.hadoop.hdfs.server.blockmanagement.BlockManager$ReplicationMonitor@72bc6553]
[BM][Start Stack Trace][org.apache.hadoop.hdfs.server.blockmanagement.BlockManager$ReplicationMonitor@72bc6553]
org.apache.hadoop.hdfs.server.blockmanagement.BlockPlacementPolicyDefault.chooseTarget(BlockPlacementPolicyDefault.java)
org.apache.hadoop.hdfs.server.blockmanagement.BlockPlacementPolicyDefault.chooseTarget(BlockPlacementPolicyDefault.java:217)
org.apache.hadoop.hdfs.server.blockmanagement.BlockPlacementPolicyDefault.chooseTarget(BlockPlacementPolicyDefault.java:122)
org.apache.hadoop.hdfs.server.blockmanagement.BlockManager$ReplicationWork.chooseTargets(BlockManager.java:3540)
org.apache.hadoop.hdfs.server.blockmanagement.BlockManager$ReplicationWork.access$200(BlockManager.java:3508)
org.apache.hadoop.hdfs.server.blockmanagement.BlockManager.computeReplicationWorkForBlocks(BlockManager.java:1370)
org.apache.hadoop.hdfs.server.blockmanagement.BlockManager.computeReplicationWork(BlockManager.java:1265)
org.apache.hadoop.hdfs.server.blockmanagement.BlockManager.computeDatanodeWork(BlockManager.java:3481)
org.apache.hadoop.hdfs.server.blockmanagement.BlockManager$ReplicationMonitor.run(BlockManager.java:3435)
java.lang.Thread.run(Thread.java:748)
[BM][End Stack Trace][org.apache.hadoop.hdfs.server.blockmanagement.BlockManager$ReplicationMonitor@72bc6553]
[BM][End Stack Trace][org.apache.hadoop.hdfs.server.blockmanagement.BlockManager$ReplicationMonitor@72bc6553]
[BM][org.apache.hadoop.hdfs.server.blockmanagement.BlockManager$ReplicationMonitor@72bc6553]ID=3,100000000
[BM][org.apache.hadoop.hdfs.server.blockmanagement.BlockManager$ReplicationMonitor@72bc6553]ID=2,100000000
[BM][org.apache.hadoop.hdfs.server.blockmanagement.BlockManager$ReplicationMonitor@72bc6553]ID=1,100000000
[BM][org.apache.hadoop.hdfs.server.blockmanagement.BlockManager$ReplicationMonitor@72bc6553]ID=100,0
[BM][Start Stack Trace][org.apache.hadoop.hdfs.server.blockmanagement.BlockManager$ReplicationMonitor@72bc6553]
[BM][Start Stack Trace][org.apache.hadoop.hdfs.server.blockmanagement.BlockManager$ReplicationMonitor@72bc6553]
org.apache.hadoop.hdfs.server.blockmanagement.BlockPlacementPolicyDefault.chooseTarget(BlockPlacementPolicyDefault.java)
org.apache.hadoop.hdfs.server.blockmanagement.BlockPlacementPolicyDefault.chooseTarget(BlockPlacementPolicyDefault.java:217)
org.apache.hadoop.hdfs.server.blockmanagement.BlockPlacementPolicyDefault.chooseTarget(BlockPlacementPolicyDefault.java:122)
org.apache.hadoop.hdfs.server.blockmanagement.BlockManager$ReplicationWork.chooseTargets(BlockManager.java:3540)
org.apache.hadoop.hdfs.server.blockmanagement.BlockManager$ReplicationWork.access$200(BlockManager.java:3508)
org.apache.hadoop.hdfs.server.blockmanagement.BlockManager.computeReplicationWorkForBlocks(BlockManager.java:1370)
org.apache.hadoop.hdfs.server.blockmanagement.BlockManager.computeReplicationWork(BlockManager.java:1265)
org.apache.hadoop.hdfs.server.blockmanagement.BlockManager.computeDatanodeWork(BlockManager.java:3481)
org.apache.hadoop.hdfs.server.blockmanagement.BlockManager$ReplicationMonitor.run(BlockManager.java:3435)
java.lang.Thread.run(Thread.java:748)
[BM][End Stack Trace][org.apache.hadoop.hdfs.server.blockmanagement.BlockManager$ReplicationMonitor@72bc6553]
[BM][End Stack Trace][org.apache.hadoop.hdfs.server.blockmanagement.BlockManager$ReplicationMonitor@72bc6553]
[BM][org.apache.hadoop.hdfs.server.blockmanagement.BlockManager$ReplicationMonitor@72bc6553]ID=3,100000000
[BM][org.apache.hadoop.hdfs.server.blockmanagement.BlockManager$ReplicationMonitor@72bc6553]ID=2,100000000
[BM][org.apache.hadoop.hdfs.server.blockmanagement.BlockManager$ReplicationMonitor@72bc6553]ID=1,100000000
[BM][org.apache.hadoop.hdfs.server.blockmanagement.BlockManager$ReplicationMonitor@72bc6553]ID=100,0
