[BM][org.apache.hadoop.hdfs.server.blockmanagement.BlockManager$ReplicationMonitor@72bc6553][Method Entry]org.apache.hadoop.hdfs.server.blockmanagement.BlockPlacementPolicyDefault.chooseRandom(BlockPlacementPolicyDefault.java)
[BM][org.apache.hadoop.hdfs.server.blockmanagement.BlockManager$ReplicationMonitor@72bc6553]ID=0,1
[BM][org.apache.hadoop.hdfs.server.blockmanagement.BlockManager$ReplicationMonitor@72bc6553]ID=5,loop=1
[BM][org.apache.hadoop.hdfs.server.blockmanagement.BlockManager$ReplicationMonitor@72bc6553]ID=4,loop=1
[BM][org.apache.hadoop.hdfs.server.blockmanagement.BlockManager$ReplicationMonitor@72bc6553]ID=3,loop=1
[BM][org.apache.hadoop.hdfs.server.blockmanagement.BlockManager$ReplicationMonitor@72bc6553]ID=5,loop=1
[BM][org.apache.hadoop.hdfs.server.blockmanagement.BlockManager$ReplicationMonitor@72bc6553]ID=4,loop=1
[BM][org.apache.hadoop.hdfs.server.blockmanagement.BlockManager$ReplicationMonitor@72bc6553]ID=3,loop=1
[BM][org.apache.hadoop.hdfs.server.blockmanagement.BlockManager$ReplicationMonitor@72bc6553]ID=5,loop=1
[BM][org.apache.hadoop.hdfs.server.blockmanagement.BlockManager$ReplicationMonitor@72bc6553]ID=4,loop=1
[BM][org.apache.hadoop.hdfs.server.blockmanagement.BlockManager$ReplicationMonitor@72bc6553]ID=3,loop=1
[BM][org.apache.hadoop.hdfs.server.blockmanagement.BlockManager$ReplicationMonitor@72bc6553]ID=5,loop=1
[BM][org.apache.hadoop.hdfs.server.blockmanagement.BlockManager$ReplicationMonitor@72bc6553]ID=4,loop=1
[BM][org.apache.hadoop.hdfs.server.blockmanagement.BlockManager$ReplicationMonitor@72bc6553]ID=3,loop=1
[BM][org.apache.hadoop.hdfs.server.blockmanagement.BlockManager$ReplicationMonitor@72bc6553]ID=2,loop=2
[BM][org.apache.hadoop.hdfs.server.blockmanagement.BlockManager$ReplicationMonitor@72bc6553]ID=1,loop=2
[BM][org.apache.hadoop.hdfs.server.blockmanagement.BlockManager$ReplicationMonitor@72bc6553]ID=2,loop=2
[BM][org.apache.hadoop.hdfs.server.blockmanagement.BlockManager$ReplicationMonitor@72bc6553]ID=5,loop=1
[BM][org.apache.hadoop.hdfs.server.blockmanagement.BlockManager$ReplicationMonitor@72bc6553]ID=4,loop=1
[BM][org.apache.hadoop.hdfs.server.blockmanagement.BlockManager$ReplicationMonitor@72bc6553][Method Entry]org.apache.hadoop.hdfs.server.blockmanagement.BlockPlacementPolicyDefault.chooseRandom(BlockPlacementPolicyDefault.java)
[BM][org.apache.hadoop.hdfs.server.blockmanagement.BlockManager$ReplicationMonitor@72bc6553]ID=0,1
[BM][org.apache.hadoop.hdfs.server.blockmanagement.BlockManager$ReplicationMonitor@72bc6553]ID=5,loop=1
[BM][org.apache.hadoop.hdfs.server.blockmanagement.BlockManager$ReplicationMonitor@72bc6553]ID=4,loop=1
[BM][org.apache.hadoop.hdfs.server.blockmanagement.BlockManager$ReplicationMonitor@72bc6553]ID=3,loop=1
[BM][org.apache.hadoop.hdfs.server.blockmanagement.BlockManager$ReplicationMonitor@72bc6553]ID=5,loop=1
[BM][org.apache.hadoop.hdfs.server.blockmanagement.BlockManager$ReplicationMonitor@72bc6553]ID=4,loop=1
[BM][org.apache.hadoop.hdfs.server.blockmanagement.BlockManager$ReplicationMonitor@72bc6553]ID=3,loop=1
[BM][org.apache.hadoop.hdfs.server.blockmanagement.BlockManager$ReplicationMonitor@72bc6553]ID=2,loop=2
[BM][org.apache.hadoop.hdfs.server.blockmanagement.BlockManager$ReplicationMonitor@72bc6553]ID=1,loop=2
[BM][org.apache.hadoop.hdfs.server.blockmanagement.BlockManager$ReplicationMonitor@72bc6553]ID=2,loop=2
[BM][org.apache.hadoop.hdfs.server.blockmanagement.BlockManager$ReplicationMonitor@72bc6553]ID=5,loop=1
[BM][org.apache.hadoop.hdfs.server.blockmanagement.BlockManager$ReplicationMonitor@72bc6553]ID=4,loop=1
[BM][org.apache.hadoop.hdfs.server.blockmanagement.BlockManager$ReplicationMonitor@72bc6553][Method Entry]org.apache.hadoop.hdfs.server.blockmanagement.BlockPlacementPolicyDefault.chooseRandom(BlockPlacementPolicyDefault.java)
[BM][org.apache.hadoop.hdfs.server.blockmanagement.BlockManager$ReplicationMonitor@72bc6553]ID=0,1
[BM][org.apache.hadoop.hdfs.server.blockmanagement.BlockManager$ReplicationMonitor@72bc6553]ID=5,loop=1
[BM][org.apache.hadoop.hdfs.server.blockmanagement.BlockManager$ReplicationMonitor@72bc6553]ID=4,loop=1
[BM][org.apache.hadoop.hdfs.server.blockmanagement.BlockManager$ReplicationMonitor@72bc6553]ID=3,loop=1
[BM][org.apache.hadoop.hdfs.server.blockmanagement.BlockManager$ReplicationMonitor@72bc6553]ID=5,loop=1
[BM][org.apache.hadoop.hdfs.server.blockmanagement.BlockManager$ReplicationMonitor@72bc6553]ID=4,loop=1
[BM][org.apache.hadoop.hdfs.server.blockmanagement.BlockManager$ReplicationMonitor@72bc6553]ID=3,loop=1
[BM][org.apache.hadoop.hdfs.server.blockmanagement.BlockManager$ReplicationMonitor@72bc6553]ID=5,loop=1
[BM][org.apache.hadoop.hdfs.server.blockmanagement.BlockManager$ReplicationMonitor@72bc6553]ID=4,loop=1
[BM][org.apache.hadoop.hdfs.server.blockmanagement.BlockManager$ReplicationMonitor@72bc6553]ID=3,loop=1
[BM][org.apache.hadoop.hdfs.server.blockmanagement.BlockManager$ReplicationMonitor@72bc6553]ID=5,loop=1
[BM][org.apache.hadoop.hdfs.server.blockmanagement.BlockManager$ReplicationMonitor@72bc6553]ID=4,loop=1
[BM][org.apache.hadoop.hdfs.server.blockmanagement.BlockManager$ReplicationMonitor@72bc6553]ID=3,loop=1
[BM][org.apache.hadoop.hdfs.server.blockmanagement.BlockManager$ReplicationMonitor@72bc6553]ID=5,loop=1
[BM][org.apache.hadoop.hdfs.server.blockmanagement.BlockManager$ReplicationMonitor@72bc6553]ID=4,loop=1
[BM][org.apache.hadoop.hdfs.server.blockmanagement.BlockManager$ReplicationMonitor@72bc6553]ID=3,loop=1
[BM][org.apache.hadoop.hdfs.server.blockmanagement.BlockManager$ReplicationMonitor@72bc6553]ID=5,loop=1
[BM][org.apache.hadoop.hdfs.server.blockmanagement.BlockManager$ReplicationMonitor@72bc6553]ID=4,loop=1
[BM][org.apache.hadoop.hdfs.server.blockmanagement.BlockManager$ReplicationMonitor@72bc6553]ID=3,loop=1
[BM][org.apache.hadoop.hdfs.server.blockmanagement.BlockManager$ReplicationMonitor@72bc6553]ID=5,loop=1
[BM][org.apache.hadoop.hdfs.server.blockmanagement.BlockManager$ReplicationMonitor@72bc6553]ID=4,loop=1
[BM][org.apache.hadoop.hdfs.server.blockmanagement.BlockManager$ReplicationMonitor@72bc6553]ID=3,loop=1
[BM][org.apache.hadoop.hdfs.server.blockmanagement.BlockManager$ReplicationMonitor@72bc6553]ID=5,loop=1
[BM][org.apache.hadoop.hdfs.server.blockmanagement.BlockManager$ReplicationMonitor@72bc6553]ID=4,loop=1
[BM][org.apache.hadoop.hdfs.server.blockmanagement.BlockManager$ReplicationMonitor@72bc6553]ID=3,loop=1
[BM][org.apache.hadoop.hdfs.server.blockmanagement.BlockManager$ReplicationMonitor@72bc6553]ID=5,loop=1
[BM][org.apache.hadoop.hdfs.server.blockmanagement.BlockManager$ReplicationMonitor@72bc6553]ID=4,loop=1
[BM][org.apache.hadoop.hdfs.server.blockmanagement.BlockManager$ReplicationMonitor@72bc6553]ID=3,loop=1
[BM][org.apache.hadoop.hdfs.server.blockmanagement.BlockManager$ReplicationMonitor@72bc6553]ID=5,loop=1
[BM][org.apache.hadoop.hdfs.server.blockmanagement.BlockManager$ReplicationMonitor@72bc6553]ID=4,loop=1
[BM][org.apache.hadoop.hdfs.server.blockmanagement.BlockManager$ReplicationMonitor@72bc6553]ID=3,loop=1
[BM][org.apache.hadoop.hdfs.server.blockmanagement.BlockManager$ReplicationMonitor@72bc6553]ID=5,loop=1
[BM][org.apache.hadoop.hdfs.server.blockmanagement.BlockManager$ReplicationMonitor@72bc6553]ID=4,loop=1
[BM][org.apache.hadoop.hdfs.server.blockmanagement.BlockManager$ReplicationMonitor@72bc6553]ID=3,loop=1
[BM][org.apache.hadoop.hdfs.server.blockmanagement.BlockManager$ReplicationMonitor@72bc6553]ID=5,loop=1
[BM][org.apache.hadoop.hdfs.server.blockmanagement.BlockManager$ReplicationMonitor@72bc6553]ID=4,loop=1
[BM][org.apache.hadoop.hdfs.server.blockmanagement.BlockManager$ReplicationMonitor@72bc6553]ID=3,loop=1
[BM][org.apache.hadoop.hdfs.server.blockmanagement.BlockManager$ReplicationMonitor@72bc6553]ID=5,loop=1
[BM][org.apache.hadoop.hdfs.server.blockmanagement.BlockManager$ReplicationMonitor@72bc6553]ID=4,loop=1
[BM][org.apache.hadoop.hdfs.server.blockmanagement.BlockManager$ReplicationMonitor@72bc6553]ID=3,loop=1
[BM][org.apache.hadoop.hdfs.server.blockmanagement.BlockManager$ReplicationMonitor@72bc6553]ID=2,loop=2
[BM][org.apache.hadoop.hdfs.server.blockmanagement.BlockManager$ReplicationMonitor@72bc6553]ID=1,loop=2
[BM][org.apache.hadoop.hdfs.server.blockmanagement.BlockManager$ReplicationMonitor@72bc6553]ID=2,loop=2
[BM][org.apache.hadoop.hdfs.server.blockmanagement.BlockManager$ReplicationMonitor@72bc6553]ID=5,loop=1
[BM][org.apache.hadoop.hdfs.server.blockmanagement.BlockManager$ReplicationMonitor@72bc6553]ID=4,loop=1
[BM][IPC Server handler 57 on 9000][Method Entry]org.apache.hadoop.hdfs.server.blockmanagement.BlockPlacementPolicyDefault.chooseRandom(BlockPlacementPolicyDefault.java)
[BM][IPC Server handler 57 on 9000]ID=0,1
[BM][IPC Server handler 57 on 9000]ID=5,loop=1
[BM][IPC Server handler 57 on 9000]ID=4,loop=1
[BM][IPC Server handler 57 on 9000]ID=3,loop=1
[BM][IPC Server handler 57 on 9000]ID=2,loop=2
[BM][IPC Server handler 57 on 9000]ID=1,loop=2
[BM][IPC Server handler 57 on 9000]ID=6,0,loop=2
[BM][IPC Server handler 57 on 9000]ID=100,0
[BM][IPC Server handler 57 on 9000]ID=5,loop=1
[BM][IPC Server handler 57 on 9000][Method Entry]org.apache.hadoop.hdfs.server.blockmanagement.BlockPlacementPolicyDefault.chooseRandom(BlockPlacementPolicyDefault.java)
[BM][IPC Server handler 57 on 9000]ID=0,1
[BM][IPC Server handler 57 on 9000]ID=5,loop=1
[BM][IPC Server handler 57 on 9000]ID=4,loop=1
[BM][IPC Server handler 57 on 9000][Method Entry]org.apache.hadoop.hdfs.server.blockmanagement.BlockPlacementPolicyDefault.chooseRandom(BlockPlacementPolicyDefault.java)
[BM][IPC Server handler 57 on 9000]ID=0,1
[BM][IPC Server handler 57 on 9000]ID=5,loop=1
[BM][IPC Server handler 57 on 9000]ID=4,loop=1
[BM][IPC Server handler 57 on 9000]ID=3,loop=1
[BM][IPC Server handler 57 on 9000]ID=2,loop=2
[BM][IPC Server handler 57 on 9000]ID=1,loop=2
[BM][IPC Server handler 57 on 9000]ID=6,0,loop=2
[BM][IPC Server handler 57 on 9000]ID=100,0
[BM][IPC Server handler 57 on 9000]ID=5,loop=1
[BM][IPC Server handler 57 on 9000][Method Entry]org.apache.hadoop.hdfs.server.blockmanagement.BlockPlacementPolicyDefault.chooseRandom(BlockPlacementPolicyDefault.java)
[BM][IPC Server handler 57 on 9000]ID=0,1
[BM][IPC Server handler 57 on 9000]ID=5,loop=1
[BM][IPC Server handler 57 on 9000]ID=4,loop=1
[BM][IPC Server handler 57 on 9000][Method Entry]org.apache.hadoop.hdfs.server.blockmanagement.BlockPlacementPolicyDefault.chooseRandom(BlockPlacementPolicyDefault.java)
[BM][IPC Server handler 57 on 9000]ID=0,1
[BM][IPC Server handler 57 on 9000]ID=5,loop=1
[BM][IPC Server handler 57 on 9000]ID=4,loop=1
[BM][IPC Server handler 57 on 9000]ID=3,loop=1
[BM][IPC Server handler 57 on 9000]ID=2,loop=2
[BM][IPC Server handler 57 on 9000]ID=1,loop=2
[BM][IPC Server handler 57 on 9000]ID=6,0,loop=2
[BM][IPC Server handler 57 on 9000]ID=100,0
[BM][IPC Server handler 57 on 9000]ID=5,loop=1
[BM][IPC Server handler 98 on 9000][Method Entry]org.apache.hadoop.hdfs.server.blockmanagement.BlockPlacementPolicyDefault.chooseRandom(BlockPlacementPolicyDefault.java)
[BM][IPC Server handler 98 on 9000]ID=0,1
[BM][IPC Server handler 98 on 9000]ID=5,loop=1
[BM][IPC Server handler 98 on 9000]ID=4,loop=1
[BM][IPC Server handler 98 on 9000]ID=3,loop=1
[BM][IPC Server handler 98 on 9000]ID=2,loop=2
[BM][IPC Server handler 98 on 9000]ID=1,loop=2
[BM][IPC Server handler 98 on 9000]ID=6,0,loop=2
[BM][IPC Server handler 98 on 9000]ID=100,0
[BM][IPC Server handler 98 on 9000]ID=5,loop=1
[BM][IPC Server handler 98 on 9000][Method Entry]org.apache.hadoop.hdfs.server.blockmanagement.BlockPlacementPolicyDefault.chooseRandom(BlockPlacementPolicyDefault.java)
[BM][IPC Server handler 98 on 9000]ID=0,1
[BM][IPC Server handler 98 on 9000]ID=5,loop=1
[BM][IPC Server handler 98 on 9000]ID=4,loop=1
[BM][IPC Server handler 98 on 9000][Method Entry]org.apache.hadoop.hdfs.server.blockmanagement.BlockPlacementPolicyDefault.chooseRandom(BlockPlacementPolicyDefault.java)
[BM][IPC Server handler 98 on 9000]ID=0,1
[BM][IPC Server handler 98 on 9000]ID=5,loop=1
[BM][IPC Server handler 98 on 9000]ID=4,loop=1
[BM][IPC Server handler 98 on 9000]ID=3,loop=1
[BM][IPC Server handler 98 on 9000]ID=2,loop=2
[BM][IPC Server handler 98 on 9000]ID=1,loop=2
[BM][IPC Server handler 98 on 9000]ID=6,0,loop=2
[BM][IPC Server handler 98 on 9000]ID=100,0
[BM][IPC Server handler 98 on 9000]ID=5,loop=1
[BM][IPC Server handler 98 on 9000][Method Entry]org.apache.hadoop.hdfs.server.blockmanagement.BlockPlacementPolicyDefault.chooseRandom(BlockPlacementPolicyDefault.java)
[BM][IPC Server handler 98 on 9000]ID=0,1
[BM][IPC Server handler 98 on 9000]ID=5,loop=1
[BM][IPC Server handler 98 on 9000]ID=4,loop=1
[BM][IPC Server handler 98 on 9000]ID=3,loop=1
[BM][IPC Server handler 98 on 9000]ID=2,loop=2
[BM][IPC Server handler 98 on 9000]ID=1,loop=2
[BM][IPC Server handler 98 on 9000]ID=6,0,loop=2
[BM][IPC Server handler 98 on 9000]ID=100,0
[BM][IPC Server handler 98 on 9000]ID=5,loop=1
[BM][IPC Server handler 3 on 9000][Method Entry]org.apache.hadoop.hdfs.server.blockmanagement.BlockPlacementPolicyDefault.chooseRandom(BlockPlacementPolicyDefault.java)
[BM][IPC Server handler 3 on 9000]ID=0,1
[BM][IPC Server handler 3 on 9000]ID=5,loop=1
[BM][IPC Server handler 3 on 9000]ID=4,loop=1
[BM][IPC Server handler 3 on 9000]ID=3,loop=1
[BM][IPC Server handler 3 on 9000]ID=2,loop=2
[BM][IPC Server handler 3 on 9000]ID=1,loop=2
[BM][IPC Server handler 3 on 9000]ID=6,0,loop=2
[BM][IPC Server handler 3 on 9000]ID=100,0
[BM][IPC Server handler 3 on 9000]ID=5,loop=1
[BM][IPC Server handler 3 on 9000][Method Entry]org.apache.hadoop.hdfs.server.blockmanagement.BlockPlacementPolicyDefault.chooseRandom(BlockPlacementPolicyDefault.java)
[BM][IPC Server handler 3 on 9000]ID=0,1
[BM][IPC Server handler 3 on 9000]ID=5,loop=1
[BM][IPC Server handler 3 on 9000]ID=4,loop=1
[BM][IPC Server handler 3 on 9000][Method Entry]org.apache.hadoop.hdfs.server.blockmanagement.BlockPlacementPolicyDefault.chooseRandom(BlockPlacementPolicyDefault.java)
[BM][IPC Server handler 3 on 9000]ID=0,1
[BM][IPC Server handler 3 on 9000]ID=5,loop=1
[BM][IPC Server handler 3 on 9000]ID=4,loop=1
[BM][IPC Server handler 3 on 9000]ID=3,loop=1
[BM][IPC Server handler 3 on 9000]ID=2,loop=2
[BM][IPC Server handler 3 on 9000]ID=1,loop=2
[BM][IPC Server handler 3 on 9000]ID=6,0,loop=2
[BM][IPC Server handler 3 on 9000]ID=100,0
[BM][IPC Server handler 3 on 9000]ID=5,loop=1
[BM][IPC Server handler 3 on 9000][Method Entry]org.apache.hadoop.hdfs.server.blockmanagement.BlockPlacementPolicyDefault.chooseRandom(BlockPlacementPolicyDefault.java)
[BM][IPC Server handler 3 on 9000]ID=0,1
[BM][IPC Server handler 3 on 9000]ID=5,loop=1
[BM][IPC Server handler 3 on 9000]ID=4,loop=1
[BM][IPC Server handler 3 on 9000][Method Entry]org.apache.hadoop.hdfs.server.blockmanagement.BlockPlacementPolicyDefault.chooseRandom(BlockPlacementPolicyDefault.java)
[BM][IPC Server handler 3 on 9000]ID=0,1
[BM][IPC Server handler 3 on 9000]ID=5,loop=1
[BM][IPC Server handler 3 on 9000]ID=4,loop=1
[BM][IPC Server handler 3 on 9000]ID=3,loop=1
[BM][IPC Server handler 3 on 9000]ID=5,loop=1
[BM][IPC Server handler 3 on 9000]ID=4,loop=1
[BM][IPC Server handler 3 on 9000]ID=3,loop=1
[BM][IPC Server handler 3 on 9000]ID=5,loop=1
[BM][IPC Server handler 3 on 9000]ID=4,loop=1
[BM][IPC Server handler 3 on 9000]ID=3,loop=1
[BM][IPC Server handler 3 on 9000]ID=2,loop=2
[BM][IPC Server handler 3 on 9000]ID=1,loop=2
[BM][IPC Server handler 3 on 9000]ID=6,0,loop=2
[BM][IPC Server handler 3 on 9000]ID=100,0
[BM][IPC Server handler 3 on 9000]ID=5,loop=1
