[BM][org.apache.hadoop.hdfs.server.blockmanagement.BlockManager$ReplicationMonitor@72bc6553][Method Entry]org.apache.hadoop.hdfs.server.blockmanagement.BlockPlacementPolicyDefault.chooseRandom(BlockPlacementPolicyDefault.java)

[BM][org.apache.hadoop.hdfs.server.blockmanagement.BlockManager$ReplicationMonitor@72bc6553]ID=99,
[BM][org.apache.hadoop.hdfs.server.blockmanagement.BlockManager$ReplicationMonitor@72bc6553][Method Entry]org.apache.hadoop.hdfs.server.blockmanagement.BlockPlacementPolicyDefault.chooseRandom(BlockPlacementPolicyDefault.java)
[BM][o
[BM][org.apache.hadoop.hdfs.server.blockmanagement.BlockManager$ReplicationMonitor@72bc6553]ID=99,
[BM][org.apache.hadoop.hdfs.server.blockmanagement.BlockManager$ReplicationMonitor@72bc6553][Method Entry]org.apache.hadoop.hdfs.server.blockmanagement.BlockPlacementPolicyDefault.chooseRandom(BlockPlacementPolicyDefault.java)

[BM][org.apache.hadoop.hdfs.server.blockmanagement.BlockManager$ReplicationMonitor@72bc6553]ID=99,
[BM][IPC Server handler 57 on 9000][Method Entry]org.apache.hadoop.hdfs.server.blockmanagement.BlockPlacementPolicyDefault.chooseRandom(BlockPlacementPolicyDefault.java)

[BM][IPC Server handler 57 on 9000]ID=100,0

[BM][IPC Server handler 57 on 9000][Method Entry]org.apache.hadoop.hdfs.server.blockmanagement.BlockPlacementPolicyDefault.chooseRandom(BlockPlacementPolicyDefault.java)

[BM][IPC Server handler 57 on 9000]ID=99,
[BM][IPC Server handler 57 on 9000][Method Entry]org.apache.hadoop.hdfs.server.blockmanagement.BlockPlacementPolicyDefault.chooseRandom(BlockPlacementPolicyDefault.java)

[BM][IPC Server handler 57 on 9000]ID=100,0
[BM][IPC Server handler 57 on 9000][Method Entry]org.apache.hadoop.hdfs.server.blockmanagement.BlockPlacementPolicyDefault.chooseRandom(BlockPlacementPolicyDefault.java)

[BM][IPC Server handler 57 on 9000]ID=99,
[BM][IPC Server handler 57 on 9000][Method Entry]org.apache.hadoop.hdfs.server.blockmanagement.BlockPlacementPolicyDefault.chooseRandom(BlockPlacementPolicyDefault.java)

[BM][IPC Server handler 57 on 9000]ID=100,0
[BM][IPC Server handler 98 on 9000][Method Entry]org.apache.hadoop.hdfs.server.blockmanagement.BlockPlacementPolicyDefault.chooseRandom(BlockPlacementPolicyDefault.java)

[BM][IPC Server handler 98 on 9000]ID=100,0
[BM][IPC Server handler 98 on 9000][Method Entry]org.apache.hadoop.hdfs.server.blockmanagement.BlockPlacementPolicyDefault.chooseRandom(BlockPlacementPolicyDefault.java)

[BM][IPC Server handler 98 on 9000]ID=99,
[BM][IPC Server handler 98 on 9000][Method Entry]org.apache.hadoop.hdfs.server.blockmanagement.BlockPlacementPolicyDefault.chooseRandom(BlockPlacementPolicyDefault.java)

[BM][IPC Server handler 98 on 9000]ID=100,0
[BM][IPC Server handler 98 on 9000][Method Entry]org.apache.hadoop.hdfs.server.blockmanagement.BlockPlacementPolicyDefault.chooseRandom(BlockPlacementPolicyDefault.java)

[BM][IPC Server handler 98 on 9000]ID=100,0
[BM][IPC Server handler 3 on 9000][Method Entry]org.apache.hadoop.hdfs.server.blockmanagement.BlockPlacementPolicyDefault.chooseRandom(BlockPlacementPolicyDefault.java)

[BM][IPC Server handler 3 on 9000]ID=100,0
[BM][IPC Server handler 3 on 9000][Method Entry]org.apache.hadoop.hdfs.server.blockmanagement.BlockPlacementPolicyDefault.chooseRandom(BlockPlacementPolicyDefault.java)

[BM][IPC Server handler 3 on 9000]ID=99,
[BM][IPC Server handler 3 on 9000][Method Entry]org.apache.hadoop.hdfs.server.blockmanagement.BlockPlacementPolicyDefault.chooseRandom(BlockPlacementPolicyDefault.java)

[BM][IPC Server handler 3 on 9000]ID=100,0
[BM][IPC Server handler 3 on 9000][Method Entry]org.apache.hadoop.hdfs.server.blockmanagement.BlockPlacementPolicyDefault.chooseRandom(BlockPlacementPolicyDefault.java)

[BM][IPC Server handler 3 on 9000]ID=99,
[BM][IPC Server handler 3 on 9000][Method Entry]org.apache.hadoop.hdfs.server.blockmanagement.BlockPlacementPolicyDefault.chooseRandom(BlockPlacementPolicyDefault.java)

[BM][IPC Server handler 3 on 9000]ID=100,0
