[BM][IPC Server handler 42 on 9000]ID=-1,134217728
[BM][IPC Server handler 42 on 9000]ID=-1,134217728
[BM][IPC Server handler 42 on 9000]ID=100,0
[BM][IPC Server handler 42 on 9000]ID=-1,134217728
[BM][IPC Server handler 42 on 9000]ID=-1,134217728
[BM][IPC Server handler 42 on 9000]ID=100,0
[BM][IPC Server handler 29 on 9000]ID=-1,134217728
[BM][IPC Server handler 29 on 9000]ID=100,0
[BM][IPC Server handler 29 on 9000]ID=-1,134217728
[BM][IPC Server handler 29 on 9000]ID=-1,134217728
[BM][IPC Server handler 29 on 9000]ID=100,0
[BM][IPC Server handler 29 on 9000]ID=-1,134217728
[BM][IPC Server handler 29 on 9000]ID=-1,134217728
[BM][IPC Server handler 29 on 9000]ID=100,0
[BM][IPC Server handler 51 on 9000]ID=-1,134217728
[BM][IPC Server handler 51 on 9000]ID=100,0
[BM][IPC Server handler 51 on 9000]ID=-1,134217728
[BM][IPC Server handler 51 on 9000]ID=-1,134217728
[BM][IPC Server handler 51 on 9000]ID=100,0
[BM][IPC Server handler 51 on 9000]ID=-1,134217728
[BM][IPC Server handler 51 on 9000]ID=-1,134217728
[BM][IPC Server handler 51 on 9000]ID=100,0
[BM][org.apache.hadoop.hdfs.server.blockmanagement.BlockManager$ReplicationMonitor@72bc6553]ID=-1,100000000
[BM][org.apache.hadoop.hdfs.server.blockmanagement.BlockManager$ReplicationMonitor@72bc6553]ID=100,0
[BM][IPC Server handler 44 on 9000]ID=-1,134217728
[BM][IPC Server handler 44 on 9000]ID=100,0
[BM][IPC Server handler 44 on 9000]ID=-1,134217728
[BM][IPC Server handler 44 on 9000]ID=-1,134217728
[BM][IPC Server handler 44 on 9000]ID=100,0
[BM][IPC Server handler 44 on 9000]ID=-1,134217728
[BM][IPC Server handler 44 on 9000]ID=-1,134217728
[BM][IPC Server handler 44 on 9000]ID=100,0
[BM][IPC Server handler 60 on 9000]ID=-1,134217728
[BM][IPC Server handler 60 on 9000]ID=100,0
[BM][IPC Server handler 60 on 9000]ID=-1,134217728
[BM][IPC Server handler 60 on 9000]ID=-1,134217728
[BM][IPC Server handler 60 on 9000]ID=100,0
[BM][IPC Server handler 60 on 9000]ID=-1,134217728
[BM][IPC Server handler 60 on 9000]ID=-1,134217728
[BM][IPC Server handler 60 on 9000]ID=100,0
[BM][IPC Server handler 18 on 9000]ID=-1,134217728
[BM][IPC Server handler 18 on 9000]ID=100,0
[BM][IPC Server handler 18 on 9000]ID=-1,134217728
[BM][IPC Server handler 18 on 9000]ID=-1,134217728
[BM][IPC Server handler 18 on 9000]ID=100,0
[BM][IPC Server handler 18 on 9000]ID=-1,134217728
[BM][IPC Server handler 18 on 9000]ID=-1,134217728
[BM][IPC Server handler 18 on 9000]ID=100,0
[BM][org.apache.hadoop.hdfs.server.blockmanagement.BlockManager$ReplicationMonitor@72bc6553]ID=-1,100000000
[BM][org.apache.hadoop.hdfs.server.blockmanagement.BlockManager$ReplicationMonitor@72bc6553]ID=100,0
[BM][org.apache.hadoop.hdfs.server.blockmanagement.BlockManager$ReplicationMonitor@72bc6553]ID=-1,100000000
[BM][org.apache.hadoop.hdfs.server.blockmanagement.BlockManager$ReplicationMonitor@72bc6553]ID=100,0
[BM][org.apache.hadoop.hdfs.server.blockmanagement.BlockManager$ReplicationMonitor@72bc6553]ID=-1,100000000
[BM][org.apache.hadoop.hdfs.server.blockmanagement.BlockManager$ReplicationMonitor@72bc6553]ID=100,0
[BM][IPC Server handler 73 on 9000]ID=-1,134217728
[BM][IPC Server handler 73 on 9000]ID=100,0
[BM][IPC Server handler 73 on 9000]ID=-1,134217728
[BM][IPC Server handler 73 on 9000]ID=-1,134217728
[BM][IPC Server handler 73 on 9000]ID=100,0
[BM][IPC Server handler 73 on 9000]ID=-1,134217728
[BM][IPC Server handler 73 on 9000]ID=-1,134217728
[BM][IPC Server handler 73 on 9000]ID=100,0
[BM][IPC Server handler 23 on 9000]ID=-1,134217728
[BM][IPC Server handler 23 on 9000]ID=100,0
[BM][IPC Server handler 23 on 9000]ID=-1,134217728
[BM][IPC Server handler 23 on 9000]ID=-1,134217728
[BM][IPC Server handler 23 on 9000]ID=100,0
[BM][IPC Server handler 23 on 9000]ID=-1,134217728
[BM][IPC Server handler 23 on 9000]ID=-1,134217728
[BM][IPC Server handler 23 on 9000]ID=100,0
[BM][IPC Server handler 51 on 9000]ID=-1,134217728
[BM][IPC Server handler 51 on 9000]ID=100,0
[BM][IPC Server handler 51 on 9000]ID=-1,134217728
[BM][IPC Server handler 51 on 9000]ID=-1,134217728
[BM][IPC Server handler 51 on 9000]ID=100,0
[BM][IPC Server handler 51 on 9000]ID=-1,134217728
[BM][IPC Server handler 51 on 9000]ID=-1,134217728
[BM][IPC Server handler 51 on 9000]ID=100,0
[BM][org.apache.hadoop.hdfs.server.blockmanagement.BlockManager$ReplicationMonitor@72bc6553]ID=-1,100000000
[BM][org.apache.hadoop.hdfs.server.blockmanagement.BlockManager$ReplicationMonitor@72bc6553]ID=100,0
[BM][org.apache.hadoop.hdfs.server.blockmanagement.BlockManager$ReplicationMonitor@72bc6553]ID=-1,100000000
[BM][org.apache.hadoop.hdfs.server.blockmanagement.BlockManager$ReplicationMonitor@72bc6553]ID=100,0
[BM][org.apache.hadoop.hdfs.server.blockmanagement.BlockManager$ReplicationMonitor@72bc6553]ID=-1,100000000
[BM][org.apache.hadoop.hdfs.server.blockmanagement.BlockManager$ReplicationMonitor@72bc6553]ID=100,0
[BM][IPC Server handler 30 on 9000]ID=-1,134217728
[BM][IPC Server handler 30 on 9000]ID=100,0
[BM][IPC Server handler 30 on 9000]ID=-1,134217728
[BM][IPC Server handler 30 on 9000]ID=-1,134217728
[BM][IPC Server handler 30 on 9000]ID=100,0
[BM][IPC Server handler 30 on 9000]ID=-1,134217728
[BM][IPC Server handler 30 on 9000]ID=-1,134217728
[BM][IPC Server handler 30 on 9000]ID=100,0
[BM][IPC Server handler 72 on 9000]ID=-1,134217728
[BM][IPC Server handler 72 on 9000]ID=100,0
[BM][IPC Server handler 72 on 9000]ID=-1,134217728
[BM][IPC Server handler 72 on 9000]ID=-1,134217728
[BM][IPC Server handler 72 on 9000]ID=100,0
[BM][IPC Server handler 72 on 9000]ID=-1,134217728
[BM][IPC Server handler 72 on 9000]ID=-1,134217728
[BM][IPC Server handler 72 on 9000]ID=100,0
[BM][IPC Server handler 44 on 9000]ID=-1,134217728
[BM][IPC Server handler 44 on 9000]ID=100,0
[BM][IPC Server handler 44 on 9000]ID=-1,134217728
[BM][IPC Server handler 44 on 9000]ID=-1,134217728
[BM][IPC Server handler 44 on 9000]ID=100,0
[BM][IPC Server handler 44 on 9000]ID=-1,134217728
[BM][IPC Server handler 44 on 9000]ID=-1,134217728
[BM][IPC Server handler 44 on 9000]ID=100,0
[BM][org.apache.hadoop.hdfs.server.blockmanagement.BlockManager$ReplicationMonitor@72bc6553]ID=-1,100000000
[BM][org.apache.hadoop.hdfs.server.blockmanagement.BlockManager$ReplicationMonitor@72bc6553]ID=100,0
[BM][org.apache.hadoop.hdfs.server.blockmanagement.BlockManager$ReplicationMonitor@72bc6553]ID=-1,100000000
[BM][org.apache.hadoop.hdfs.server.blockmanagement.BlockManager$ReplicationMonitor@72bc6553]ID=100,0
[BM][org.apache.hadoop.hdfs.server.blockmanagement.BlockManager$ReplicationMonitor@72bc6553]ID=-1,100000000
[BM][org.apache.hadoop.hdfs.server.blockmanagement.BlockManager$ReplicationMonitor@72bc6553]ID=100,0
[BM][IPC Server handler 90 on 9000]ID=-1,134217728
[BM][IPC Server handler 90 on 9000]ID=100,0
[BM][IPC Server handler 90 on 9000]ID=-1,134217728
[BM][IPC Server handler 90 on 9000]ID=-1,134217728
[BM][IPC Server handler 90 on 9000]ID=100,0
[BM][IPC Server handler 90 on 9000]ID=-1,134217728
[BM][IPC Server handler 90 on 9000]ID=-1,134217728
[BM][IPC Server handler 90 on 9000]ID=100,0
[BM][IPC Server handler 58 on 9000]ID=-1,134217728
[BM][IPC Server handler 58 on 9000]ID=100,0
[BM][IPC Server handler 58 on 9000]ID=-1,134217728
[BM][IPC Server handler 58 on 9000]ID=-1,134217728
[BM][IPC Server handler 58 on 9000]ID=100,0
[BM][IPC Server handler 58 on 9000]ID=-1,134217728
[BM][IPC Server handler 58 on 9000]ID=-1,134217728
[BM][IPC Server handler 58 on 9000]ID=100,0
[BM][IPC Server handler 93 on 9000]ID=-1,134217728
[BM][IPC Server handler 93 on 9000]ID=100,0
[BM][IPC Server handler 93 on 9000]ID=-1,134217728
[BM][IPC Server handler 93 on 9000]ID=-1,134217728
[BM][IPC Server handler 93 on 9000]ID=100,0
[BM][IPC Server handler 93 on 9000]ID=-1,134217728
[BM][IPC Server handler 93 on 9000]ID=-1,134217728
[BM][IPC Server handler 93 on 9000]ID=100,0
[BM][org.apache.hadoop.hdfs.server.blockmanagement.BlockManager$ReplicationMonitor@72bc6553]ID=-1,9223372036854775807
[BM][org.apache.hadoop.hdfs.server.blockmanagement.BlockManager$ReplicationMonitor@72bc6553]ID=-1,9223372036854775807
[BM][org.apache.hadoop.hdfs.server.blockmanagement.BlockManager$ReplicationMonitor@72bc6553]ID=-1,9223372036854775807
[BM][IPC Server handler 73 on 9000]ID=-1,134217728
[BM][IPC Server handler 73 on 9000]ID=100,0
[BM][IPC Server handler 73 on 9000]ID=-1,134217728
[BM][IPC Server handler 73 on 9000]ID=-1,134217728
[BM][IPC Server handler 73 on 9000]ID=100,0
[BM][IPC Server handler 73 on 9000]ID=-1,134217728
[BM][IPC Server handler 73 on 9000]ID=-1,134217728
[BM][IPC Server handler 73 on 9000]ID=100,0
[BM][IPC Server handler 75 on 9000]ID=-1,134217728
[BM][IPC Server handler 75 on 9000]ID=100,0
[BM][IPC Server handler 75 on 9000]ID=-1,134217728
[BM][IPC Server handler 75 on 9000]ID=-1,134217728
[BM][IPC Server handler 75 on 9000]ID=100,0
[BM][IPC Server handler 75 on 9000]ID=-1,134217728
[BM][IPC Server handler 75 on 9000]ID=-1,134217728
[BM][IPC Server handler 75 on 9000]ID=100,0
[BM][IPC Server handler 88 on 9000]ID=-1,134217728
[BM][IPC Server handler 88 on 9000]ID=100,0
[BM][IPC Server handler 88 on 9000]ID=-1,134217728
[BM][IPC Server handler 88 on 9000]ID=-1,134217728
[BM][IPC Server handler 88 on 9000]ID=100,0
[BM][IPC Server handler 88 on 9000]ID=-1,134217728
[BM][IPC Server handler 88 on 9000]ID=-1,134217728
[BM][IPC Server handler 88 on 9000]ID=100,0
[BM][IPC Server handler 60 on 9000]ID=-1,134217728
[BM][IPC Server handler 60 on 9000]ID=100,0
[BM][IPC Server handler 60 on 9000]ID=-1,134217728
[BM][IPC Server handler 60 on 9000]ID=-1,134217728
[BM][IPC Server handler 60 on 9000]ID=100,0
[BM][IPC Server handler 60 on 9000]ID=-1,134217728
[BM][IPC Server handler 60 on 9000]ID=-1,134217728
[BM][IPC Server handler 60 on 9000]ID=100,0
[BM][IPC Server handler 88 on 9000]ID=-1,134217728
[BM][IPC Server handler 88 on 9000]ID=100,0
[BM][IPC Server handler 88 on 9000]ID=-1,134217728
[BM][IPC Server handler 88 on 9000]ID=-1,134217728
[BM][IPC Server handler 88 on 9000]ID=100,0
[BM][IPC Server handler 88 on 9000]ID=-1,134217728
[BM][IPC Server handler 88 on 9000]ID=-1,134217728
[BM][IPC Server handler 88 on 9000]ID=100,0
[BM][IPC Server handler 10 on 9000]ID=-1,134217728
[BM][IPC Server handler 10 on 9000]ID=100,0
[BM][IPC Server handler 10 on 9000]ID=-1,134217728
[BM][IPC Server handler 10 on 9000]ID=-1,134217728
[BM][IPC Server handler 10 on 9000]ID=100,0
[BM][IPC Server handler 10 on 9000]ID=-1,134217728
[BM][IPC Server handler 10 on 9000]ID=-1,134217728
[BM][IPC Server handler 10 on 9000]ID=100,0
[BM][org.apache.hadoop.hdfs.server.blockmanagement.BlockManager$ReplicationMonitor@72bc6553]ID=-1,100000000
[BM][org.apache.hadoop.hdfs.server.blockmanagement.BlockManager$ReplicationMonitor@72bc6553]ID=100,0
[BM][org.apache.hadoop.hdfs.server.blockmanagement.BlockManager$ReplicationMonitor@72bc6553]ID=-1,100000000
[BM][org.apache.hadoop.hdfs.server.blockmanagement.BlockManager$ReplicationMonitor@72bc6553]ID=100,0
[BM][org.apache.hadoop.hdfs.server.blockmanagement.BlockManager$ReplicationMonitor@72bc6553]ID=-1,100000000
[BM][org.apache.hadoop.hdfs.server.blockmanagement.BlockManager$ReplicationMonitor@72bc6553]ID=100,0
[BM][IPC Server handler 54 on 9000]ID=-1,134217728
[BM][IPC Server handler 54 on 9000]ID=100,0
[BM][IPC Server handler 54 on 9000]ID=-1,134217728
[BM][IPC Server handler 54 on 9000]ID=-1,134217728
[BM][IPC Server handler 54 on 9000]ID=100,0
[BM][IPC Server handler 54 on 9000]ID=-1,134217728
[BM][IPC Server handler 54 on 9000]ID=-1,134217728
[BM][IPC Server handler 54 on 9000]ID=100,0
[BM][IPC Server handler 26 on 9000]ID=-1,134217728
[BM][IPC Server handler 26 on 9000]ID=100,0
[BM][IPC Server handler 26 on 9000]ID=-1,134217728
[BM][IPC Server handler 26 on 9000]ID=-1,134217728
[BM][IPC Server handler 26 on 9000]ID=100,0
[BM][IPC Server handler 26 on 9000]ID=-1,134217728
[BM][IPC Server handler 26 on 9000]ID=-1,134217728
[BM][IPC Server handler 26 on 9000]ID=100,0
[BM][IPC Server handler 41 on 9000]ID=-1,134217728
[BM][IPC Server handler 41 on 9000]ID=100,0
[BM][IPC Server handler 41 on 9000]ID=-1,134217728
[BM][IPC Server handler 41 on 9000]ID=-1,134217728
[BM][IPC Server handler 41 on 9000]ID=100,0
[BM][IPC Server handler 41 on 9000]ID=-1,134217728
[BM][IPC Server handler 41 on 9000]ID=-1,134217728
[BM][IPC Server handler 41 on 9000]ID=100,0
[BM][org.apache.hadoop.hdfs.server.blockmanagement.BlockManager$ReplicationMonitor@72bc6553]ID=-1,9223372036854775807
[BM][org.apache.hadoop.hdfs.server.blockmanagement.BlockManager$ReplicationMonitor@72bc6553]ID=-1,9223372036854775807
[BM][org.apache.hadoop.hdfs.server.blockmanagement.BlockManager$ReplicationMonitor@72bc6553]ID=-1,9223372036854775807
[BM][IPC Server handler 93 on 9000]ID=-1,134217728
[BM][IPC Server handler 93 on 9000]ID=100,0
[BM][IPC Server handler 93 on 9000]ID=-1,134217728
[BM][IPC Server handler 93 on 9000]ID=-1,134217728
[BM][IPC Server handler 93 on 9000]ID=100,0
[BM][IPC Server handler 93 on 9000]ID=-1,134217728
[BM][IPC Server handler 93 on 9000]ID=-1,134217728
[BM][IPC Server handler 93 on 9000]ID=100,0
[BM][IPC Server handler 30 on 9000]ID=-1,134217728
[BM][IPC Server handler 30 on 9000]ID=100,0
[BM][IPC Server handler 30 on 9000]ID=-1,134217728
[BM][IPC Server handler 30 on 9000]ID=-1,134217728
[BM][IPC Server handler 30 on 9000]ID=100,0
[BM][IPC Server handler 30 on 9000]ID=-1,134217728
[BM][IPC Server handler 30 on 9000]ID=-1,134217728
[BM][IPC Server handler 30 on 9000]ID=100,0
[BM][IPC Server handler 48 on 9000]ID=-1,134217728
[BM][IPC Server handler 48 on 9000]ID=100,0
[BM][IPC Server handler 48 on 9000]ID=-1,134217728
[BM][IPC Server handler 48 on 9000]ID=-1,134217728
[BM][IPC Server handler 48 on 9000]ID=100,0
[BM][IPC Server handler 48 on 9000]ID=-1,134217728
[BM][IPC Server handler 48 on 9000]ID=-1,134217728
[BM][IPC Server handler 48 on 9000]ID=100,0
[BM][IPC Server handler 51 on 9000]ID=-1,134217728
[BM][IPC Server handler 51 on 9000]ID=100,0
[BM][IPC Server handler 51 on 9000]ID=-1,134217728
[BM][IPC Server handler 51 on 9000]ID=-1,134217728
[BM][IPC Server handler 51 on 9000]ID=100,0
[BM][IPC Server handler 51 on 9000]ID=-1,134217728
[BM][IPC Server handler 51 on 9000]ID=-1,134217728
[BM][IPC Server handler 51 on 9000]ID=100,0
[BM][IPC Server handler 82 on 9000]ID=-1,134217728
[BM][IPC Server handler 82 on 9000]ID=100,0
[BM][IPC Server handler 82 on 9000]ID=-1,134217728
[BM][IPC Server handler 82 on 9000]ID=-1,134217728
[BM][IPC Server handler 82 on 9000]ID=100,0
[BM][IPC Server handler 82 on 9000]ID=-1,134217728
[BM][IPC Server handler 82 on 9000]ID=-1,134217728
[BM][IPC Server handler 82 on 9000]ID=100,0
[BM][IPC Server handler 2 on 9000]ID=-1,134217728
[BM][IPC Server handler 2 on 9000]ID=100,0
[BM][IPC Server handler 2 on 9000]ID=-1,134217728
[BM][IPC Server handler 2 on 9000]ID=-1,134217728
[BM][IPC Server handler 2 on 9000]ID=100,0
[BM][IPC Server handler 2 on 9000]ID=-1,134217728
[BM][IPC Server handler 2 on 9000]ID=-1,134217728
[BM][IPC Server handler 2 on 9000]ID=100,0
[BM][org.apache.hadoop.hdfs.server.blockmanagement.BlockManager$ReplicationMonitor@72bc6553]ID=-1,100000000
[BM][org.apache.hadoop.hdfs.server.blockmanagement.BlockManager$ReplicationMonitor@72bc6553]ID=100,0
[BM][org.apache.hadoop.hdfs.server.blockmanagement.BlockManager$ReplicationMonitor@72bc6553]ID=-1,100000000
[BM][org.apache.hadoop.hdfs.server.blockmanagement.BlockManager$ReplicationMonitor@72bc6553]ID=100,0
[BM][org.apache.hadoop.hdfs.server.blockmanagement.BlockManager$ReplicationMonitor@72bc6553]ID=-1,100000000
[BM][org.apache.hadoop.hdfs.server.blockmanagement.BlockManager$ReplicationMonitor@72bc6553]ID=100,0
[BM][IPC Server handler 81 on 9000]ID=-1,134217728
[BM][IPC Server handler 81 on 9000]ID=100,0
[BM][IPC Server handler 81 on 9000]ID=-1,134217728
[BM][IPC Server handler 81 on 9000]ID=-1,134217728
[BM][IPC Server handler 81 on 9000]ID=100,0
[BM][IPC Server handler 81 on 9000]ID=-1,134217728
[BM][IPC Server handler 81 on 9000]ID=-1,134217728
[BM][IPC Server handler 81 on 9000]ID=100,0
[BM][IPC Server handler 80 on 9000]ID=-1,134217728
[BM][IPC Server handler 80 on 9000]ID=100,0
[BM][IPC Server handler 80 on 9000]ID=-1,134217728
[BM][IPC Server handler 80 on 9000]ID=-1,134217728
[BM][IPC Server handler 80 on 9000]ID=100,0
[BM][IPC Server handler 80 on 9000]ID=-1,134217728
[BM][IPC Server handler 80 on 9000]ID=-1,134217728
[BM][IPC Server handler 80 on 9000]ID=100,0
[BM][IPC Server handler 96 on 9000]ID=-1,134217728
[BM][IPC Server handler 96 on 9000]ID=100,0
[BM][IPC Server handler 96 on 9000]ID=-1,134217728
[BM][IPC Server handler 96 on 9000]ID=-1,134217728
[BM][IPC Server handler 96 on 9000]ID=100,0
[BM][IPC Server handler 96 on 9000]ID=-1,134217728
[BM][IPC Server handler 96 on 9000]ID=-1,134217728
[BM][IPC Server handler 96 on 9000]ID=100,0
[BM][org.apache.hadoop.hdfs.server.blockmanagement.BlockManager$ReplicationMonitor@72bc6553]ID=-1,9223372036854775807
[BM][org.apache.hadoop.hdfs.server.blockmanagement.BlockManager$ReplicationMonitor@72bc6553]ID=-1,9223372036854775807
[BM][org.apache.hadoop.hdfs.server.blockmanagement.BlockManager$ReplicationMonitor@72bc6553]ID=-1,9223372036854775807
[BM][IPC Server handler 67 on 9000]ID=-1,134217728
[BM][IPC Server handler 67 on 9000]ID=100,0
[BM][IPC Server handler 67 on 9000]ID=-1,134217728
[BM][IPC Server handler 67 on 9000]ID=-1,134217728
[BM][IPC Server handler 67 on 9000]ID=100,0
[BM][IPC Server handler 67 on 9000]ID=-1,134217728
[BM][IPC Server handler 67 on 9000]ID=-1,134217728
[BM][IPC Server handler 67 on 9000]ID=100,0
[BM][IPC Server handler 93 on 9000]ID=-1,134217728
[BM][IPC Server handler 93 on 9000]ID=100,0
[BM][IPC Server handler 93 on 9000]ID=-1,134217728
[BM][IPC Server handler 93 on 9000]ID=-1,134217728
[BM][IPC Server handler 93 on 9000]ID=100,0
[BM][IPC Server handler 93 on 9000]ID=-1,134217728
[BM][IPC Server handler 93 on 9000]ID=-1,134217728
[BM][IPC Server handler 93 on 9000]ID=100,0
[BM][IPC Server handler 81 on 9000]ID=-1,134217728
[BM][IPC Server handler 81 on 9000]ID=100,0
[BM][IPC Server handler 81 on 9000]ID=-1,134217728
[BM][IPC Server handler 81 on 9000]ID=-1,134217728
[BM][IPC Server handler 81 on 9000]ID=100,0
[BM][IPC Server handler 81 on 9000]ID=-1,134217728
[BM][IPC Server handler 81 on 9000]ID=-1,134217728
[BM][IPC Server handler 81 on 9000]ID=100,0
[BM][IPC Server handler 55 on 9000]ID=-1,134217728
[BM][IPC Server handler 55 on 9000]ID=100,0
[BM][IPC Server handler 55 on 9000]ID=-1,134217728
[BM][IPC Server handler 55 on 9000]ID=-1,134217728
[BM][IPC Server handler 55 on 9000]ID=100,0
[BM][IPC Server handler 55 on 9000]ID=-1,134217728
[BM][IPC Server handler 55 on 9000]ID=-1,134217728
[BM][IPC Server handler 55 on 9000]ID=100,0
[BM][IPC Server handler 30 on 9000]ID=-1,134217728
[BM][IPC Server handler 30 on 9000]ID=100,0
[BM][IPC Server handler 30 on 9000]ID=-1,134217728
[BM][IPC Server handler 30 on 9000]ID=-1,134217728
[BM][IPC Server handler 30 on 9000]ID=100,0
[BM][IPC Server handler 30 on 9000]ID=-1,134217728
[BM][IPC Server handler 30 on 9000]ID=-1,134217728
[BM][IPC Server handler 30 on 9000]ID=100,0
[BM][IPC Server handler 52 on 9000]ID=-1,134217728
[BM][IPC Server handler 52 on 9000]ID=100,0
[BM][IPC Server handler 52 on 9000]ID=-1,134217728
[BM][IPC Server handler 52 on 9000]ID=-1,134217728
[BM][IPC Server handler 52 on 9000]ID=100,0
[BM][IPC Server handler 52 on 9000]ID=-1,134217728
[BM][IPC Server handler 52 on 9000]ID=-1,134217728
[BM][IPC Server handler 52 on 9000]ID=100,0
[BM][org.apache.hadoop.hdfs.server.blockmanagement.BlockManager$ReplicationMonitor@72bc6553]ID=-1,100000000
[BM][org.apache.hadoop.hdfs.server.blockmanagement.BlockManager$ReplicationMonitor@72bc6553]ID=100,0
[BM][org.apache.hadoop.hdfs.server.blockmanagement.BlockManager$ReplicationMonitor@72bc6553]ID=-1,100000000
[BM][org.apache.hadoop.hdfs.server.blockmanagement.BlockManager$ReplicationMonitor@72bc6553]ID=100,0
[BM][org.apache.hadoop.hdfs.server.blockmanagement.BlockManager$ReplicationMonitor@72bc6553]ID=-1,100000000
[BM][org.apache.hadoop.hdfs.server.blockmanagement.BlockManager$ReplicationMonitor@72bc6553]ID=100,0
[BM][IPC Server handler 85 on 9000]ID=-1,134217728
[BM][IPC Server handler 85 on 9000]ID=100,0
[BM][IPC Server handler 85 on 9000]ID=-1,134217728
[BM][IPC Server handler 85 on 9000]ID=-1,134217728
[BM][IPC Server handler 85 on 9000]ID=100,0
[BM][IPC Server handler 85 on 9000]ID=-1,134217728
[BM][IPC Server handler 85 on 9000]ID=-1,134217728
[BM][IPC Server handler 85 on 9000]ID=100,0
[BM][IPC Server handler 13 on 9000]ID=-1,134217728
[BM][IPC Server handler 13 on 9000]ID=100,0
[BM][IPC Server handler 13 on 9000]ID=-1,134217728
[BM][IPC Server handler 13 on 9000]ID=-1,134217728
[BM][IPC Server handler 13 on 9000]ID=100,0
[BM][IPC Server handler 13 on 9000]ID=-1,134217728
[BM][IPC Server handler 13 on 9000]ID=-1,134217728
[BM][IPC Server handler 13 on 9000]ID=100,0
[BM][IPC Server handler 54 on 9000]ID=-1,134217728
[BM][IPC Server handler 54 on 9000]ID=100,0
[BM][IPC Server handler 54 on 9000]ID=-1,134217728
[BM][IPC Server handler 54 on 9000]ID=-1,134217728
[BM][IPC Server handler 54 on 9000]ID=100,0
[BM][IPC Server handler 54 on 9000]ID=-1,134217728
[BM][IPC Server handler 54 on 9000]ID=-1,134217728
[BM][IPC Server handler 54 on 9000]ID=100,0
[BM][org.apache.hadoop.hdfs.server.blockmanagement.BlockManager$ReplicationMonitor@72bc6553]ID=-1,100000000
[BM][org.apache.hadoop.hdfs.server.blockmanagement.BlockManager$ReplicationMonitor@72bc6553]ID=100,0
[BM][org.apache.hadoop.hdfs.server.blockmanagement.BlockManager$ReplicationMonitor@72bc6553]ID=-1,100000000
[BM][org.apache.hadoop.hdfs.server.blockmanagement.BlockManager$ReplicationMonitor@72bc6553]ID=100,0
[BM][org.apache.hadoop.hdfs.server.blockmanagement.BlockManager$ReplicationMonitor@72bc6553]ID=-1,100000000
[BM][org.apache.hadoop.hdfs.server.blockmanagement.BlockManager$ReplicationMonitor@72bc6553]ID=100,0
[BM][IPC Server handler 57 on 9000]ID=-1,134217728
[BM][IPC Server handler 57 on 9000]ID=100,0
[BM][IPC Server handler 57 on 9000]ID=-1,134217728
[BM][IPC Server handler 57 on 9000]ID=-1,134217728
[BM][IPC Server handler 57 on 9000]ID=100,0
[BM][IPC Server handler 57 on 9000]ID=-1,134217728
[BM][IPC Server handler 57 on 9000]ID=-1,134217728
[BM][IPC Server handler 57 on 9000]ID=100,0
[BM][IPC Server handler 93 on 9000]ID=-1,134217728
[BM][IPC Server handler 93 on 9000]ID=100,0
[BM][IPC Server handler 93 on 9000]ID=-1,134217728
[BM][IPC Server handler 93 on 9000]ID=-1,134217728
[BM][IPC Server handler 93 on 9000]ID=100,0
[BM][IPC Server handler 93 on 9000]ID=-1,134217728
[BM][IPC Server handler 93 on 9000]ID=-1,134217728
[BM][IPC Server handler 93 on 9000]ID=100,0
[BM][IPC Server handler 29 on 9000]ID=-1,134217728
[BM][IPC Server handler 29 on 9000]ID=100,0
[BM][IPC Server handler 29 on 9000]ID=-1,134217728
[BM][IPC Server handler 29 on 9000]ID=-1,134217728
[BM][IPC Server handler 29 on 9000]ID=100,0
[BM][IPC Server handler 29 on 9000]ID=-1,134217728
[BM][IPC Server handler 29 on 9000]ID=-1,134217728
[BM][IPC Server handler 29 on 9000]ID=100,0
[BM][org.apache.hadoop.hdfs.server.blockmanagement.BlockManager$ReplicationMonitor@72bc6553]ID=-1,100000000
[BM][org.apache.hadoop.hdfs.server.blockmanagement.BlockManager$ReplicationMonitor@72bc6553]ID=100,0
[BM][org.apache.hadoop.hdfs.server.blockmanagement.BlockManager$ReplicationMonitor@72bc6553]ID=-1,100000000
[BM][org.apache.hadoop.hdfs.server.blockmanagement.BlockManager$ReplicationMonitor@72bc6553]ID=100,0
[BM][org.apache.hadoop.hdfs.server.blockmanagement.BlockManager$ReplicationMonitor@72bc6553]ID=-1,100000000
[BM][org.apache.hadoop.hdfs.server.blockmanagement.BlockManager$ReplicationMonitor@72bc6553]ID=100,0
[BM][IPC Server handler 13 on 9000]ID=-1,134217728
[BM][IPC Server handler 13 on 9000]ID=100,0
[BM][IPC Server handler 13 on 9000]ID=-1,134217728
[BM][IPC Server handler 13 on 9000]ID=-1,134217728
[BM][IPC Server handler 13 on 9000]ID=100,0
[BM][IPC Server handler 13 on 9000]ID=-1,134217728
[BM][IPC Server handler 13 on 9000]ID=-1,134217728
[BM][IPC Server handler 13 on 9000]ID=100,0
[BM][IPC Server handler 80 on 9000]ID=-1,134217728
[BM][IPC Server handler 80 on 9000]ID=100,0
[BM][IPC Server handler 80 on 9000]ID=-1,134217728
[BM][IPC Server handler 80 on 9000]ID=-1,134217728
[BM][IPC Server handler 80 on 9000]ID=100,0
[BM][IPC Server handler 80 on 9000]ID=-1,134217728
[BM][IPC Server handler 80 on 9000]ID=-1,134217728
[BM][IPC Server handler 80 on 9000]ID=100,0
[BM][IPC Server handler 4 on 9000]ID=-1,134217728
[BM][IPC Server handler 4 on 9000]ID=100,0
[BM][IPC Server handler 4 on 9000]ID=-1,134217728
[BM][IPC Server handler 4 on 9000]ID=-1,134217728
[BM][IPC Server handler 4 on 9000]ID=100,0
[BM][IPC Server handler 4 on 9000]ID=-1,134217728
[BM][IPC Server handler 4 on 9000]ID=-1,134217728
[BM][IPC Server handler 4 on 9000]ID=100,0
[BM][org.apache.hadoop.hdfs.server.blockmanagement.BlockManager$ReplicationMonitor@72bc6553]ID=-1,100000000
[BM][org.apache.hadoop.hdfs.server.blockmanagement.BlockManager$ReplicationMonitor@72bc6553]ID=100,0
[BM][org.apache.hadoop.hdfs.server.blockmanagement.BlockManager$ReplicationMonitor@72bc6553]ID=-1,100000000
[BM][org.apache.hadoop.hdfs.server.blockmanagement.BlockManager$ReplicationMonitor@72bc6553]ID=100,0
[BM][org.apache.hadoop.hdfs.server.blockmanagement.BlockManager$ReplicationMonitor@72bc6553]ID=-1,100000000
[BM][org.apache.hadoop.hdfs.server.blockmanagement.BlockManager$ReplicationMonitor@72bc6553]ID=100,0
[BM][IPC Server handler 4 on 9000]ID=-1,134217728
[BM][IPC Server handler 4 on 9000]ID=100,0
[BM][IPC Server handler 4 on 9000]ID=-1,134217728
[BM][IPC Server handler 4 on 9000]ID=-1,134217728
[BM][IPC Server handler 4 on 9000]ID=100,0
[BM][IPC Server handler 4 on 9000]ID=-1,134217728
[BM][IPC Server handler 4 on 9000]ID=-1,134217728
[BM][IPC Server handler 4 on 9000]ID=100,0
[BM][IPC Server handler 42 on 9000]ID=-1,134217728
[BM][IPC Server handler 42 on 9000]ID=100,0
[BM][IPC Server handler 42 on 9000]ID=-1,134217728
[BM][IPC Server handler 42 on 9000]ID=-1,134217728
[BM][IPC Server handler 42 on 9000]ID=100,0
[BM][IPC Server handler 42 on 9000]ID=-1,134217728
[BM][IPC Server handler 42 on 9000]ID=-1,134217728
[BM][IPC Server handler 42 on 9000]ID=100,0
[BM][IPC Server handler 92 on 9000]ID=-1,134217728
[BM][IPC Server handler 92 on 9000]ID=100,0
[BM][IPC Server handler 92 on 9000]ID=-1,134217728
[BM][IPC Server handler 92 on 9000]ID=-1,134217728
[BM][IPC Server handler 92 on 9000]ID=100,0
[BM][IPC Server handler 92 on 9000]ID=-1,134217728
[BM][IPC Server handler 92 on 9000]ID=-1,134217728
[BM][IPC Server handler 92 on 9000]ID=100,0
[BM][IPC Server handler 36 on 9000]ID=-1,134217728
[BM][IPC Server handler 36 on 9000]ID=100,0
[BM][IPC Server handler 36 on 9000]ID=-1,134217728
[BM][IPC Server handler 36 on 9000]ID=-1,134217728
[BM][IPC Server handler 36 on 9000]ID=100,0
[BM][IPC Server handler 36 on 9000]ID=-1,134217728
[BM][IPC Server handler 36 on 9000]ID=-1,134217728
[BM][IPC Server handler 36 on 9000]ID=100,0
[BM][IPC Server handler 50 on 9000]ID=-1,134217728
[BM][IPC Server handler 50 on 9000]ID=100,0
[BM][IPC Server handler 50 on 9000]ID=-1,134217728
[BM][IPC Server handler 50 on 9000]ID=-1,134217728
[BM][IPC Server handler 50 on 9000]ID=100,0
[BM][IPC Server handler 50 on 9000]ID=-1,134217728
[BM][IPC Server handler 50 on 9000]ID=-1,134217728
[BM][IPC Server handler 50 on 9000]ID=100,0
[BM][IPC Server handler 75 on 9000]ID=-1,134217728
[BM][IPC Server handler 75 on 9000]ID=100,0
[BM][IPC Server handler 75 on 9000]ID=-1,134217728
[BM][IPC Server handler 75 on 9000]ID=-1,134217728
[BM][IPC Server handler 75 on 9000]ID=100,0
[BM][IPC Server handler 75 on 9000]ID=-1,134217728
[BM][IPC Server handler 75 on 9000]ID=-1,134217728
[BM][IPC Server handler 75 on 9000]ID=100,0
[BM][org.apache.hadoop.hdfs.server.blockmanagement.BlockManager$ReplicationMonitor@72bc6553]ID=-1,100000000
[BM][org.apache.hadoop.hdfs.server.blockmanagement.BlockManager$ReplicationMonitor@72bc6553]ID=100,0
[BM][org.apache.hadoop.hdfs.server.blockmanagement.BlockManager$ReplicationMonitor@72bc6553]ID=-1,100000000
[BM][org.apache.hadoop.hdfs.server.blockmanagement.BlockManager$ReplicationMonitor@72bc6553]ID=100,0
[BM][org.apache.hadoop.hdfs.server.blockmanagement.BlockManager$ReplicationMonitor@72bc6553]ID=-1,100000000
[BM][org.apache.hadoop.hdfs.server.blockmanagement.BlockManager$ReplicationMonitor@72bc6553]ID=100,0
[BM][IPC Server handler 97 on 9000]ID=-1,134217728
[BM][IPC Server handler 97 on 9000]ID=100,0
[BM][IPC Server handler 97 on 9000]ID=-1,134217728
[BM][IPC Server handler 97 on 9000]ID=-1,134217728
[BM][IPC Server handler 97 on 9000]ID=100,0
[BM][IPC Server handler 97 on 9000]ID=-1,134217728
[BM][IPC Server handler 97 on 9000]ID=-1,134217728
[BM][IPC Server handler 97 on 9000]ID=100,0
[BM][IPC Server handler 18 on 9000]ID=-1,134217728
[BM][IPC Server handler 18 on 9000]ID=100,0
[BM][IPC Server handler 18 on 9000]ID=-1,134217728
[BM][IPC Server handler 18 on 9000]ID=-1,134217728
[BM][IPC Server handler 18 on 9000]ID=100,0
[BM][IPC Server handler 18 on 9000]ID=-1,134217728
[BM][IPC Server handler 18 on 9000]ID=-1,134217728
[BM][IPC Server handler 18 on 9000]ID=100,0
[BM][IPC Server handler 52 on 9000]ID=-1,134217728
[BM][IPC Server handler 52 on 9000]ID=100,0
[BM][IPC Server handler 52 on 9000]ID=-1,134217728
[BM][IPC Server handler 52 on 9000]ID=-1,134217728
[BM][IPC Server handler 52 on 9000]ID=100,0
[BM][IPC Server handler 52 on 9000]ID=-1,134217728
[BM][IPC Server handler 52 on 9000]ID=-1,134217728
[BM][IPC Server handler 52 on 9000]ID=100,0
[BM][org.apache.hadoop.hdfs.server.blockmanagement.BlockManager$ReplicationMonitor@72bc6553]ID=-1,100000000
[BM][org.apache.hadoop.hdfs.server.blockmanagement.BlockManager$ReplicationMonitor@72bc6553]ID=100,0
[BM][org.apache.hadoop.hdfs.server.blockmanagement.BlockManager$ReplicationMonitor@72bc6553]ID=-1,100000000
[BM][org.apache.hadoop.hdfs.server.blockmanagement.BlockManager$ReplicationMonitor@72bc6553]ID=100,0
[BM][org.apache.hadoop.hdfs.server.blockmanagement.BlockManager$ReplicationMonitor@72bc6553]ID=-1,100000000
[BM][org.apache.hadoop.hdfs.server.blockmanagement.BlockManager$ReplicationMonitor@72bc6553]ID=100,0
[BM][IPC Server handler 14 on 9000]ID=-1,134217728
[BM][IPC Server handler 14 on 9000]ID=100,0
[BM][IPC Server handler 14 on 9000]ID=-1,134217728
[BM][IPC Server handler 14 on 9000]ID=-1,134217728
[BM][IPC Server handler 14 on 9000]ID=100,0
[BM][IPC Server handler 14 on 9000]ID=-1,134217728
[BM][IPC Server handler 14 on 9000]ID=-1,134217728
[BM][IPC Server handler 14 on 9000]ID=100,0
[BM][IPC Server handler 50 on 9000]ID=-1,134217728
[BM][IPC Server handler 50 on 9000]ID=100,0
[BM][IPC Server handler 50 on 9000]ID=-1,134217728
[BM][IPC Server handler 50 on 9000]ID=-1,134217728
[BM][IPC Server handler 50 on 9000]ID=100,0
[BM][IPC Server handler 50 on 9000]ID=-1,134217728
[BM][IPC Server handler 50 on 9000]ID=-1,134217728
[BM][IPC Server handler 50 on 9000]ID=100,0
[BM][IPC Server handler 89 on 9000]ID=-1,134217728
[BM][IPC Server handler 89 on 9000]ID=100,0
[BM][IPC Server handler 89 on 9000]ID=-1,134217728
[BM][IPC Server handler 89 on 9000]ID=-1,134217728
[BM][IPC Server handler 89 on 9000]ID=100,0
[BM][IPC Server handler 89 on 9000]ID=-1,134217728
[BM][IPC Server handler 89 on 9000]ID=-1,134217728
[BM][IPC Server handler 89 on 9000]ID=100,0
[BM][org.apache.hadoop.hdfs.server.blockmanagement.BlockManager$ReplicationMonitor@72bc6553]ID=-1,9223372036854775807
[BM][org.apache.hadoop.hdfs.server.blockmanagement.BlockManager$ReplicationMonitor@72bc6553]ID=-1,9223372036854775807
[BM][org.apache.hadoop.hdfs.server.blockmanagement.BlockManager$ReplicationMonitor@72bc6553]ID=-1,9223372036854775807
[BM][IPC Server handler 45 on 9000]ID=-1,134217728
[BM][IPC Server handler 45 on 9000]ID=100,0
[BM][IPC Server handler 45 on 9000]ID=-1,134217728
[BM][IPC Server handler 45 on 9000]ID=-1,134217728
[BM][IPC Server handler 45 on 9000]ID=100,0
[BM][IPC Server handler 45 on 9000]ID=-1,134217728
[BM][IPC Server handler 45 on 9000]ID=-1,134217728
[BM][IPC Server handler 45 on 9000]ID=100,0
[BM][IPC Server handler 83 on 9000]ID=-1,134217728
[BM][IPC Server handler 83 on 9000]ID=100,0
[BM][IPC Server handler 83 on 9000]ID=-1,134217728
[BM][IPC Server handler 83 on 9000]ID=-1,134217728
[BM][IPC Server handler 83 on 9000]ID=100,0
[BM][IPC Server handler 83 on 9000]ID=-1,134217728
[BM][IPC Server handler 83 on 9000]ID=-1,134217728
[BM][IPC Server handler 83 on 9000]ID=100,0
[BM][IPC Server handler 8 on 9000]ID=-1,134217728
[BM][IPC Server handler 8 on 9000]ID=100,0
[BM][IPC Server handler 8 on 9000]ID=-1,134217728
[BM][IPC Server handler 8 on 9000]ID=-1,134217728
[BM][IPC Server handler 8 on 9000]ID=100,0
[BM][IPC Server handler 8 on 9000]ID=-1,134217728
[BM][IPC Server handler 8 on 9000]ID=-1,134217728
[BM][IPC Server handler 8 on 9000]ID=100,0
[BM][IPC Server handler 0 on 9000]ID=-1,134217728
[BM][IPC Server handler 0 on 9000]ID=100,0
[BM][IPC Server handler 0 on 9000]ID=-1,134217728
[BM][IPC Server handler 0 on 9000]ID=-1,134217728
[BM][IPC Server handler 0 on 9000]ID=100,0
[BM][IPC Server handler 0 on 9000]ID=-1,134217728
[BM][IPC Server handler 0 on 9000]ID=-1,134217728
[BM][IPC Server handler 0 on 9000]ID=100,0
[BM][IPC Server handler 71 on 9000]ID=-1,134217728
[BM][IPC Server handler 71 on 9000]ID=100,0
[BM][IPC Server handler 71 on 9000]ID=-1,134217728
[BM][IPC Server handler 71 on 9000]ID=-1,134217728
[BM][IPC Server handler 71 on 9000]ID=100,0
[BM][IPC Server handler 71 on 9000]ID=-1,134217728
[BM][IPC Server handler 71 on 9000]ID=-1,134217728
[BM][IPC Server handler 71 on 9000]ID=100,0
[BM][IPC Server handler 3 on 9000]ID=-1,134217728
[BM][IPC Server handler 3 on 9000]ID=100,0
[BM][IPC Server handler 3 on 9000]ID=-1,134217728
[BM][IPC Server handler 3 on 9000]ID=-1,134217728
[BM][IPC Server handler 3 on 9000]ID=100,0
[BM][IPC Server handler 3 on 9000]ID=-1,134217728
[BM][IPC Server handler 3 on 9000]ID=-1,134217728
[BM][IPC Server handler 3 on 9000]ID=100,0
[BM][org.apache.hadoop.hdfs.server.blockmanagement.BlockManager$ReplicationMonitor@72bc6553]ID=-1,9223372036854775807
[BM][org.apache.hadoop.hdfs.server.blockmanagement.BlockManager$ReplicationMonitor@72bc6553]ID=-1,9223372036854775807
[BM][org.apache.hadoop.hdfs.server.blockmanagement.BlockManager$ReplicationMonitor@72bc6553]ID=-1,9223372036854775807
[BM][IPC Server handler 68 on 9000]ID=-1,134217728
[BM][IPC Server handler 68 on 9000]ID=100,0
[BM][IPC Server handler 68 on 9000]ID=-1,134217728
[BM][IPC Server handler 68 on 9000]ID=-1,134217728
[BM][IPC Server handler 68 on 9000]ID=100,0
[BM][IPC Server handler 68 on 9000]ID=-1,134217728
[BM][IPC Server handler 68 on 9000]ID=-1,134217728
[BM][IPC Server handler 68 on 9000]ID=100,0
[BM][IPC Server handler 88 on 9000]ID=-1,134217728
[BM][IPC Server handler 88 on 9000]ID=100,0
[BM][IPC Server handler 88 on 9000]ID=-1,134217728
[BM][IPC Server handler 88 on 9000]ID=-1,134217728
[BM][IPC Server handler 88 on 9000]ID=100,0
[BM][IPC Server handler 88 on 9000]ID=-1,134217728
[BM][IPC Server handler 88 on 9000]ID=-1,134217728
[BM][IPC Server handler 88 on 9000]ID=100,0
[BM][IPC Server handler 8 on 9000]ID=-1,134217728
[BM][IPC Server handler 8 on 9000]ID=100,0
[BM][IPC Server handler 8 on 9000]ID=-1,134217728
[BM][IPC Server handler 8 on 9000]ID=-1,134217728
[BM][IPC Server handler 8 on 9000]ID=100,0
[BM][IPC Server handler 8 on 9000]ID=-1,134217728
[BM][IPC Server handler 8 on 9000]ID=-1,134217728
[BM][IPC Server handler 8 on 9000]ID=100,0
[BM][IPC Server handler 15 on 9000]ID=-1,134217728
[BM][IPC Server handler 15 on 9000]ID=100,0
[BM][IPC Server handler 15 on 9000]ID=-1,134217728
[BM][IPC Server handler 15 on 9000]ID=-1,134217728
[BM][IPC Server handler 15 on 9000]ID=100,0
[BM][IPC Server handler 15 on 9000]ID=-1,134217728
[BM][IPC Server handler 15 on 9000]ID=-1,134217728
[BM][IPC Server handler 15 on 9000]ID=100,0
[BM][IPC Server handler 5 on 9000]ID=-1,134217728
[BM][IPC Server handler 5 on 9000]ID=100,0
[BM][IPC Server handler 5 on 9000]ID=-1,134217728
[BM][IPC Server handler 5 on 9000]ID=-1,134217728
[BM][IPC Server handler 5 on 9000]ID=100,0
[BM][IPC Server handler 5 on 9000]ID=-1,134217728
[BM][IPC Server handler 5 on 9000]ID=-1,134217728
[BM][IPC Server handler 5 on 9000]ID=100,0
[BM][IPC Server handler 32 on 9000]ID=-1,134217728
[BM][IPC Server handler 32 on 9000]ID=100,0
[BM][IPC Server handler 32 on 9000]ID=-1,134217728
[BM][IPC Server handler 32 on 9000]ID=-1,134217728
[BM][IPC Server handler 32 on 9000]ID=100,0
[BM][IPC Server handler 32 on 9000]ID=-1,134217728
[BM][IPC Server handler 32 on 9000]ID=-1,134217728
[BM][IPC Server handler 32 on 9000]ID=100,0
[BM][org.apache.hadoop.hdfs.server.blockmanagement.BlockManager$ReplicationMonitor@72bc6553]ID=-1,100000000
[BM][org.apache.hadoop.hdfs.server.blockmanagement.BlockManager$ReplicationMonitor@72bc6553]ID=100,0
[BM][org.apache.hadoop.hdfs.server.blockmanagement.BlockManager$ReplicationMonitor@72bc6553]ID=-1,100000000
[BM][org.apache.hadoop.hdfs.server.blockmanagement.BlockManager$ReplicationMonitor@72bc6553]ID=100,0
[BM][org.apache.hadoop.hdfs.server.blockmanagement.BlockManager$ReplicationMonitor@72bc6553]ID=-1,100000000
[BM][org.apache.hadoop.hdfs.server.blockmanagement.BlockManager$ReplicationMonitor@72bc6553]ID=100,0
[BM][IPC Server handler 39 on 9000]ID=-1,134217728
[BM][IPC Server handler 39 on 9000]ID=100,0
[BM][IPC Server handler 39 on 9000]ID=-1,134217728
[BM][IPC Server handler 39 on 9000]ID=-1,134217728
[BM][IPC Server handler 39 on 9000]ID=100,0
[BM][IPC Server handler 39 on 9000]ID=-1,134217728
[BM][IPC Server handler 39 on 9000]ID=-1,134217728
[BM][IPC Server handler 39 on 9000]ID=100,0
[BM][IPC Server handler 0 on 9000]ID=-1,134217728
[BM][IPC Server handler 0 on 9000]ID=100,0
[BM][IPC Server handler 0 on 9000]ID=-1,134217728
[BM][IPC Server handler 0 on 9000]ID=-1,134217728
[BM][IPC Server handler 0 on 9000]ID=100,0
[BM][IPC Server handler 0 on 9000]ID=-1,134217728
[BM][IPC Server handler 0 on 9000]ID=-1,134217728
[BM][IPC Server handler 0 on 9000]ID=100,0
[BM][IPC Server handler 33 on 9000]ID=-1,134217728
[BM][IPC Server handler 33 on 9000]ID=100,0
[BM][IPC Server handler 33 on 9000]ID=-1,134217728
[BM][IPC Server handler 33 on 9000]ID=-1,134217728
[BM][IPC Server handler 33 on 9000]ID=100,0
[BM][IPC Server handler 33 on 9000]ID=-1,134217728
[BM][IPC Server handler 33 on 9000]ID=-1,134217728
[BM][IPC Server handler 33 on 9000]ID=100,0
[BM][org.apache.hadoop.hdfs.server.blockmanagement.BlockManager$ReplicationMonitor@72bc6553]ID=-1,100000000
[BM][org.apache.hadoop.hdfs.server.blockmanagement.BlockManager$ReplicationMonitor@72bc6553]ID=100,0
[BM][org.apache.hadoop.hdfs.server.blockmanagement.BlockManager$ReplicationMonitor@72bc6553]ID=-1,100000000
[BM][org.apache.hadoop.hdfs.server.blockmanagement.BlockManager$ReplicationMonitor@72bc6553]ID=100,0
[BM][org.apache.hadoop.hdfs.server.blockmanagement.BlockManager$ReplicationMonitor@72bc6553]ID=-1,100000000
[BM][org.apache.hadoop.hdfs.server.blockmanagement.BlockManager$ReplicationMonitor@72bc6553]ID=100,0
[BM][IPC Server handler 0 on 9000]ID=-1,134217728
[BM][IPC Server handler 0 on 9000]ID=100,0
[BM][IPC Server handler 0 on 9000]ID=-1,134217728
[BM][IPC Server handler 0 on 9000]ID=-1,134217728
[BM][IPC Server handler 0 on 9000]ID=100,0
[BM][IPC Server handler 0 on 9000]ID=-1,134217728
[BM][IPC Server handler 0 on 9000]ID=-1,134217728
[BM][IPC Server handler 0 on 9000]ID=100,0
[BM][IPC Server handler 47 on 9000]ID=-1,134217728
[BM][IPC Server handler 47 on 9000]ID=100,0
[BM][IPC Server handler 47 on 9000]ID=-1,134217728
[BM][IPC Server handler 47 on 9000]ID=-1,134217728
[BM][IPC Server handler 47 on 9000]ID=100,0
[BM][IPC Server handler 47 on 9000]ID=-1,134217728
[BM][IPC Server handler 47 on 9000]ID=-1,134217728
[BM][IPC Server handler 47 on 9000]ID=100,0
[BM][IPC Server handler 58 on 9000]ID=-1,134217728
[BM][IPC Server handler 58 on 9000]ID=100,0
[BM][IPC Server handler 58 on 9000]ID=-1,134217728
[BM][IPC Server handler 58 on 9000]ID=-1,134217728
[BM][IPC Server handler 58 on 9000]ID=100,0
[BM][IPC Server handler 58 on 9000]ID=-1,134217728
[BM][IPC Server handler 58 on 9000]ID=-1,134217728
[BM][IPC Server handler 58 on 9000]ID=100,0
[BM][org.apache.hadoop.hdfs.server.blockmanagement.BlockManager$ReplicationMonitor@72bc6553]ID=-1,9223372036854775807
[BM][org.apache.hadoop.hdfs.server.blockmanagement.BlockManager$ReplicationMonitor@72bc6553]ID=-1,9223372036854775807
[BM][org.apache.hadoop.hdfs.server.blockmanagement.BlockManager$ReplicationMonitor@72bc6553]ID=-1,9223372036854775807
[BM][IPC Server handler 66 on 9000]ID=-1,134217728
[BM][IPC Server handler 66 on 9000]ID=100,0
[BM][IPC Server handler 66 on 9000]ID=-1,134217728
[BM][IPC Server handler 66 on 9000]ID=-1,134217728
[BM][IPC Server handler 66 on 9000]ID=100,0
[BM][IPC Server handler 66 on 9000]ID=-1,134217728
[BM][IPC Server handler 66 on 9000]ID=-1,134217728
[BM][IPC Server handler 66 on 9000]ID=100,0
[BM][IPC Server handler 35 on 9000]ID=-1,134217728
[BM][IPC Server handler 35 on 9000]ID=100,0
[BM][IPC Server handler 35 on 9000]ID=-1,134217728
[BM][IPC Server handler 35 on 9000]ID=-1,134217728
[BM][IPC Server handler 35 on 9000]ID=100,0
[BM][IPC Server handler 35 on 9000]ID=-1,134217728
[BM][IPC Server handler 35 on 9000]ID=-1,134217728
[BM][IPC Server handler 35 on 9000]ID=100,0
[BM][IPC Server handler 21 on 9000]ID=-1,134217728
[BM][IPC Server handler 21 on 9000]ID=100,0
[BM][IPC Server handler 21 on 9000]ID=-1,134217728
[BM][IPC Server handler 21 on 9000]ID=-1,134217728
[BM][IPC Server handler 21 on 9000]ID=100,0
[BM][IPC Server handler 21 on 9000]ID=-1,134217728
[BM][IPC Server handler 21 on 9000]ID=-1,134217728
[BM][IPC Server handler 21 on 9000]ID=100,0
[BM][IPC Server handler 70 on 9000]ID=-1,134217728
[BM][IPC Server handler 70 on 9000]ID=100,0
[BM][IPC Server handler 70 on 9000]ID=-1,134217728
[BM][IPC Server handler 70 on 9000]ID=-1,134217728
[BM][IPC Server handler 70 on 9000]ID=100,0
[BM][IPC Server handler 70 on 9000]ID=-1,134217728
[BM][IPC Server handler 70 on 9000]ID=-1,134217728
[BM][IPC Server handler 70 on 9000]ID=100,0
[BM][IPC Server handler 38 on 9000]ID=-1,134217728
[BM][IPC Server handler 38 on 9000]ID=100,0
[BM][IPC Server handler 38 on 9000]ID=-1,134217728
[BM][IPC Server handler 38 on 9000]ID=-1,134217728
[BM][IPC Server handler 38 on 9000]ID=100,0
[BM][IPC Server handler 38 on 9000]ID=-1,134217728
[BM][IPC Server handler 38 on 9000]ID=-1,134217728
[BM][IPC Server handler 38 on 9000]ID=100,0
[BM][IPC Server handler 29 on 9000]ID=-1,134217728
[BM][IPC Server handler 29 on 9000]ID=100,0
[BM][IPC Server handler 29 on 9000]ID=-1,134217728
[BM][IPC Server handler 29 on 9000]ID=-1,134217728
[BM][IPC Server handler 29 on 9000]ID=100,0
[BM][IPC Server handler 29 on 9000]ID=-1,134217728
[BM][IPC Server handler 29 on 9000]ID=-1,134217728
[BM][IPC Server handler 29 on 9000]ID=100,0
[BM][org.apache.hadoop.hdfs.server.blockmanagement.BlockManager$ReplicationMonitor@72bc6553]ID=-1,100000000
[BM][org.apache.hadoop.hdfs.server.blockmanagement.BlockManager$ReplicationMonitor@72bc6553]ID=100,0
[BM][org.apache.hadoop.hdfs.server.blockmanagement.BlockManager$ReplicationMonitor@72bc6553]ID=-1,100000000
[BM][org.apache.hadoop.hdfs.server.blockmanagement.BlockManager$ReplicationMonitor@72bc6553]ID=100,0
[BM][org.apache.hadoop.hdfs.server.blockmanagement.BlockManager$ReplicationMonitor@72bc6553]ID=-1,100000000
[BM][org.apache.hadoop.hdfs.server.blockmanagement.BlockManager$ReplicationMonitor@72bc6553]ID=100,0
[BM][IPC Server handler 96 on 9000]ID=-1,134217728
[BM][IPC Server handler 96 on 9000]ID=100,0
[BM][IPC Server handler 96 on 9000]ID=-1,134217728
[BM][IPC Server handler 96 on 9000]ID=-1,134217728
[BM][IPC Server handler 96 on 9000]ID=100,0
[BM][IPC Server handler 96 on 9000]ID=-1,134217728
[BM][IPC Server handler 96 on 9000]ID=-1,134217728
[BM][IPC Server handler 96 on 9000]ID=100,0
[BM][IPC Server handler 2 on 9000]ID=-1,134217728
[BM][IPC Server handler 2 on 9000]ID=100,0
[BM][IPC Server handler 2 on 9000]ID=-1,134217728
[BM][IPC Server handler 2 on 9000]ID=-1,134217728
[BM][IPC Server handler 2 on 9000]ID=100,0
[BM][IPC Server handler 2 on 9000]ID=-1,134217728
[BM][IPC Server handler 2 on 9000]ID=-1,134217728
[BM][IPC Server handler 2 on 9000]ID=100,0
[BM][IPC Server handler 33 on 9000]ID=-1,134217728
[BM][IPC Server handler 33 on 9000]ID=100,0
[BM][IPC Server handler 33 on 9000]ID=-1,134217728
[BM][IPC Server handler 33 on 9000]ID=-1,134217728
[BM][IPC Server handler 33 on 9000]ID=100,0
[BM][IPC Server handler 33 on 9000]ID=-1,134217728
[BM][IPC Server handler 33 on 9000]ID=-1,134217728
[BM][IPC Server handler 33 on 9000]ID=100,0
[BM][org.apache.hadoop.hdfs.server.blockmanagement.BlockManager$ReplicationMonitor@72bc6553]ID=-1,100000000
[BM][org.apache.hadoop.hdfs.server.blockmanagement.BlockManager$ReplicationMonitor@72bc6553]ID=100,0
[BM][org.apache.hadoop.hdfs.server.blockmanagement.BlockManager$ReplicationMonitor@72bc6553]ID=-1,100000000
[BM][org.apache.hadoop.hdfs.server.blockmanagement.BlockManager$ReplicationMonitor@72bc6553]ID=100,0
[BM][org.apache.hadoop.hdfs.server.blockmanagement.BlockManager$ReplicationMonitor@72bc6553]ID=-1,100000000
[BM][org.apache.hadoop.hdfs.server.blockmanagement.BlockManager$ReplicationMonitor@72bc6553]ID=100,0
[BM][IPC Server handler 7 on 9000]ID=-1,134217728
[BM][IPC Server handler 7 on 9000]ID=100,0
[BM][IPC Server handler 7 on 9000]ID=-1,134217728
[BM][IPC Server handler 7 on 9000]ID=-1,134217728
[BM][IPC Server handler 7 on 9000]ID=100,0
[BM][IPC Server handler 7 on 9000]ID=-1,134217728
[BM][IPC Server handler 7 on 9000]ID=-1,134217728
[BM][IPC Server handler 7 on 9000]ID=100,0
[BM][IPC Server handler 42 on 9000]ID=-1,134217728
[BM][IPC Server handler 42 on 9000]ID=100,0
[BM][IPC Server handler 42 on 9000]ID=-1,134217728
[BM][IPC Server handler 42 on 9000]ID=-1,134217728
[BM][IPC Server handler 42 on 9000]ID=100,0
[BM][IPC Server handler 42 on 9000]ID=-1,134217728
[BM][IPC Server handler 42 on 9000]ID=-1,134217728
[BM][IPC Server handler 42 on 9000]ID=100,0
[BM][IPC Server handler 82 on 9000]ID=-1,134217728
[BM][IPC Server handler 82 on 9000]ID=100,0
[BM][IPC Server handler 82 on 9000]ID=-1,134217728
[BM][IPC Server handler 82 on 9000]ID=-1,134217728
[BM][IPC Server handler 82 on 9000]ID=100,0
[BM][IPC Server handler 82 on 9000]ID=-1,134217728
[BM][IPC Server handler 82 on 9000]ID=-1,134217728
[BM][IPC Server handler 82 on 9000]ID=100,0
[BM][org.apache.hadoop.hdfs.server.blockmanagement.BlockManager$ReplicationMonitor@72bc6553]ID=-1,100000000
[BM][org.apache.hadoop.hdfs.server.blockmanagement.BlockManager$ReplicationMonitor@72bc6553]ID=100,0
[BM][org.apache.hadoop.hdfs.server.blockmanagement.BlockManager$ReplicationMonitor@72bc6553]ID=-1,100000000
[BM][org.apache.hadoop.hdfs.server.blockmanagement.BlockManager$ReplicationMonitor@72bc6553]ID=100,0
[BM][org.apache.hadoop.hdfs.server.blockmanagement.BlockManager$ReplicationMonitor@72bc6553]ID=-1,100000000
[BM][org.apache.hadoop.hdfs.server.blockmanagement.BlockManager$ReplicationMonitor@72bc6553]ID=100,0
[BM][IPC Server handler 20 on 9000]ID=-1,134217728
[BM][IPC Server handler 20 on 9000]ID=100,0
[BM][IPC Server handler 20 on 9000]ID=-1,134217728
[BM][IPC Server handler 20 on 9000]ID=-1,134217728
[BM][IPC Server handler 20 on 9000]ID=100,0
[BM][IPC Server handler 20 on 9000]ID=-1,134217728
[BM][IPC Server handler 20 on 9000]ID=-1,134217728
[BM][IPC Server handler 20 on 9000]ID=100,0
[BM][IPC Server handler 35 on 9000]ID=-1,134217728
[BM][IPC Server handler 35 on 9000]ID=100,0
[BM][IPC Server handler 35 on 9000]ID=-1,134217728
[BM][IPC Server handler 35 on 9000]ID=-1,134217728
[BM][IPC Server handler 35 on 9000]ID=100,0
[BM][IPC Server handler 35 on 9000]ID=-1,134217728
[BM][IPC Server handler 35 on 9000]ID=-1,134217728
[BM][IPC Server handler 35 on 9000]ID=100,0
[BM][IPC Server handler 4 on 9000]ID=-1,134217728
[BM][IPC Server handler 4 on 9000]ID=100,0
[BM][IPC Server handler 4 on 9000]ID=-1,134217728
[BM][IPC Server handler 4 on 9000]ID=-1,134217728
[BM][IPC Server handler 4 on 9000]ID=100,0
[BM][IPC Server handler 4 on 9000]ID=-1,134217728
[BM][IPC Server handler 4 on 9000]ID=-1,134217728
[BM][IPC Server handler 4 on 9000]ID=100,0
[BM][org.apache.hadoop.hdfs.server.blockmanagement.BlockManager$ReplicationMonitor@72bc6553]ID=-1,100000000
[BM][org.apache.hadoop.hdfs.server.blockmanagement.BlockManager$ReplicationMonitor@72bc6553]ID=100,0
[BM][org.apache.hadoop.hdfs.server.blockmanagement.BlockManager$ReplicationMonitor@72bc6553]ID=-1,100000000
[BM][org.apache.hadoop.hdfs.server.blockmanagement.BlockManager$ReplicationMonitor@72bc6553]ID=100,0
[BM][org.apache.hadoop.hdfs.server.blockmanagement.BlockManager$ReplicationMonitor@72bc6553]ID=-1,100000000
[BM][org.apache.hadoop.hdfs.server.blockmanagement.BlockManager$ReplicationMonitor@72bc6553]ID=100,0
[BM][IPC Server handler 58 on 9000]ID=-1,134217728
[BM][IPC Server handler 58 on 9000]ID=100,0
[BM][IPC Server handler 58 on 9000]ID=-1,134217728
[BM][IPC Server handler 58 on 9000]ID=-1,134217728
[BM][IPC Server handler 58 on 9000]ID=100,0
[BM][IPC Server handler 58 on 9000]ID=-1,134217728
[BM][IPC Server handler 58 on 9000]ID=-1,134217728
[BM][IPC Server handler 58 on 9000]ID=100,0
[BM][IPC Server handler 74 on 9000]ID=-1,134217728
[BM][IPC Server handler 74 on 9000]ID=100,0
[BM][IPC Server handler 74 on 9000]ID=-1,134217728
[BM][IPC Server handler 74 on 9000]ID=-1,134217728
[BM][IPC Server handler 74 on 9000]ID=100,0
[BM][IPC Server handler 74 on 9000]ID=-1,134217728
[BM][IPC Server handler 74 on 9000]ID=-1,134217728
[BM][IPC Server handler 74 on 9000]ID=100,0
[BM][IPC Server handler 52 on 9000]ID=-1,134217728
[BM][IPC Server handler 52 on 9000]ID=100,0
[BM][IPC Server handler 52 on 9000]ID=-1,134217728
[BM][IPC Server handler 52 on 9000]ID=-1,134217728
[BM][IPC Server handler 52 on 9000]ID=100,0
[BM][IPC Server handler 52 on 9000]ID=-1,134217728
[BM][IPC Server handler 52 on 9000]ID=-1,134217728
[BM][IPC Server handler 52 on 9000]ID=100,0
[BM][org.apache.hadoop.hdfs.server.blockmanagement.BlockManager$ReplicationMonitor@72bc6553]ID=-1,100000000
[BM][org.apache.hadoop.hdfs.server.blockmanagement.BlockManager$ReplicationMonitor@72bc6553]ID=100,0
[BM][org.apache.hadoop.hdfs.server.blockmanagement.BlockManager$ReplicationMonitor@72bc6553]ID=-1,100000000
[BM][org.apache.hadoop.hdfs.server.blockmanagement.BlockManager$ReplicationMonitor@72bc6553]ID=100,0
[BM][org.apache.hadoop.hdfs.server.blockmanagement.BlockManager$ReplicationMonitor@72bc6553]ID=-1,100000000
[BM][org.apache.hadoop.hdfs.server.blockmanagement.BlockManager$ReplicationMonitor@72bc6553]ID=100,0
[BM][IPC Server handler 29 on 9000]ID=-1,134217728
[BM][IPC Server handler 29 on 9000]ID=100,0
[BM][IPC Server handler 29 on 9000]ID=-1,134217728
[BM][IPC Server handler 29 on 9000]ID=-1,134217728
[BM][IPC Server handler 29 on 9000]ID=100,0
[BM][IPC Server handler 29 on 9000]ID=-1,134217728
[BM][IPC Server handler 29 on 9000]ID=-1,134217728
[BM][IPC Server handler 29 on 9000]ID=100,0
[BM][IPC Server handler 78 on 9000]ID=-1,134217728
[BM][IPC Server handler 78 on 9000]ID=100,0
[BM][IPC Server handler 78 on 9000]ID=-1,134217728
[BM][IPC Server handler 78 on 9000]ID=-1,134217728
[BM][IPC Server handler 78 on 9000]ID=100,0
[BM][IPC Server handler 78 on 9000]ID=-1,134217728
[BM][IPC Server handler 78 on 9000]ID=-1,134217728
[BM][IPC Server handler 78 on 9000]ID=100,0
[BM][IPC Server handler 36 on 9000]ID=-1,134217728
[BM][IPC Server handler 36 on 9000]ID=100,0
[BM][IPC Server handler 36 on 9000]ID=-1,134217728
[BM][IPC Server handler 36 on 9000]ID=-1,134217728
[BM][IPC Server handler 36 on 9000]ID=100,0
[BM][IPC Server handler 36 on 9000]ID=-1,134217728
[BM][IPC Server handler 36 on 9000]ID=-1,134217728
[BM][IPC Server handler 36 on 9000]ID=100,0
[BM][org.apache.hadoop.hdfs.server.blockmanagement.BlockManager$ReplicationMonitor@72bc6553]ID=-1,100000000
[BM][org.apache.hadoop.hdfs.server.blockmanagement.BlockManager$ReplicationMonitor@72bc6553]ID=100,0
[BM][org.apache.hadoop.hdfs.server.blockmanagement.BlockManager$ReplicationMonitor@72bc6553]ID=-1,100000000
[BM][org.apache.hadoop.hdfs.server.blockmanagement.BlockManager$ReplicationMonitor@72bc6553]ID=100,0
[BM][org.apache.hadoop.hdfs.server.blockmanagement.BlockManager$ReplicationMonitor@72bc6553]ID=-1,100000000
[BM][org.apache.hadoop.hdfs.server.blockmanagement.BlockManager$ReplicationMonitor@72bc6553]ID=100,0
[BM][IPC Server handler 41 on 9000]ID=-1,134217728
[BM][IPC Server handler 41 on 9000]ID=100,0
[BM][IPC Server handler 41 on 9000]ID=-1,134217728
[BM][IPC Server handler 41 on 9000]ID=-1,134217728
[BM][IPC Server handler 41 on 9000]ID=100,0
[BM][IPC Server handler 41 on 9000]ID=-1,134217728
[BM][IPC Server handler 41 on 9000]ID=-1,134217728
[BM][IPC Server handler 41 on 9000]ID=100,0
[BM][IPC Server handler 67 on 9000]ID=-1,134217728
[BM][IPC Server handler 67 on 9000]ID=100,0
[BM][IPC Server handler 67 on 9000]ID=-1,134217728
[BM][IPC Server handler 67 on 9000]ID=-1,134217728
[BM][IPC Server handler 67 on 9000]ID=100,0
[BM][IPC Server handler 67 on 9000]ID=-1,134217728
[BM][IPC Server handler 67 on 9000]ID=-1,134217728
[BM][IPC Server handler 67 on 9000]ID=100,0
[BM][IPC Server handler 7 on 9000]ID=-1,134217728
[BM][IPC Server handler 7 on 9000]ID=100,0
[BM][IPC Server handler 7 on 9000]ID=-1,134217728
[BM][IPC Server handler 7 on 9000]ID=-1,134217728
[BM][IPC Server handler 7 on 9000]ID=100,0
[BM][IPC Server handler 7 on 9000]ID=-1,134217728
[BM][IPC Server handler 7 on 9000]ID=-1,134217728
[BM][IPC Server handler 7 on 9000]ID=100,0
[BM][org.apache.hadoop.hdfs.server.blockmanagement.BlockManager$ReplicationMonitor@72bc6553]ID=-1,100000000
[BM][org.apache.hadoop.hdfs.server.blockmanagement.BlockManager$ReplicationMonitor@72bc6553]ID=100,0
[BM][org.apache.hadoop.hdfs.server.blockmanagement.BlockManager$ReplicationMonitor@72bc6553]ID=-1,100000000
[BM][org.apache.hadoop.hdfs.server.blockmanagement.BlockManager$ReplicationMonitor@72bc6553]ID=100,0
[BM][org.apache.hadoop.hdfs.server.blockmanagement.BlockManager$ReplicationMonitor@72bc6553]ID=-1,100000000
[BM][org.apache.hadoop.hdfs.server.blockmanagement.BlockManager$ReplicationMonitor@72bc6553]ID=100,0
[BM][IPC Server handler 62 on 9000]ID=-1,134217728
[BM][IPC Server handler 62 on 9000]ID=100,0
[BM][IPC Server handler 62 on 9000]ID=-1,134217728
[BM][IPC Server handler 62 on 9000]ID=-1,134217728
[BM][IPC Server handler 62 on 9000]ID=100,0
[BM][IPC Server handler 62 on 9000]ID=-1,134217728
[BM][IPC Server handler 62 on 9000]ID=-1,134217728
[BM][IPC Server handler 62 on 9000]ID=100,0
[BM][IPC Server handler 92 on 9000]ID=-1,134217728
[BM][IPC Server handler 92 on 9000]ID=100,0
[BM][IPC Server handler 92 on 9000]ID=-1,134217728
[BM][IPC Server handler 92 on 9000]ID=-1,134217728
[BM][IPC Server handler 92 on 9000]ID=100,0
[BM][IPC Server handler 92 on 9000]ID=-1,134217728
[BM][IPC Server handler 92 on 9000]ID=-1,134217728
[BM][IPC Server handler 92 on 9000]ID=100,0
[BM][IPC Server handler 38 on 9000]ID=-1,134217728
[BM][IPC Server handler 38 on 9000]ID=100,0
[BM][IPC Server handler 38 on 9000]ID=-1,134217728
[BM][IPC Server handler 38 on 9000]ID=-1,134217728
[BM][IPC Server handler 38 on 9000]ID=100,0
[BM][IPC Server handler 38 on 9000]ID=-1,134217728
[BM][IPC Server handler 38 on 9000]ID=-1,134217728
[BM][IPC Server handler 38 on 9000]ID=100,0
[BM][org.apache.hadoop.hdfs.server.blockmanagement.BlockManager$ReplicationMonitor@72bc6553]ID=-1,100000000
[BM][org.apache.hadoop.hdfs.server.blockmanagement.BlockManager$ReplicationMonitor@72bc6553]ID=100,0
[BM][org.apache.hadoop.hdfs.server.blockmanagement.BlockManager$ReplicationMonitor@72bc6553]ID=-1,100000000
[BM][org.apache.hadoop.hdfs.server.blockmanagement.BlockManager$ReplicationMonitor@72bc6553]ID=100,0
[BM][org.apache.hadoop.hdfs.server.blockmanagement.BlockManager$ReplicationMonitor@72bc6553]ID=-1,100000000
[BM][org.apache.hadoop.hdfs.server.blockmanagement.BlockManager$ReplicationMonitor@72bc6553]ID=100,0
[BM][IPC Server handler 26 on 9000]ID=-1,134217728
[BM][IPC Server handler 26 on 9000]ID=100,0
[BM][IPC Server handler 26 on 9000]ID=-1,134217728
[BM][IPC Server handler 26 on 9000]ID=-1,134217728
[BM][IPC Server handler 26 on 9000]ID=100,0
[BM][IPC Server handler 26 on 9000]ID=-1,134217728
[BM][IPC Server handler 26 on 9000]ID=-1,134217728
[BM][IPC Server handler 26 on 9000]ID=100,0
[BM][IPC Server handler 42 on 9000]ID=-1,134217728
[BM][IPC Server handler 42 on 9000]ID=100,0
[BM][IPC Server handler 42 on 9000]ID=-1,134217728
[BM][IPC Server handler 42 on 9000]ID=-1,134217728
[BM][IPC Server handler 42 on 9000]ID=100,0
[BM][IPC Server handler 42 on 9000]ID=-1,134217728
[BM][IPC Server handler 42 on 9000]ID=-1,134217728
[BM][IPC Server handler 42 on 9000]ID=100,0
[BM][IPC Server handler 36 on 9000]ID=-1,134217728
[BM][IPC Server handler 36 on 9000]ID=100,0
[BM][IPC Server handler 36 on 9000]ID=-1,134217728
[BM][IPC Server handler 36 on 9000]ID=-1,134217728
[BM][IPC Server handler 36 on 9000]ID=100,0
[BM][IPC Server handler 36 on 9000]ID=-1,134217728
[BM][IPC Server handler 36 on 9000]ID=-1,134217728
[BM][IPC Server handler 36 on 9000]ID=100,0
[BM][org.apache.hadoop.hdfs.server.blockmanagement.BlockManager$ReplicationMonitor@72bc6553]ID=-1,100000000
[BM][org.apache.hadoop.hdfs.server.blockmanagement.BlockManager$ReplicationMonitor@72bc6553]ID=100,0
[BM][org.apache.hadoop.hdfs.server.blockmanagement.BlockManager$ReplicationMonitor@72bc6553]ID=-1,100000000
[BM][org.apache.hadoop.hdfs.server.blockmanagement.BlockManager$ReplicationMonitor@72bc6553]ID=100,0
[BM][org.apache.hadoop.hdfs.server.blockmanagement.BlockManager$ReplicationMonitor@72bc6553]ID=-1,100000000
[BM][org.apache.hadoop.hdfs.server.blockmanagement.BlockManager$ReplicationMonitor@72bc6553]ID=100,0
[BM][IPC Server handler 44 on 9000]ID=-1,134217728
[BM][IPC Server handler 44 on 9000]ID=100,0
[BM][IPC Server handler 44 on 9000]ID=-1,134217728
[BM][IPC Server handler 44 on 9000]ID=-1,134217728
[BM][IPC Server handler 44 on 9000]ID=100,0
[BM][IPC Server handler 44 on 9000]ID=-1,134217728
[BM][IPC Server handler 44 on 9000]ID=-1,134217728
[BM][IPC Server handler 44 on 9000]ID=100,0
[BM][IPC Server handler 23 on 9000]ID=-1,134217728
[BM][IPC Server handler 23 on 9000]ID=100,0
[BM][IPC Server handler 23 on 9000]ID=-1,134217728
[BM][IPC Server handler 23 on 9000]ID=-1,134217728
[BM][IPC Server handler 23 on 9000]ID=100,0
[BM][IPC Server handler 23 on 9000]ID=-1,134217728
[BM][IPC Server handler 23 on 9000]ID=-1,134217728
[BM][IPC Server handler 23 on 9000]ID=100,0
[BM][IPC Server handler 49 on 9000]ID=-1,134217728
[BM][IPC Server handler 49 on 9000]ID=100,0
[BM][IPC Server handler 49 on 9000]ID=-1,134217728
[BM][IPC Server handler 49 on 9000]ID=-1,134217728
[BM][IPC Server handler 49 on 9000]ID=100,0
[BM][IPC Server handler 49 on 9000]ID=-1,134217728
[BM][IPC Server handler 49 on 9000]ID=-1,134217728
[BM][IPC Server handler 49 on 9000]ID=100,0
[BM][org.apache.hadoop.hdfs.server.blockmanagement.BlockManager$ReplicationMonitor@72bc6553]ID=-1,100000000
[BM][org.apache.hadoop.hdfs.server.blockmanagement.BlockManager$ReplicationMonitor@72bc6553]ID=100,0
[BM][org.apache.hadoop.hdfs.server.blockmanagement.BlockManager$ReplicationMonitor@72bc6553]ID=-1,100000000
[BM][org.apache.hadoop.hdfs.server.blockmanagement.BlockManager$ReplicationMonitor@72bc6553]ID=100,0
[BM][org.apache.hadoop.hdfs.server.blockmanagement.BlockManager$ReplicationMonitor@72bc6553]ID=-1,100000000
[BM][org.apache.hadoop.hdfs.server.blockmanagement.BlockManager$ReplicationMonitor@72bc6553]ID=100,0
[BM][IPC Server handler 18 on 9000]ID=-1,134217728
[BM][IPC Server handler 18 on 9000]ID=100,0
[BM][IPC Server handler 18 on 9000]ID=-1,134217728
[BM][IPC Server handler 18 on 9000]ID=-1,134217728
[BM][IPC Server handler 18 on 9000]ID=100,0
[BM][IPC Server handler 18 on 9000]ID=-1,134217728
[BM][IPC Server handler 18 on 9000]ID=-1,134217728
[BM][IPC Server handler 18 on 9000]ID=100,0
[BM][IPC Server handler 65 on 9000]ID=-1,134217728
[BM][IPC Server handler 65 on 9000]ID=100,0
[BM][IPC Server handler 65 on 9000]ID=-1,134217728
[BM][IPC Server handler 65 on 9000]ID=-1,134217728
[BM][IPC Server handler 65 on 9000]ID=100,0
[BM][IPC Server handler 65 on 9000]ID=-1,134217728
[BM][IPC Server handler 65 on 9000]ID=-1,134217728
[BM][IPC Server handler 65 on 9000]ID=100,0
[BM][IPC Server handler 57 on 9000]ID=-1,134217728
[BM][IPC Server handler 57 on 9000]ID=100,0
[BM][IPC Server handler 57 on 9000]ID=-1,134217728
[BM][IPC Server handler 57 on 9000]ID=-1,134217728
[BM][IPC Server handler 57 on 9000]ID=100,0
[BM][IPC Server handler 57 on 9000]ID=-1,134217728
[BM][IPC Server handler 57 on 9000]ID=-1,134217728
[BM][IPC Server handler 57 on 9000]ID=100,0
[BM][org.apache.hadoop.hdfs.server.blockmanagement.BlockManager$ReplicationMonitor@72bc6553]ID=-1,100000000
[BM][org.apache.hadoop.hdfs.server.blockmanagement.BlockManager$ReplicationMonitor@72bc6553]ID=100,0
[BM][org.apache.hadoop.hdfs.server.blockmanagement.BlockManager$ReplicationMonitor@72bc6553]ID=-1,100000000
[BM][org.apache.hadoop.hdfs.server.blockmanagement.BlockManager$ReplicationMonitor@72bc6553]ID=100,0
[BM][org.apache.hadoop.hdfs.server.blockmanagement.BlockManager$ReplicationMonitor@72bc6553]ID=-1,100000000
[BM][org.apache.hadoop.hdfs.server.blockmanagement.BlockManager$ReplicationMonitor@72bc6553]ID=100,0
[BM][IPC Server handler 87 on 9000]ID=-1,134217728
[BM][IPC Server handler 87 on 9000]ID=100,0
[BM][IPC Server handler 87 on 9000]ID=-1,134217728
[BM][IPC Server handler 87 on 9000]ID=-1,134217728
[BM][IPC Server handler 87 on 9000]ID=100,0
[BM][IPC Server handler 87 on 9000]ID=-1,134217728
[BM][IPC Server handler 87 on 9000]ID=-1,134217728
[BM][IPC Server handler 87 on 9000]ID=100,0
[BM][IPC Server handler 13 on 9000]ID=-1,134217728
[BM][IPC Server handler 13 on 9000]ID=100,0
[BM][IPC Server handler 13 on 9000]ID=-1,134217728
[BM][IPC Server handler 13 on 9000]ID=-1,134217728
[BM][IPC Server handler 13 on 9000]ID=100,0
[BM][IPC Server handler 13 on 9000]ID=-1,134217728
[BM][IPC Server handler 13 on 9000]ID=-1,134217728
[BM][IPC Server handler 13 on 9000]ID=100,0
[BM][IPC Server handler 57 on 9000]ID=-1,134217728
[BM][IPC Server handler 57 on 9000]ID=100,0
[BM][IPC Server handler 57 on 9000]ID=-1,134217728
[BM][IPC Server handler 57 on 9000]ID=-1,134217728
[BM][IPC Server handler 57 on 9000]ID=100,0
[BM][IPC Server handler 57 on 9000]ID=-1,134217728
[BM][IPC Server handler 57 on 9000]ID=-1,134217728
[BM][IPC Server handler 57 on 9000]ID=100,0
[BM][org.apache.hadoop.hdfs.server.blockmanagement.BlockManager$ReplicationMonitor@72bc6553]ID=-1,100000000
[BM][org.apache.hadoop.hdfs.server.blockmanagement.BlockManager$ReplicationMonitor@72bc6553]ID=100,0
[BM][org.apache.hadoop.hdfs.server.blockmanagement.BlockManager$ReplicationMonitor@72bc6553]ID=-1,100000000
[BM][org.apache.hadoop.hdfs.server.blockmanagement.BlockManager$ReplicationMonitor@72bc6553]ID=100,0
[BM][org.apache.hadoop.hdfs.server.blockmanagement.BlockManager$ReplicationMonitor@72bc6553]ID=-1,100000000
[BM][org.apache.hadoop.hdfs.server.blockmanagement.BlockManager$ReplicationMonitor@72bc6553]ID=100,0
[BM][IPC Server handler 73 on 9000]ID=-1,134217728
[BM][IPC Server handler 73 on 9000]ID=100,0
[BM][IPC Server handler 73 on 9000]ID=-1,134217728
[BM][IPC Server handler 73 on 9000]ID=-1,134217728
[BM][IPC Server handler 73 on 9000]ID=100,0
[BM][IPC Server handler 73 on 9000]ID=-1,134217728
[BM][IPC Server handler 73 on 9000]ID=-1,134217728
[BM][IPC Server handler 73 on 9000]ID=100,0
[BM][IPC Server handler 21 on 9000]ID=-1,134217728
[BM][IPC Server handler 21 on 9000]ID=100,0
[BM][IPC Server handler 21 on 9000]ID=-1,134217728
[BM][IPC Server handler 21 on 9000]ID=-1,134217728
[BM][IPC Server handler 21 on 9000]ID=100,0
[BM][IPC Server handler 21 on 9000]ID=-1,134217728
[BM][IPC Server handler 21 on 9000]ID=-1,134217728
[BM][IPC Server handler 21 on 9000]ID=100,0
[BM][IPC Server handler 4 on 9000]ID=-1,134217728
[BM][IPC Server handler 4 on 9000]ID=100,0
[BM][IPC Server handler 4 on 9000]ID=-1,134217728
[BM][IPC Server handler 4 on 9000]ID=-1,134217728
[BM][IPC Server handler 4 on 9000]ID=100,0
[BM][IPC Server handler 4 on 9000]ID=-1,134217728
[BM][IPC Server handler 4 on 9000]ID=-1,134217728
[BM][IPC Server handler 4 on 9000]ID=100,0
[BM][org.apache.hadoop.hdfs.server.blockmanagement.BlockManager$ReplicationMonitor@72bc6553]ID=-1,9223372036854775807
[BM][org.apache.hadoop.hdfs.server.blockmanagement.BlockManager$ReplicationMonitor@72bc6553]ID=-1,9223372036854775807
[BM][org.apache.hadoop.hdfs.server.blockmanagement.BlockManager$ReplicationMonitor@72bc6553]ID=-1,9223372036854775807
[BM][IPC Server handler 2 on 9000]ID=-1,134217728
[BM][IPC Server handler 2 on 9000]ID=100,0
[BM][IPC Server handler 2 on 9000]ID=-1,134217728
[BM][IPC Server handler 2 on 9000]ID=-1,134217728
[BM][IPC Server handler 2 on 9000]ID=100,0
[BM][IPC Server handler 2 on 9000]ID=-1,134217728
[BM][IPC Server handler 2 on 9000]ID=-1,134217728
[BM][IPC Server handler 2 on 9000]ID=100,0
[BM][IPC Server handler 46 on 9000]ID=-1,134217728
[BM][IPC Server handler 46 on 9000]ID=100,0
[BM][IPC Server handler 46 on 9000]ID=-1,134217728
[BM][IPC Server handler 46 on 9000]ID=-1,134217728
[BM][IPC Server handler 46 on 9000]ID=100,0
[BM][IPC Server handler 46 on 9000]ID=-1,134217728
[BM][IPC Server handler 46 on 9000]ID=-1,134217728
[BM][IPC Server handler 46 on 9000]ID=100,0
[BM][IPC Server handler 96 on 9000]ID=-1,134217728
[BM][IPC Server handler 96 on 9000]ID=100,0
[BM][IPC Server handler 96 on 9000]ID=-1,134217728
[BM][IPC Server handler 96 on 9000]ID=-1,134217728
[BM][IPC Server handler 96 on 9000]ID=100,0
[BM][IPC Server handler 96 on 9000]ID=-1,134217728
[BM][IPC Server handler 96 on 9000]ID=-1,134217728
[BM][IPC Server handler 96 on 9000]ID=100,0
[BM][IPC Server handler 3 on 9000]ID=-1,134217728
[BM][IPC Server handler 3 on 9000]ID=100,0
[BM][IPC Server handler 3 on 9000]ID=-1,134217728
[BM][IPC Server handler 3 on 9000]ID=-1,134217728
[BM][IPC Server handler 3 on 9000]ID=100,0
[BM][IPC Server handler 3 on 9000]ID=-1,134217728
[BM][IPC Server handler 3 on 9000]ID=-1,134217728
[BM][IPC Server handler 3 on 9000]ID=100,0
[BM][IPC Server handler 34 on 9000]ID=-1,134217728
[BM][IPC Server handler 34 on 9000]ID=100,0
[BM][IPC Server handler 34 on 9000]ID=-1,134217728
[BM][IPC Server handler 34 on 9000]ID=-1,134217728
[BM][IPC Server handler 34 on 9000]ID=100,0
[BM][IPC Server handler 34 on 9000]ID=-1,134217728
[BM][IPC Server handler 34 on 9000]ID=-1,134217728
[BM][IPC Server handler 34 on 9000]ID=100,0
[BM][IPC Server handler 22 on 9000]ID=-1,134217728
[BM][IPC Server handler 22 on 9000]ID=100,0
[BM][IPC Server handler 22 on 9000]ID=-1,134217728
[BM][IPC Server handler 22 on 9000]ID=-1,134217728
[BM][IPC Server handler 22 on 9000]ID=100,0
[BM][IPC Server handler 22 on 9000]ID=-1,134217728
[BM][IPC Server handler 22 on 9000]ID=-1,134217728
[BM][IPC Server handler 22 on 9000]ID=100,0
[BM][org.apache.hadoop.hdfs.server.blockmanagement.BlockManager$ReplicationMonitor@72bc6553]ID=-1,100000000
[BM][org.apache.hadoop.hdfs.server.blockmanagement.BlockManager$ReplicationMonitor@72bc6553]ID=100,0
[BM][org.apache.hadoop.hdfs.server.blockmanagement.BlockManager$ReplicationMonitor@72bc6553]ID=-1,100000000
[BM][org.apache.hadoop.hdfs.server.blockmanagement.BlockManager$ReplicationMonitor@72bc6553]ID=100,0
[BM][org.apache.hadoop.hdfs.server.blockmanagement.BlockManager$ReplicationMonitor@72bc6553]ID=-1,100000000
[BM][org.apache.hadoop.hdfs.server.blockmanagement.BlockManager$ReplicationMonitor@72bc6553]ID=100,0
[BM][IPC Server handler 23 on 9000]ID=-1,134217728
[BM][IPC Server handler 23 on 9000]ID=100,0
[BM][IPC Server handler 23 on 9000]ID=-1,134217728
[BM][IPC Server handler 23 on 9000]ID=-1,134217728
[BM][IPC Server handler 23 on 9000]ID=100,0
[BM][IPC Server handler 23 on 9000]ID=-1,134217728
[BM][IPC Server handler 23 on 9000]ID=-1,134217728
[BM][IPC Server handler 23 on 9000]ID=100,0
[BM][IPC Server handler 55 on 9000]ID=-1,134217728
[BM][IPC Server handler 55 on 9000]ID=100,0
[BM][IPC Server handler 55 on 9000]ID=-1,134217728
[BM][IPC Server handler 55 on 9000]ID=-1,134217728
[BM][IPC Server handler 55 on 9000]ID=100,0
[BM][IPC Server handler 55 on 9000]ID=-1,134217728
[BM][IPC Server handler 55 on 9000]ID=-1,134217728
[BM][IPC Server handler 55 on 9000]ID=100,0
[BM][IPC Server handler 97 on 9000]ID=-1,134217728
[BM][IPC Server handler 97 on 9000]ID=100,0
[BM][IPC Server handler 97 on 9000]ID=-1,134217728
[BM][IPC Server handler 97 on 9000]ID=-1,134217728
[BM][IPC Server handler 97 on 9000]ID=100,0
[BM][IPC Server handler 97 on 9000]ID=-1,134217728
[BM][IPC Server handler 97 on 9000]ID=-1,134217728
[BM][IPC Server handler 97 on 9000]ID=100,0
[BM][org.apache.hadoop.hdfs.server.blockmanagement.BlockManager$ReplicationMonitor@72bc6553]ID=-1,100000000
[BM][org.apache.hadoop.hdfs.server.blockmanagement.BlockManager$ReplicationMonitor@72bc6553]ID=100,0
[BM][org.apache.hadoop.hdfs.server.blockmanagement.BlockManager$ReplicationMonitor@72bc6553]ID=-1,100000000
[BM][org.apache.hadoop.hdfs.server.blockmanagement.BlockManager$ReplicationMonitor@72bc6553]ID=100,0
[BM][org.apache.hadoop.hdfs.server.blockmanagement.BlockManager$ReplicationMonitor@72bc6553]ID=-1,100000000
[BM][org.apache.hadoop.hdfs.server.blockmanagement.BlockManager$ReplicationMonitor@72bc6553]ID=100,0
[BM][IPC Server handler 50 on 9000]ID=-1,134217728
[BM][IPC Server handler 50 on 9000]ID=100,0
[BM][IPC Server handler 50 on 9000]ID=-1,134217728
[BM][IPC Server handler 50 on 9000]ID=-1,134217728
[BM][IPC Server handler 50 on 9000]ID=100,0
[BM][IPC Server handler 50 on 9000]ID=-1,134217728
[BM][IPC Server handler 50 on 9000]ID=-1,134217728
[BM][IPC Server handler 50 on 9000]ID=100,0
[BM][IPC Server handler 1 on 9000]ID=-1,134217728
[BM][IPC Server handler 1 on 9000]ID=100,0
[BM][IPC Server handler 1 on 9000]ID=-1,134217728
[BM][IPC Server handler 1 on 9000]ID=-1,134217728
[BM][IPC Server handler 1 on 9000]ID=100,0
[BM][DataNode: [[[DISK]file:/home/ubuntu/hadoop/hadoop-hdfs-project/hadoop-hdfs/target/test/data/dfs/data/data5/, [DISK]file:/home/ubuntu/hadoop/hadoop-hdfs-project/hadoop-hdfs/target/test/data/dfs/data/data6/]]  heartbeating to localhost/127.0.0.1:46721][Method Entry]org.apache.hadoop.hdfs.protocol.Block.set(Block.java:-1)
[BM][DataNode: [[[DISK]file:/home/ubuntu/hadoop/hadoop-hdfs-project/hadoop-hdfs/target/test/data/dfs/data/data5/, [DISK]file:/home/ubuntu/hadoop/hadoop-hdfs-project/hadoop-hdfs/target/test/data/dfs/data/data6/]]  heartbeating to localhost/127.0.0.1:46721]ID=1,9223372036854775807
[BM][DataNode: [[[DISK]file:/home/ubuntu/hadoop/hadoop-hdfs-project/hadoop-hdfs/target/test/data/dfs/data/data7/, [DISK]file:/home/ubuntu/hadoop/hadoop-hdfs-project/hadoop-hdfs/target/test/data/dfs/data/data8/]]  heartbeating to localhost/127.0.0.1:46721][Method Entry]org.apache.hadoop.hdfs.protocol.Block.set(Block.java:-1)
[BM][DataNode: [[[DISK]file:/home/ubuntu/hadoop/hadoop-hdfs-project/hadoop-hdfs/target/test/data/dfs/data/data7/, [DISK]file:/home/ubuntu/hadoop/hadoop-hdfs-project/hadoop-hdfs/target/test/data/dfs/data/data8/]]  heartbeating to localhost/127.0.0.1:46721]ID=1,9223372036854775807
[BM][DataNode: [[[DISK]file:/home/ubuntu/hadoop/hadoop-hdfs-project/hadoop-hdfs/target/test/data/dfs/data/data1/, [DISK]file:/home/ubuntu/hadoop/hadoop-hdfs-project/hadoop-hdfs/target/test/data/dfs/data/data2/]]  heartbeating to localhost/127.0.0.1:46721][Method Entry]org.apache.hadoop.hdfs.protocol.Block.set(Block.java:-1)
[BM][DataNode: [[[DISK]file:/home/ubuntu/hadoop/hadoop-hdfs-project/hadoop-hdfs/target/test/data/dfs/data/data1/, [DISK]file:/home/ubuntu/hadoop/hadoop-hdfs-project/hadoop-hdfs/target/test/data/dfs/data/data2/]]  heartbeating to localhost/127.0.0.1:46721]ID=1,9223372036854775807
[BM][IPC Server handler 1 on 9000]ID=-1,134217728
[BM][IPC Server handler 1 on 9000]ID=-1,134217728
[BM][IPC Server handler 1 on 9000]ID=100,0
