[BM][IPC Server handler 0 on 38103][Method Entry]org.apache.hadoop.hdfs.server.blockmanagement.BlockPlacementPolicyDefault.chooseRandom(BlockPlacementPolicyDefault.java:-1)
[BM][IPC Server handler 0 on 38103]ID=0,1
[BM][IPC Server handler 0 on 38103]ID=5,loop=1,
[BM][IPC Server handler 0 on 38103]ID=4,loop=1,
[BM][IPC Server handler 0 on 38103][Method Entry]org.apache.hadoop.hdfs.server.blockmanagement.BlockPlacementPolicyDefault.chooseRandom(BlockPlacementPolicyDefault.java:-1)
[BM][IPC Server handler 0 on 38103]ID=0,1
[BM][IPC Server handler 0 on 38103]ID=5,loop=1,
[BM][IPC Server handler 0 on 38103]ID=4,loop=1,
[BM][IPC Server handler 0 on 38103]ID=3,loop=1,
[BM][IPC Server handler 0 on 38103]ID=2,loop=1,
[BM][IPC Server handler 0 on 38103]ID=1,loop=1,
[BM][IPC Server handler 0 on 38103]ID=6,loop=1,
[BM][IPC Server handler 0 on 38103]ID=5,loop=1,
[BM][IPC Server handler 0 on 38103]ID=4,loop=1,
[BM][IPC Server handler 0 on 38103][Method Entry]org.apache.hadoop.hdfs.server.blockmanagement.BlockPlacementPolicyDefault.chooseRandom(BlockPlacementPolicyDefault.java:-1)
[BM][IPC Server handler 0 on 38103]ID=0,1
[BM][IPC Server handler 0 on 38103]ID=5,loop=1,
[BM][IPC Server handler 0 on 38103]ID=4,loop=1,
[BM][IPC Server handler 0 on 38103][Method Entry]org.apache.hadoop.hdfs.server.blockmanagement.BlockPlacementPolicyDefault.chooseRandom(BlockPlacementPolicyDefault.java:-1)
[BM][IPC Server handler 0 on 38103]ID=0,1
[BM][IPC Server handler 0 on 38103]ID=5,loop=1,
[BM][IPC Server handler 0 on 38103]ID=4,loop=1,
[BM][IPC Server handler 0 on 38103]ID=3,loop=1,
[BM][IPC Server handler 0 on 38103]ID=2,loop=1,
[BM][IPC Server handler 0 on 38103]ID=1,loop=1,
[BM][IPC Server handler 0 on 38103]ID=6,loop=1,
[BM][IPC Server handler 0 on 38103]ID=5,loop=1,
[BM][IPC Server handler 0 on 38103]ID=4,loop=1,
[BM][org.apache.hadoop.hdfs.server.blockmanagement.BlockManager$ReplicationMonitor@762ef0ea][Method Entry]org.apache.hadoop.hdfs.server.blockmanagement.BlockPlacementPolicyDefault.chooseRandom(BlockPlacementPolicyDefault.java:-1)
[BM][org.apache.hadoop.hdfs.server.blockmanagement.BlockManager$ReplicationMonitor@762ef0ea]ID=0,2
[BM][org.apache.hadoop.hdfs.server.blockmanagement.BlockManager$ReplicationMonitor@762ef0ea]ID=5,loop=1,
[BM][org.apache.hadoop.hdfs.server.blockmanagement.BlockManager$ReplicationMonitor@762ef0ea]ID=4,loop=1,
[BM][org.apache.hadoop.hdfs.server.blockmanagement.BlockManager$ReplicationMonitor@762ef0ea]ID=3,loop=1,
[BM][org.apache.hadoop.hdfs.server.blockmanagement.BlockManager$ReplicationMonitor@762ef0ea]ID=5,loop=1,
[BM][org.apache.hadoop.hdfs.server.blockmanagement.BlockManager$ReplicationMonitor@762ef0ea]ID=4,loop=1,
[BM][org.apache.hadoop.hdfs.server.blockmanagement.BlockManager$ReplicationMonitor@762ef0ea]ID=3,loop=1,
[BM][org.apache.hadoop.hdfs.server.blockmanagement.BlockManager$ReplicationMonitor@762ef0ea]ID=5,loop=1,
[BM][org.apache.hadoop.hdfs.server.blockmanagement.BlockManager$ReplicationMonitor@762ef0ea]ID=4,loop=1,
[BM][org.apache.hadoop.hdfs.server.blockmanagement.BlockManager$ReplicationMonitor@762ef0ea]ID=3,loop=1,
[BM][org.apache.hadoop.hdfs.server.blockmanagement.BlockManager$ReplicationMonitor@762ef0ea]ID=2,loop=1,
[BM][org.apache.hadoop.hdfs.server.blockmanagement.BlockManager$ReplicationMonitor@762ef0ea]ID=1,loop=1,
[BM][org.apache.hadoop.hdfs.server.blockmanagement.BlockManager$ReplicationMonitor@762ef0ea]ID=1,loop=1,
[BM][org.apache.hadoop.hdfs.server.blockmanagement.BlockManager$ReplicationMonitor@762ef0ea]ID=5,loop=1,
[BM][org.apache.hadoop.hdfs.server.blockmanagement.BlockManager$ReplicationMonitor@762ef0ea]ID=4,loop=1,
[BM][org.apache.hadoop.hdfs.server.blockmanagement.BlockManager$ReplicationMonitor@762ef0ea]ID=3,loop=1,
[BM][org.apache.hadoop.hdfs.server.blockmanagement.BlockManager$ReplicationMonitor@762ef0ea]ID=2,loop=1,
[BM][org.apache.hadoop.hdfs.server.blockmanagement.BlockManager$ReplicationMonitor@762ef0ea]ID=1,loop=1,
[BM][org.apache.hadoop.hdfs.server.blockmanagement.BlockManager$ReplicationMonitor@762ef0ea]ID=1,loop=1,
[BM][org.apache.hadoop.hdfs.server.blockmanagement.BlockManager$ReplicationMonitor@762ef0ea]ID=5,loop=1,
[BM][org.apache.hadoop.hdfs.server.blockmanagement.BlockManager$ReplicationMonitor@762ef0ea]ID=4,loop=1,