[BM][Start Stack Trace][IPC Server handler 7 on 9000]
[BM][Start Stack Trace][IPC Server handler 7 on 9000]
org.apache.hadoop.hdfs.server.blockmanagement.BlockInfo.<init>(BlockInfo.java)
org.apache.hadoop.hdfs.server.blockmanagement.BlockInfoContiguous.<init>(BlockInfoContiguous.java:35)
org.apache.hadoop.hdfs.server.namenode.FSDirWriteFileOp.addBlock(FSDirWriteFileOp.java:453)
org.apache.hadoop.hdfs.server.namenode.FSDirWriteFileOp.saveAllocatedBlock(FSDirWriteFileOp.java:706)
org.apache.hadoop.hdfs.server.namenode.FSDirWriteFileOp.storeAllocatedBlock(FSDirWriteFileOp.java:238)
org.apache.hadoop.hdfs.server.namenode.FSNamesystem.getAdditionalBlock(FSNamesystem.java:2523)
org.apache.hadoop.hdfs.server.namenode.NameNodeRpcServer.addBlock(NameNodeRpcServer.java:828)
org.apache.hadoop.hdfs.protocolPB.ClientNamenodeProtocolServerSideTranslatorPB.addBlock(ClientNamenodeProtocolServerSideTranslatorPB.java:507)
org.apache.hadoop.hdfs.protocol.proto.ClientNamenodeProtocolProtos$ClientNamenodeProtocol$2.callBlockingMethod(ClientNamenodeProtocolProtos.java)
org.apache.hadoop.ipc.ProtobufRpcEngine$Server$ProtoBufRpcInvoker.call(ProtobufRpcEngine.java:447)
org.apache.hadoop.ipc.RPC$Server.call(RPC.java:989)
org.apache.hadoop.ipc.Server$RpcCall.run(Server.java:847)
org.apache.hadoop.ipc.Server$RpcCall.run(Server.java:790)
java.security.AccessController.doPrivileged(Native Method)
javax.security.auth.Subject.doAs(Subject.java:422)
org.apache.hadoop.security.UserGroupInformation.doAs(UserGroupInformation.java:1836)
org.apache.hadoop.ipc.Server$Handler.run(Server.java:2486)
[BM][End Stack Trace][IPC Server handler 7 on 9000]
[BM][End Stack Trace][IPC Server handler 7 on 9000]
[BM][IPC Server handler 7 on 9000]ID=2,-1
[BM][Start Stack Trace][IPC Server handler 7 on 9000]
[BM][Start Stack Trace][IPC Server handler 7 on 9000]
org.apache.hadoop.hdfs.server.blockmanagement.BlockInfo.setBlockCollectionId(BlockInfo.java)
org.apache.hadoop.hdfs.server.blockmanagement.BlocksMap.addBlockCollection(BlocksMap.java:103)
org.apache.hadoop.hdfs.server.blockmanagement.BlockManager.addBlockCollection(BlockManager.java:3660)
org.apache.hadoop.hdfs.server.namenode.FSDirWriteFileOp.addBlock(FSDirWriteFileOp.java:456)
org.apache.hadoop.hdfs.server.namenode.FSDirWriteFileOp.saveAllocatedBlock(FSDirWriteFileOp.java:706)
org.apache.hadoop.hdfs.server.namenode.FSDirWriteFileOp.storeAllocatedBlock(FSDirWriteFileOp.java:238)
org.apache.hadoop.hdfs.server.namenode.FSNamesystem.getAdditionalBlock(FSNamesystem.java:2523)
org.apache.hadoop.hdfs.server.namenode.NameNodeRpcServer.addBlock(NameNodeRpcServer.java:828)
org.apache.hadoop.hdfs.protocolPB.ClientNamenodeProtocolServerSideTranslatorPB.addBlock(ClientNamenodeProtocolServerSideTranslatorPB.java:507)
org.apache.hadoop.hdfs.protocol.proto.ClientNamenodeProtocolProtos$ClientNamenodeProtocol$2.callBlockingMethod(ClientNamenodeProtocolProtos.java)
org.apache.hadoop.ipc.ProtobufRpcEngine$Server$ProtoBufRpcInvoker.call(ProtobufRpcEngine.java:447)
org.apache.hadoop.ipc.RPC$Server.call(RPC.java:989)
org.apache.hadoop.ipc.Server$RpcCall.run(Server.java:847)
org.apache.hadoop.ipc.Server$RpcCall.run(Server.java:790)
java.security.AccessController.doPrivileged(Native Method)
javax.security.auth.Subject.doAs(Subject.java:422)
org.apache.hadoop.security.UserGroupInformation.doAs(UserGroupInformation.java:1836)
org.apache.hadoop.ipc.Server$Handler.run(Server.java:2486)
[BM][End Stack Trace][IPC Server handler 7 on 9000]
[BM][End Stack Trace][IPC Server handler 7 on 9000]
[BM][IPC Server handler 7 on 9000]ID=0,16387
[BM][Start Stack Trace][462039519@qtp-375457936-0]
[BM][Start Stack Trace][462039519@qtp-375457936-0]
org.apache.hadoop.hdfs.server.namenode.FSNamesystem.getBlockCollection(FSNamesystem.java)
org.apache.hadoop.hdfs.server.namenode.FSNamesystem.getBlockCollection(FSNamesystem.java:3383)
org.apache.hadoop.hdfs.server.namenode.NamenodeFsck.blockIdCK(NamenodeFsck.java:261)
org.apache.hadoop.hdfs.server.namenode.NamenodeFsck.fsck(NamenodeFsck.java:328)
org.apache.hadoop.hdfs.server.namenode.FsckServlet$1.run(FsckServlet.java:69)
java.security.AccessController.doPrivileged(Native Method)
javax.security.auth.Subject.doAs(Subject.java:422)
org.apache.hadoop.security.UserGroupInformation.doAs(UserGroupInformation.java:1836)
org.apache.hadoop.hdfs.server.namenode.FsckServlet.doGet(FsckServlet.java:58)
javax.servlet.http.HttpServlet.service(HttpServlet.java:707)
javax.servlet.http.HttpServlet.service(HttpServlet.java:820)
org.mortbay.jetty.servlet.ServletHolder.handle(ServletHolder.java:511)
org.mortbay.jetty.servlet.ServletHandler$CachedChain.doFilter(ServletHandler.java:1221)
org.apache.hadoop.http.HttpServer2$QuotingInputFilter.doFilter(HttpServer2.java:1353)
org.mortbay.jetty.servlet.ServletHandler$CachedChain.doFilter(ServletHandler.java:1212)
org.apache.hadoop.http.NoCacheFilter.doFilter(NoCacheFilter.java:45)
org.mortbay.jetty.servlet.ServletHandler$CachedChain.doFilter(ServletHandler.java:1212)
org.apache.hadoop.http.NoCacheFilter.doFilter(NoCacheFilter.java:45)
org.mortbay.jetty.servlet.ServletHandler$CachedChain.doFilter(ServletHandler.java:1212)
org.mortbay.jetty.servlet.ServletHandler.handle(ServletHandler.java:399)
org.mortbay.jetty.security.SecurityHandler.handle(SecurityHandler.java:216)
org.mortbay.jetty.servlet.SessionHandler.handle(SessionHandler.java:182)
org.mortbay.jetty.handler.ContextHandler.handle(ContextHandler.java:766)
org.mortbay.jetty.webapp.WebAppContext.handle(WebAppContext.java:450)
org.mortbay.jetty.handler.ContextHandlerCollection.handle(ContextHandlerCollection.java:230)
org.mortbay.jetty.handler.HandlerWrapper.handle(HandlerWrapper.java:152)
org.mortbay.jetty.Server.handle(Server.java:326)
org.mortbay.jetty.HttpConnection.handleRequest(HttpConnection.java:542)
org.mortbay.jetty.HttpConnection$RequestHandler.headerComplete(HttpConnection.java:928)
org.mortbay.jetty.HttpParser.parseNext(HttpParser.java:549)
org.mortbay.jetty.HttpParser.parseAvailable(HttpParser.java:212)
org.mortbay.jetty.HttpConnection.handle(HttpConnection.java:404)
org.mortbay.io.nio.SelectChannelEndPoint.run(SelectChannelEndPoint.java:410)
org.mortbay.thread.QueuedThreadPool$PoolThread.run(QueuedThreadPool.java:582)
[BM][End Stack Trace][462039519@qtp-375457936-0]
[BM][End Stack Trace][462039519@qtp-375457936-0]
[BM][Start Stack Trace][IPC Server handler 9 on 9000]
[BM][Start Stack Trace][IPC Server handler 9 on 9000]
org.apache.hadoop.hdfs.server.blockmanagement.BlockInfo.<init>(BlockInfo.java)
org.apache.hadoop.hdfs.server.blockmanagement.BlockInfoContiguous.<init>(BlockInfoContiguous.java:35)
org.apache.hadoop.hdfs.server.namenode.FSDirTruncateOp.prepareFileForTruncate(FSDirTruncateOp.java:233)
org.apache.hadoop.hdfs.server.namenode.FSDirTruncateOp.truncate(FSDirTruncateOp.java:131)
org.apache.hadoop.hdfs.server.namenode.FSNamesystem.truncate(FSNamesystem.java:2006)
org.apache.hadoop.hdfs.server.namenode.NameNodeRpcServer.truncate(NameNodeRpcServer.java:1025)
org.apache.hadoop.hdfs.protocolPB.ClientNamenodeProtocolServerSideTranslatorPB.truncate(ClientNamenodeProtocolServerSideTranslatorPB.java:626)
org.apache.hadoop.hdfs.protocol.proto.ClientNamenodeProtocolProtos$ClientNamenodeProtocol$2.callBlockingMethod(ClientNamenodeProtocolProtos.java)
org.apache.hadoop.ipc.ProtobufRpcEngine$Server$ProtoBufRpcInvoker.call(ProtobufRpcEngine.java:447)
org.apache.hadoop.ipc.RPC$Server.call(RPC.java:989)
org.apache.hadoop.ipc.Server$RpcCall.run(Server.java:847)
org.apache.hadoop.ipc.Server$RpcCall.run(Server.java:790)
java.security.AccessController.doPrivileged(Native Method)
javax.security.auth.Subject.doAs(Subject.java:422)
org.apache.hadoop.security.UserGroupInformation.doAs(UserGroupInformation.java:1836)
org.apache.hadoop.ipc.Server$Handler.run(Server.java:2486)
[BM][End Stack Trace][IPC Server handler 9 on 9000]
[BM][End Stack Trace][IPC Server handler 9 on 9000]
[BM][IPC Server handler 9 on 9000]ID=2,-1
[BM][Start Stack Trace][IPC Server handler 9 on 9000]
[BM][Start Stack Trace][IPC Server handler 9 on 9000]
org.apache.hadoop.hdfs.server.blockmanagement.BlockInfo.setBlockCollectionId(BlockInfo.java)
org.apache.hadoop.hdfs.server.namenode.INodeFile.setLastBlock(INodeFile.java:275)
org.apache.hadoop.hdfs.server.namenode.FSDirTruncateOp.prepareFileForTruncate(FSDirTruncateOp.java:238)
org.apache.hadoop.hdfs.server.namenode.FSDirTruncateOp.truncate(FSDirTruncateOp.java:131)
org.apache.hadoop.hdfs.server.namenode.FSNamesystem.truncate(FSNamesystem.java:2006)
org.apache.hadoop.hdfs.server.namenode.NameNodeRpcServer.truncate(NameNodeRpcServer.java:1025)
org.apache.hadoop.hdfs.protocolPB.ClientNamenodeProtocolServerSideTranslatorPB.truncate(ClientNamenodeProtocolServerSideTranslatorPB.java:626)
org.apache.hadoop.hdfs.protocol.proto.ClientNamenodeProtocolProtos$ClientNamenodeProtocol$2.callBlockingMethod(ClientNamenodeProtocolProtos.java)
org.apache.hadoop.ipc.ProtobufRpcEngine$Server$ProtoBufRpcInvoker.call(ProtobufRpcEngine.java:447)
org.apache.hadoop.ipc.RPC$Server.call(RPC.java:989)
org.apache.hadoop.ipc.Server$RpcCall.run(Server.java:847)
org.apache.hadoop.ipc.Server$RpcCall.run(Server.java:790)
java.security.AccessController.doPrivileged(Native Method)
javax.security.auth.Subject.doAs(Subject.java:422)
org.apache.hadoop.security.UserGroupInformation.doAs(UserGroupInformation.java:1836)
org.apache.hadoop.ipc.Server$Handler.run(Server.java:2486)
[BM][End Stack Trace][IPC Server handler 9 on 9000]
[BM][End Stack Trace][IPC Server handler 9 on 9000]
[BM][IPC Server handler 9 on 9000]ID=0,16387
[BM][Start Stack Trace][IPC Server handler 9 on 9000]
[BM][Start Stack Trace][IPC Server handler 9 on 9000]
org.apache.hadoop.hdfs.server.blockmanagement.BlockInfo.setBlockCollectionId(BlockInfo.java)
org.apache.hadoop.hdfs.server.blockmanagement.BlocksMap.addBlockCollection(BlocksMap.java:103)
org.apache.hadoop.hdfs.server.blockmanagement.BlockManager.addBlockCollection(BlockManager.java:3660)
org.apache.hadoop.hdfs.server.namenode.FSDirTruncateOp.prepareFileForTruncate(FSDirTruncateOp.java:239)
org.apache.hadoop.hdfs.server.namenode.FSDirTruncateOp.truncate(FSDirTruncateOp.java:131)
org.apache.hadoop.hdfs.server.namenode.FSNamesystem.truncate(FSNamesystem.java:2006)
org.apache.hadoop.hdfs.server.namenode.NameNodeRpcServer.truncate(NameNodeRpcServer.java:1025)
org.apache.hadoop.hdfs.protocolPB.ClientNamenodeProtocolServerSideTranslatorPB.truncate(ClientNamenodeProtocolServerSideTranslatorPB.java:626)
org.apache.hadoop.hdfs.protocol.proto.ClientNamenodeProtocolProtos$ClientNamenodeProtocol$2.callBlockingMethod(ClientNamenodeProtocolProtos.java)
org.apache.hadoop.ipc.ProtobufRpcEngine$Server$ProtoBufRpcInvoker.call(ProtobufRpcEngine.java:447)
org.apache.hadoop.ipc.RPC$Server.call(RPC.java:989)
org.apache.hadoop.ipc.Server$RpcCall.run(Server.java:847)
org.apache.hadoop.ipc.Server$RpcCall.run(Server.java:790)
java.security.AccessController.doPrivileged(Native Method)
javax.security.auth.Subject.doAs(Subject.java:422)
org.apache.hadoop.security.UserGroupInformation.doAs(UserGroupInformation.java:1836)
org.apache.hadoop.ipc.Server$Handler.run(Server.java:2486)
[BM][End Stack Trace][IPC Server handler 9 on 9000]
[BM][End Stack Trace][IPC Server handler 9 on 9000]
[BM][IPC Server handler 9 on 9000]ID=0,16387
[BM][Start Stack Trace][Block report processor]
[BM][Start Stack Trace][Block report processor]
org.apache.hadoop.hdfs.server.blockmanagement.BlockInfo.<init>(BlockInfo.java)
org.apache.hadoop.hdfs.server.blockmanagement.BlockInfo.<init>(BlockInfo.java:97)
org.apache.hadoop.hdfs.server.blockmanagement.BlockInfoContiguous.<init>(BlockInfoContiguous.java:43)
org.apache.hadoop.hdfs.server.blockmanagement.BlockToMarkCorrupt.<init>(BlockToMarkCorrupt.java:56)
org.apache.hadoop.hdfs.server.blockmanagement.BlockManager.checkReplicaCorrupt(BlockManager.java:2519)
org.apache.hadoop.hdfs.server.blockmanagement.BlockManager.processReportedBlock(BlockManager.java:2393)
org.apache.hadoop.hdfs.server.blockmanagement.BlockManager.processAndHandleReportedBlock(BlockManager.java:3247)
org.apache.hadoop.hdfs.server.blockmanagement.BlockManager.addBlock(BlockManager.java:3232)
org.apache.hadoop.hdfs.server.blockmanagement.BlockManager.processIncrementalBlockReport(BlockManager.java:3325)
org.apache.hadoop.hdfs.server.blockmanagement.BlockManager.processIncrementalBlockReport(BlockManager.java:3294)
org.apache.hadoop.hdfs.server.namenode.FSNamesystem.processIncrementalBlockReport(FSNamesystem.java:5108)
org.apache.hadoop.hdfs.server.namenode.NameNodeRpcServer$2.run(NameNodeRpcServer.java:1478)
org.apache.hadoop.hdfs.server.blockmanagement.BlockManager$BlockReportProcessingThread.processQueue(BlockManager.java:4018)
org.apache.hadoop.hdfs.server.blockmanagement.BlockManager$BlockReportProcessingThread.run(BlockManager.java:3997)
[BM][End Stack Trace][Block report processor]
[BM][End Stack Trace][Block report processor]
[BM][Block report processor]ID=2,-1
[BM][Start Stack Trace][Block report processor]
[BM][Start Stack Trace][Block report processor]
org.apache.hadoop.hdfs.server.blockmanagement.BlockInfo.<init>(BlockInfo.java)
org.apache.hadoop.hdfs.server.blockmanagement.BlockInfo.<init>(BlockInfo.java:97)
org.apache.hadoop.hdfs.server.blockmanagement.BlockInfoContiguous.<init>(BlockInfoContiguous.java:43)
org.apache.hadoop.hdfs.server.blockmanagement.BlockToMarkCorrupt.<init>(BlockToMarkCorrupt.java:56)
org.apache.hadoop.hdfs.server.blockmanagement.BlockManager.checkReplicaCorrupt(BlockManager.java:2519)
org.apache.hadoop.hdfs.server.blockmanagement.BlockManager.processReportedBlock(BlockManager.java:2393)
org.apache.hadoop.hdfs.server.blockmanagement.BlockManager.processAndHandleReportedBlock(BlockManager.java:3247)
org.apache.hadoop.hdfs.server.blockmanagement.BlockManager.addBlock(BlockManager.java:3232)
org.apache.hadoop.hdfs.server.blockmanagement.BlockManager.processIncrementalBlockReport(BlockManager.java:3325)
org.apache.hadoop.hdfs.server.blockmanagement.BlockManager.processIncrementalBlockReport(BlockManager.java:3294)
org.apache.hadoop.hdfs.server.namenode.FSNamesystem.processIncrementalBlockReport(FSNamesystem.java:5108)
org.apache.hadoop.hdfs.server.namenode.NameNodeRpcServer$2.run(NameNodeRpcServer.java:1478)
org.apache.hadoop.hdfs.server.blockmanagement.BlockManager$BlockReportProcessingThread.processQueue(BlockManager.java:4018)
org.apache.hadoop.hdfs.server.blockmanagement.BlockManager$BlockReportProcessingThread.run(BlockManager.java:3997)
[BM][End Stack Trace][Block report processor]
[BM][End Stack Trace][Block report processor]
[BM][Block report processor]ID=2,-1
[BM][Start Stack Trace][Block report processor]
[BM][Start Stack Trace][Block report processor]
org.apache.hadoop.hdfs.server.blockmanagement.BlockInfo.<init>(BlockInfo.java)
org.apache.hadoop.hdfs.server.blockmanagement.BlockInfo.<init>(BlockInfo.java:97)
org.apache.hadoop.hdfs.server.blockmanagement.BlockInfoContiguous.<init>(BlockInfoContiguous.java:43)
org.apache.hadoop.hdfs.server.blockmanagement.BlockToMarkCorrupt.<init>(BlockToMarkCorrupt.java:56)
org.apache.hadoop.hdfs.server.blockmanagement.BlockManager.checkReplicaCorrupt(BlockManager.java:2519)
org.apache.hadoop.hdfs.server.blockmanagement.BlockManager.processReportedBlock(BlockManager.java:2393)
org.apache.hadoop.hdfs.server.blockmanagement.BlockManager.processAndHandleReportedBlock(BlockManager.java:3247)
org.apache.hadoop.hdfs.server.blockmanagement.BlockManager.addBlock(BlockManager.java:3232)
org.apache.hadoop.hdfs.server.blockmanagement.BlockManager.processIncrementalBlockReport(BlockManager.java:3325)
org.apache.hadoop.hdfs.server.blockmanagement.BlockManager.processIncrementalBlockReport(BlockManager.java:3294)
org.apache.hadoop.hdfs.server.namenode.FSNamesystem.processIncrementalBlockReport(FSNamesystem.java:5108)
org.apache.hadoop.hdfs.server.namenode.NameNodeRpcServer$2.run(NameNodeRpcServer.java:1478)
org.apache.hadoop.hdfs.server.blockmanagement.BlockManager$BlockReportProcessingThread.processQueue(BlockManager.java:4018)
org.apache.hadoop.hdfs.server.blockmanagement.BlockManager$BlockReportProcessingThread.run(BlockManager.java:3997)
[BM][End Stack Trace][Block report processor]
[BM][End Stack Trace][Block report processor]
[BM][Block report processor]ID=2,-1
[BM][Start Stack Trace][IPC Server handler 0 on 9000]
[BM][Start Stack Trace][IPC Server handler 0 on 9000]
org.apache.hadoop.hdfs.server.namenode.FSNamesystem.getBlockCollection(FSNamesystem.java)
org.apache.hadoop.hdfs.server.namenode.FSNamesystem.getBlockCollection(FSNamesystem.java:3383)
org.apache.hadoop.hdfs.server.namenode.FSNamesystem.commitBlockSynchronization(FSNamesystem.java:3449)
org.apache.hadoop.hdfs.server.namenode.NameNodeRpcServer.commitBlockSynchronization(NameNodeRpcServer.java:932)
org.apache.hadoop.hdfs.protocolPB.DatanodeProtocolServerSideTranslatorPB.commitBlockSynchronization(DatanodeProtocolServerSideTranslatorPB.java:300)
org.apache.hadoop.hdfs.protocol.proto.DatanodeProtocolProtos$DatanodeProtocolService$2.callBlockingMethod(DatanodeProtocolProtos.java:28435)
org.apache.hadoop.ipc.ProtobufRpcEngine$Server$ProtoBufRpcInvoker.call(ProtobufRpcEngine.java:447)
org.apache.hadoop.ipc.RPC$Server.call(RPC.java:989)
org.apache.hadoop.ipc.Server$RpcCall.run(Server.java:847)
org.apache.hadoop.ipc.Server$RpcCall.run(Server.java:790)
java.security.AccessController.doPrivileged(Native Method)
javax.security.auth.Subject.doAs(Subject.java:422)
org.apache.hadoop.security.UserGroupInformation.doAs(UserGroupInformation.java:1836)
org.apache.hadoop.ipc.Server$Handler.run(Server.java:2486)
[BM][End Stack Trace][IPC Server handler 0 on 9000]
[BM][End Stack Trace][IPC Server handler 0 on 9000]
[BM][Start Stack Trace][IPC Server handler 18 on 9000]
[BM][Start Stack Trace][IPC Server handler 18 on 9000]
org.apache.hadoop.hdfs.server.blockmanagement.BlockInfo.setBlockCollectionId(BlockInfo.java)
org.apache.hadoop.hdfs.server.blockmanagement.BlockInfo.delete(BlockInfo.java:118)
org.apache.hadoop.hdfs.server.namenode.INode$BlocksMapUpdateInfo.addDeleteBlock(INode.java:1043)
org.apache.hadoop.hdfs.server.namenode.INodeFile.clearFile(INodeFile.java:575)
org.apache.hadoop.hdfs.server.namenode.INodeFile.destroyAndCollectBlocks(INodeFile.java:560)
org.apache.hadoop.hdfs.server.namenode.FSDirDeleteOp.unprotectedDelete(FSDirDeleteOp.java:263)
org.apache.hadoop.hdfs.server.namenode.FSDirDeleteOp.delete(FSDirDeleteOp.java:67)
org.apache.hadoop.hdfs.server.namenode.FSDirDeleteOp.deleteInternal(FSDirDeleteOp.java:190)
org.apache.hadoop.hdfs.server.namenode.FSDirDeleteOp.delete(FSDirDeleteOp.java:121)
org.apache.hadoop.hdfs.server.namenode.FSNamesystem.delete(FSNamesystem.java:2802)
org.apache.hadoop.hdfs.server.namenode.NameNodeRpcServer.delete(NameNodeRpcServer.java:1047)
org.apache.hadoop.hdfs.protocolPB.ClientNamenodeProtocolServerSideTranslatorPB.delete(ClientNamenodeProtocolServerSideTranslatorPB.java:638)
org.apache.hadoop.hdfs.protocol.proto.ClientNamenodeProtocolProtos$ClientNamenodeProtocol$2.callBlockingMethod(ClientNamenodeProtocolProtos.java)
org.apache.hadoop.ipc.ProtobufRpcEngine$Server$ProtoBufRpcInvoker.call(ProtobufRpcEngine.java:447)
org.apache.hadoop.ipc.RPC$Server.call(RPC.java:989)
org.apache.hadoop.ipc.Server$RpcCall.run(Server.java:847)
org.apache.hadoop.ipc.Server$RpcCall.run(Server.java:790)
java.security.AccessController.doPrivileged(Native Method)
javax.security.auth.Subject.doAs(Subject.java:422)
org.apache.hadoop.security.UserGroupInformation.doAs(UserGroupInformation.java:1836)
org.apache.hadoop.ipc.Server$Handler.run(Server.java:2486)
[BM][End Stack Trace][IPC Server handler 18 on 9000]
[BM][End Stack Trace][IPC Server handler 18 on 9000]
[BM][IPC Server handler 18 on 9000]ID=0,-1
