[BM][Start Stack Trace][IPC Server handler 6 on 9000]
[BM][Start Stack Trace][IPC Server handler 6 on 9000]
org.apache.hadoop.util.LightWeightGSet.get(LightWeightGSet.java)
org.apache.hadoop.hdfs.server.namenode.INodeMap.get(INodeMap.java:132)
org.apache.hadoop.hdfs.server.namenode.FSDirectory.getInode(FSDirectory.java:1272)
org.apache.hadoop.hdfs.server.namenode.FSDirectory.resolvePath(FSDirectory.java:564)
org.apache.hadoop.hdfs.server.namenode.FSDirWriteFileOp.validateAddBlock(FSDirWriteFileOp.java:160)
org.apache.hadoop.hdfs.server.namenode.FSNamesystem.getAdditionalBlock(FSNamesystem.java:2503)
org.apache.hadoop.hdfs.server.namenode.NameNodeRpcServer.addBlock(NameNodeRpcServer.java:828)
org.apache.hadoop.hdfs.protocolPB.ClientNamenodeProtocolServerSideTranslatorPB.addBlock(ClientNamenodeProtocolServerSideTranslatorPB.java:507)
org.apache.hadoop.hdfs.protocol.proto.ClientNamenodeProtocolProtos$ClientNamenodeProtocol$2.callBlockingMethod(ClientNamenodeProtocolProtos.java)
org.apache.hadoop.ipc.ProtobufRpcEngine$Server$ProtoBufRpcInvoker.call(ProtobufRpcEngine.java:447)
org.apache.hadoop.ipc.RPC$Server.call(RPC.java:989)
org.apache.hadoop.ipc.Server$RpcCall.run(Server.java:847)
org.apache.hadoop.ipc.Server$RpcCall.run(Server.java:790)
java.security.AccessController.doPrivileged(Native Method)
javax.security.auth.Subject.doAs(Subject.java:422)
org.apache.hadoop.security.UserGroupInformation.doAs(UserGroupInformation.java:1836)
org.apache.hadoop.ipc.Server$Handler.run(Server.java:2486)
[BM][End Stack Trace][IPC Server handler 6 on 9000]
[BM][End Stack Trace][IPC Server handler 6 on 9000]
[BM][IPC Server handler 6 on 9000]ID=1,loop=0
[BM][IPC Server handler 6 on 9000]ID=0,loop=0
[BM][IPC Server handler 6 on 9000]ID=4,loop=0
[BM][IPC Server handler 6 on 9000]ID=7,16387
[BM][Start Stack Trace][IPC Server handler 6 on 9000]
[BM][Start Stack Trace][IPC Server handler 6 on 9000]
org.apache.hadoop.util.LightWeightGSet.get(LightWeightGSet.java)
org.apache.hadoop.hdfs.server.namenode.INodeMap.get(INodeMap.java:132)
org.apache.hadoop.hdfs.server.namenode.FSDirectory.getInode(FSDirectory.java:1272)
org.apache.hadoop.hdfs.server.namenode.FSNamesystem.isFileDeleted(FSNamesystem.java:5436)
org.apache.hadoop.hdfs.server.namenode.FSNamesystem.checkLease(FSNamesystem.java:2637)
org.apache.hadoop.hdfs.server.namenode.FSDirWriteFileOp.analyzeFileState(FSDirWriteFileOp.java:521)
org.apache.hadoop.hdfs.server.namenode.FSDirWriteFileOp.validateAddBlock(FSDirWriteFileOp.java:161)
org.apache.hadoop.hdfs.server.namenode.FSNamesystem.getAdditionalBlock(FSNamesystem.java:2503)
org.apache.hadoop.hdfs.server.namenode.NameNodeRpcServer.addBlock(NameNodeRpcServer.java:828)
org.apache.hadoop.hdfs.protocolPB.ClientNamenodeProtocolServerSideTranslatorPB.addBlock(ClientNamenodeProtocolServerSideTranslatorPB.java:507)
org.apache.hadoop.hdfs.protocol.proto.ClientNamenodeProtocolProtos$ClientNamenodeProtocol$2.callBlockingMethod(ClientNamenodeProtocolProtos.java)
org.apache.hadoop.ipc.ProtobufRpcEngine$Server$ProtoBufRpcInvoker.call(ProtobufRpcEngine.java:447)
org.apache.hadoop.ipc.RPC$Server.call(RPC.java:989)
org.apache.hadoop.ipc.Server$RpcCall.run(Server.java:847)
org.apache.hadoop.ipc.Server$RpcCall.run(Server.java:790)
java.security.AccessController.doPrivileged(Native Method)
javax.security.auth.Subject.doAs(Subject.java:422)
org.apache.hadoop.security.UserGroupInformation.doAs(UserGroupInformation.java:1836)
org.apache.hadoop.ipc.Server$Handler.run(Server.java:2486)
[BM][End Stack Trace][IPC Server handler 6 on 9000]
[BM][End Stack Trace][IPC Server handler 6 on 9000]
[BM][IPC Server handler 6 on 9000]ID=1,loop=0
[BM][IPC Server handler 6 on 9000]ID=0,loop=0
[BM][IPC Server handler 6 on 9000]ID=4,loop=0
[BM][IPC Server handler 6 on 9000]ID=7,16387
[BM][Start Stack Trace][IPC Server handler 6 on 9000]
[BM][Start Stack Trace][IPC Server handler 6 on 9000]
org.apache.hadoop.util.LightWeightGSet.get(LightWeightGSet.java)
org.apache.hadoop.hdfs.server.namenode.INodeMap.get(INodeMap.java:132)
org.apache.hadoop.hdfs.server.namenode.FSDirectory.getInode(FSDirectory.java:1272)
org.apache.hadoop.hdfs.server.namenode.FSDirectory.resolvePath(FSDirectory.java:564)
org.apache.hadoop.hdfs.server.namenode.FSDirWriteFileOp.storeAllocatedBlock(FSDirWriteFileOp.java:211)
org.apache.hadoop.hdfs.server.namenode.FSNamesystem.getAdditionalBlock(FSNamesystem.java:2523)
org.apache.hadoop.hdfs.server.namenode.NameNodeRpcServer.addBlock(NameNodeRpcServer.java:828)
org.apache.hadoop.hdfs.protocolPB.ClientNamenodeProtocolServerSideTranslatorPB.addBlock(ClientNamenodeProtocolServerSideTranslatorPB.java:507)
org.apache.hadoop.hdfs.protocol.proto.ClientNamenodeProtocolProtos$ClientNamenodeProtocol$2.callBlockingMethod(ClientNamenodeProtocolProtos.java)
org.apache.hadoop.ipc.ProtobufRpcEngine$Server$ProtoBufRpcInvoker.call(ProtobufRpcEngine.java:447)
org.apache.hadoop.ipc.RPC$Server.call(RPC.java:989)
org.apache.hadoop.ipc.Server$RpcCall.run(Server.java:847)
org.apache.hadoop.ipc.Server$RpcCall.run(Server.java:790)
java.security.AccessController.doPrivileged(Native Method)
javax.security.auth.Subject.doAs(Subject.java:422)
org.apache.hadoop.security.UserGroupInformation.doAs(UserGroupInformation.java:1836)
org.apache.hadoop.ipc.Server$Handler.run(Server.java:2486)
[BM][End Stack Trace][IPC Server handler 6 on 9000]
[BM][End Stack Trace][IPC Server handler 6 on 9000]
[BM][IPC Server handler 6 on 9000]ID=1,loop=0
[BM][IPC Server handler 6 on 9000]ID=0,loop=0
[BM][IPC Server handler 6 on 9000]ID=4,loop=0
[BM][IPC Server handler 6 on 9000]ID=7,16387
[BM][Start Stack Trace][IPC Server handler 6 on 9000]
[BM][Start Stack Trace][IPC Server handler 6 on 9000]
org.apache.hadoop.util.LightWeightGSet.get(LightWeightGSet.java)
org.apache.hadoop.hdfs.server.namenode.INodeMap.get(INodeMap.java:132)
org.apache.hadoop.hdfs.server.namenode.FSDirectory.getInode(FSDirectory.java:1272)
org.apache.hadoop.hdfs.server.namenode.FSNamesystem.isFileDeleted(FSNamesystem.java:5436)
org.apache.hadoop.hdfs.server.namenode.FSNamesystem.checkLease(FSNamesystem.java:2637)
org.apache.hadoop.hdfs.server.namenode.FSDirWriteFileOp.analyzeFileState(FSDirWriteFileOp.java:521)
org.apache.hadoop.hdfs.server.namenode.FSDirWriteFileOp.storeAllocatedBlock(FSDirWriteFileOp.java:212)
org.apache.hadoop.hdfs.server.namenode.FSNamesystem.getAdditionalBlock(FSNamesystem.java:2523)
org.apache.hadoop.hdfs.server.namenode.NameNodeRpcServer.addBlock(NameNodeRpcServer.java:828)
org.apache.hadoop.hdfs.protocolPB.ClientNamenodeProtocolServerSideTranslatorPB.addBlock(ClientNamenodeProtocolServerSideTranslatorPB.java:507)
org.apache.hadoop.hdfs.protocol.proto.ClientNamenodeProtocolProtos$ClientNamenodeProtocol$2.callBlockingMethod(ClientNamenodeProtocolProtos.java)
org.apache.hadoop.ipc.ProtobufRpcEngine$Server$ProtoBufRpcInvoker.call(ProtobufRpcEngine.java:447)
org.apache.hadoop.ipc.RPC$Server.call(RPC.java:989)
org.apache.hadoop.ipc.Server$RpcCall.run(Server.java:847)
org.apache.hadoop.ipc.Server$RpcCall.run(Server.java:790)
java.security.AccessController.doPrivileged(Native Method)
javax.security.auth.Subject.doAs(Subject.java:422)
org.apache.hadoop.security.UserGroupInformation.doAs(UserGroupInformation.java:1836)
org.apache.hadoop.ipc.Server$Handler.run(Server.java:2486)
[BM][End Stack Trace][IPC Server handler 6 on 9000]
[BM][End Stack Trace][IPC Server handler 6 on 9000]
[BM][IPC Server handler 6 on 9000]ID=1,loop=0
[BM][IPC Server handler 6 on 9000]ID=0,loop=0
[BM][IPC Server handler 6 on 9000]ID=4,loop=0
[BM][IPC Server handler 6 on 9000]ID=7,16387
[BM][Start Stack Trace][IPC Server handler 14 on 9000]
[BM][Start Stack Trace][IPC Server handler 14 on 9000]
org.apache.hadoop.util.LightWeightGSet.get(LightWeightGSet.java)
org.apache.hadoop.hdfs.server.namenode.INodeMap.get(INodeMap.java:132)
org.apache.hadoop.hdfs.server.namenode.FSDirectory.getInode(FSDirectory.java:1272)
org.apache.hadoop.hdfs.server.namenode.FSDirectory.resolvePath(FSDirectory.java:564)
org.apache.hadoop.hdfs.server.namenode.FSDirWriteFileOp.completeFile(FSDirWriteFileOp.java:600)
org.apache.hadoop.hdfs.server.namenode.FSNamesystem.completeFile(FSNamesystem.java:2667)
org.apache.hadoop.hdfs.server.namenode.NameNodeRpcServer.complete(NameNodeRpcServer.java:881)
org.apache.hadoop.hdfs.protocolPB.ClientNamenodeProtocolServerSideTranslatorPB.complete(ClientNamenodeProtocolServerSideTranslatorPB.java:553)
org.apache.hadoop.hdfs.protocol.proto.ClientNamenodeProtocolProtos$ClientNamenodeProtocol$2.callBlockingMethod(ClientNamenodeProtocolProtos.java)
org.apache.hadoop.ipc.ProtobufRpcEngine$Server$ProtoBufRpcInvoker.call(ProtobufRpcEngine.java:447)
org.apache.hadoop.ipc.RPC$Server.call(RPC.java:989)
org.apache.hadoop.ipc.Server$RpcCall.run(Server.java:847)
org.apache.hadoop.ipc.Server$RpcCall.run(Server.java:790)
java.security.AccessController.doPrivileged(Native Method)
javax.security.auth.Subject.doAs(Subject.java:422)
org.apache.hadoop.security.UserGroupInformation.doAs(UserGroupInformation.java:1836)
org.apache.hadoop.ipc.Server$Handler.run(Server.java:2486)
[BM][End Stack Trace][IPC Server handler 14 on 9000]
[BM][End Stack Trace][IPC Server handler 14 on 9000]
[BM][IPC Server handler 14 on 9000]ID=1,loop=0
[BM][IPC Server handler 14 on 9000]ID=0,loop=0
[BM][IPC Server handler 14 on 9000]ID=4,loop=0
[BM][IPC Server handler 14 on 9000]ID=7,16387
[BM][Start Stack Trace][IPC Server handler 14 on 9000]
[BM][Start Stack Trace][IPC Server handler 14 on 9000]
org.apache.hadoop.util.LightWeightGSet.get(LightWeightGSet.java)
org.apache.hadoop.hdfs.server.namenode.INodeMap.get(INodeMap.java:132)
org.apache.hadoop.hdfs.server.namenode.FSDirectory.getInode(FSDirectory.java:1272)
org.apache.hadoop.hdfs.server.namenode.FSNamesystem.isFileDeleted(FSNamesystem.java:5436)
org.apache.hadoop.hdfs.server.namenode.FSNamesystem.checkLease(FSNamesystem.java:2637)
org.apache.hadoop.hdfs.server.namenode.FSDirWriteFileOp.completeFileInternal(FSDirWriteFileOp.java:621)
org.apache.hadoop.hdfs.server.namenode.FSDirWriteFileOp.completeFile(FSDirWriteFileOp.java:601)
org.apache.hadoop.hdfs.server.namenode.FSNamesystem.completeFile(FSNamesystem.java:2667)
org.apache.hadoop.hdfs.server.namenode.NameNodeRpcServer.complete(NameNodeRpcServer.java:881)
org.apache.hadoop.hdfs.protocolPB.ClientNamenodeProtocolServerSideTranslatorPB.complete(ClientNamenodeProtocolServerSideTranslatorPB.java:553)
org.apache.hadoop.hdfs.protocol.proto.ClientNamenodeProtocolProtos$ClientNamenodeProtocol$2.callBlockingMethod(ClientNamenodeProtocolProtos.java)
org.apache.hadoop.ipc.ProtobufRpcEngine$Server$ProtoBufRpcInvoker.call(ProtobufRpcEngine.java:447)
org.apache.hadoop.ipc.RPC$Server.call(RPC.java:989)
org.apache.hadoop.ipc.Server$RpcCall.run(Server.java:847)
org.apache.hadoop.ipc.Server$RpcCall.run(Server.java:790)
java.security.AccessController.doPrivileged(Native Method)
javax.security.auth.Subject.doAs(Subject.java:422)
org.apache.hadoop.security.UserGroupInformation.doAs(UserGroupInformation.java:1836)
org.apache.hadoop.ipc.Server$Handler.run(Server.java:2486)
[BM][End Stack Trace][IPC Server handler 14 on 9000]
[BM][End Stack Trace][IPC Server handler 14 on 9000]
[BM][IPC Server handler 14 on 9000]ID=1,loop=0
[BM][IPC Server handler 14 on 9000]ID=0,loop=0
[BM][IPC Server handler 14 on 9000]ID=4,loop=0
[BM][IPC Server handler 14 on 9000]ID=7,16387
[BM][Start Stack Trace][462039519@qtp-375457936-0]
[BM][Start Stack Trace][462039519@qtp-375457936-0]
org.apache.hadoop.util.LightWeightGSet.get(LightWeightGSet.java)
org.apache.hadoop.hdfs.server.namenode.INodeMap.get(INodeMap.java:132)
org.apache.hadoop.hdfs.server.namenode.FSDirectory.getInode(FSDirectory.java:1272)
org.apache.hadoop.hdfs.server.namenode.FSNamesystem.getBlockCollection(FSNamesystem.java:3388)
org.apache.hadoop.hdfs.server.namenode.FSNamesystem.getBlockCollection(FSNamesystem.java:3383)
org.apache.hadoop.hdfs.server.namenode.NamenodeFsck.blockIdCK(NamenodeFsck.java:261)
org.apache.hadoop.hdfs.server.namenode.NamenodeFsck.fsck(NamenodeFsck.java:328)
org.apache.hadoop.hdfs.server.namenode.FsckServlet$1.run(FsckServlet.java:69)
java.security.AccessController.doPrivileged(Native Method)
javax.security.auth.Subject.doAs(Subject.java:422)
org.apache.hadoop.security.UserGroupInformation.doAs(UserGroupInformation.java:1836)
org.apache.hadoop.hdfs.server.namenode.FsckServlet.doGet(FsckServlet.java:58)
javax.servlet.http.HttpServlet.service(HttpServlet.java:707)
javax.servlet.http.HttpServlet.service(HttpServlet.java:820)
org.mortbay.jetty.servlet.ServletHolder.handle(ServletHolder.java:511)
org.mortbay.jetty.servlet.ServletHandler$CachedChain.doFilter(ServletHandler.java:1221)
org.apache.hadoop.http.HttpServer2$QuotingInputFilter.doFilter(HttpServer2.java:1353)
org.mortbay.jetty.servlet.ServletHandler$CachedChain.doFilter(ServletHandler.java:1212)
org.apache.hadoop.http.NoCacheFilter.doFilter(NoCacheFilter.java:45)
org.mortbay.jetty.servlet.ServletHandler$CachedChain.doFilter(ServletHandler.java:1212)
org.apache.hadoop.http.NoCacheFilter.doFilter(NoCacheFilter.java:45)
org.mortbay.jetty.servlet.ServletHandler$CachedChain.doFilter(ServletHandler.java:1212)
org.mortbay.jetty.servlet.ServletHandler.handle(ServletHandler.java:399)
org.mortbay.jetty.security.SecurityHandler.handle(SecurityHandler.java:216)
org.mortbay.jetty.servlet.SessionHandler.handle(SessionHandler.java:182)
org.mortbay.jetty.handler.ContextHandler.handle(ContextHandler.java:766)
org.mortbay.jetty.webapp.WebAppContext.handle(WebAppContext.java:450)
org.mortbay.jetty.handler.ContextHandlerCollection.handle(ContextHandlerCollection.java:230)
org.mortbay.jetty.handler.HandlerWrapper.handle(HandlerWrapper.java:152)
org.mortbay.jetty.Server.handle(Server.java:326)
org.mortbay.jetty.HttpConnection.handleRequest(HttpConnection.java:542)
org.mortbay.jetty.HttpConnection$RequestHandler.headerComplete(HttpConnection.java:928)
org.mortbay.jetty.HttpParser.parseNext(HttpParser.java:549)
org.mortbay.jetty.HttpParser.parseAvailable(HttpParser.java:212)
org.mortbay.jetty.HttpConnection.handle(HttpConnection.java:404)
org.mortbay.io.nio.SelectChannelEndPoint.run(SelectChannelEndPoint.java:410)
org.mortbay.thread.QueuedThreadPool$PoolThread.run(QueuedThreadPool.java:582)
[BM][End Stack Trace][462039519@qtp-375457936-0]
[BM][End Stack Trace][462039519@qtp-375457936-0]
[BM][462039519@qtp-375457936-0]ID=1,loop=0
[BM][462039519@qtp-375457936-0]ID=0,loop=0
[BM][462039519@qtp-375457936-0]ID=4,loop=0
[BM][462039519@qtp-375457936-0]ID=7,16387
[BM][Start Stack Trace][IPC Server handler 3 on 9000]
[BM][Start Stack Trace][IPC Server handler 3 on 9000]
org.apache.hadoop.util.LightWeightGSet.get(LightWeightGSet.java)
org.apache.hadoop.hdfs.server.namenode.INodeMap.get(INodeMap.java:132)
org.apache.hadoop.hdfs.server.namenode.FSDirectory.getInode(FSDirectory.java:1272)
org.apache.hadoop.hdfs.server.namenode.FSNamesystem.getBlockCollection(FSNamesystem.java:3388)
org.apache.hadoop.hdfs.server.namenode.FSNamesystem.getBlockCollection(FSNamesystem.java:3383)
org.apache.hadoop.hdfs.server.namenode.FSNamesystem.commitBlockSynchronization(FSNamesystem.java:3449)
org.apache.hadoop.hdfs.server.namenode.NameNodeRpcServer.commitBlockSynchronization(NameNodeRpcServer.java:932)
org.apache.hadoop.hdfs.protocolPB.DatanodeProtocolServerSideTranslatorPB.commitBlockSynchronization(DatanodeProtocolServerSideTranslatorPB.java:300)
org.apache.hadoop.hdfs.protocol.proto.DatanodeProtocolProtos$DatanodeProtocolService$2.callBlockingMethod(DatanodeProtocolProtos.java:28435)
org.apache.hadoop.ipc.ProtobufRpcEngine$Server$ProtoBufRpcInvoker.call(ProtobufRpcEngine.java:447)
org.apache.hadoop.ipc.RPC$Server.call(RPC.java:989)
org.apache.hadoop.ipc.Server$RpcCall.run(Server.java:847)
org.apache.hadoop.ipc.Server$RpcCall.run(Server.java:790)
java.security.AccessController.doPrivileged(Native Method)
javax.security.auth.Subject.doAs(Subject.java:422)
org.apache.hadoop.security.UserGroupInformation.doAs(UserGroupInformation.java:1836)
org.apache.hadoop.ipc.Server$Handler.run(Server.java:2486)
[BM][End Stack Trace][IPC Server handler 3 on 9000]
[BM][End Stack Trace][IPC Server handler 3 on 9000]
[BM][IPC Server handler 3 on 9000]ID=1,loop=0
[BM][IPC Server handler 3 on 9000]ID=0,loop=0
[BM][IPC Server handler 3 on 9000]ID=2,0
[BM][Start Stack Trace][462039519@qtp-375457936-0]
[BM][Start Stack Trace][462039519@qtp-375457936-0]
org.apache.hadoop.util.LightWeightGSet.get(LightWeightGSet.java)
org.apache.hadoop.hdfs.server.namenode.INodeMap.get(INodeMap.java:132)
org.apache.hadoop.hdfs.server.namenode.FSDirectory.getInode(FSDirectory.java:1272)
org.apache.hadoop.hdfs.server.namenode.FSNamesystem.getBlockCollection(FSNamesystem.java:3388)
org.apache.hadoop.hdfs.server.namenode.FSNamesystem.getBlockCollection(FSNamesystem.java:3383)
org.apache.hadoop.hdfs.server.namenode.NamenodeFsck.blockIdCK(NamenodeFsck.java:261)
org.apache.hadoop.hdfs.server.namenode.NamenodeFsck.fsck(NamenodeFsck.java:328)
org.apache.hadoop.hdfs.server.namenode.FsckServlet$1.run(FsckServlet.java:69)
java.security.AccessController.doPrivileged(Native Method)
javax.security.auth.Subject.doAs(Subject.java:422)
org.apache.hadoop.security.UserGroupInformation.doAs(UserGroupInformation.java:1836)
org.apache.hadoop.hdfs.server.namenode.FsckServlet.doGet(FsckServlet.java:58)
javax.servlet.http.HttpServlet.service(HttpServlet.java:707)
javax.servlet.http.HttpServlet.service(HttpServlet.java:820)
org.mortbay.jetty.servlet.ServletHolder.handle(ServletHolder.java:511)
org.mortbay.jetty.servlet.ServletHandler$CachedChain.doFilter(ServletHandler.java:1221)
org.apache.hadoop.http.HttpServer2$QuotingInputFilter.doFilter(HttpServer2.java:1353)
org.mortbay.jetty.servlet.ServletHandler$CachedChain.doFilter(ServletHandler.java:1212)
org.apache.hadoop.http.NoCacheFilter.doFilter(NoCacheFilter.java:45)
org.mortbay.jetty.servlet.ServletHandler$CachedChain.doFilter(ServletHandler.java:1212)
org.apache.hadoop.http.NoCacheFilter.doFilter(NoCacheFilter.java:45)
org.mortbay.jetty.servlet.ServletHandler$CachedChain.doFilter(ServletHandler.java:1212)
org.mortbay.jetty.servlet.ServletHandler.handle(ServletHandler.java:399)
org.mortbay.jetty.security.SecurityHandler.handle(SecurityHandler.java:216)
org.mortbay.jetty.servlet.SessionHandler.handle(SessionHandler.java:182)
org.mortbay.jetty.handler.ContextHandler.handle(ContextHandler.java:766)
org.mortbay.jetty.webapp.WebAppContext.handle(WebAppContext.java:450)
org.mortbay.jetty.handler.ContextHandlerCollection.handle(ContextHandlerCollection.java:230)
org.mortbay.jetty.handler.HandlerWrapper.handle(HandlerWrapper.java:152)
org.mortbay.jetty.Server.handle(Server.java:326)
org.mortbay.jetty.HttpConnection.handleRequest(HttpConnection.java:542)
org.mortbay.jetty.HttpConnection$RequestHandler.headerComplete(HttpConnection.java:928)
org.mortbay.jetty.HttpParser.parseNext(HttpParser.java:549)
org.mortbay.jetty.HttpParser.parseAvailable(HttpParser.java:212)
org.mortbay.jetty.HttpConnection.handle(HttpConnection.java:404)
org.mortbay.io.nio.SelectChannelEndPoint.run(SelectChannelEndPoint.java:410)
org.mortbay.thread.QueuedThreadPool$PoolThread.run(QueuedThreadPool.java:582)
[BM][End Stack Trace][462039519@qtp-375457936-0]
[BM][End Stack Trace][462039519@qtp-375457936-0]
[BM][462039519@qtp-375457936-0]ID=1,loop=0
[BM][462039519@qtp-375457936-0]ID=0,loop=0
[BM][462039519@qtp-375457936-0]ID=2,0
[BM][462039519@qtp-375457936-0]ID=99
